[2023-12-30T14:55:32.439+0000] {taskinstance.py:1165} INFO - Dependencies all met for <TaskInstance: dbt_model.run_dbt_gold_models scheduled__2022-09-10T00:00:00+00:00 [queued]>
[2023-12-30T14:55:32.454+0000] {taskinstance.py:1165} INFO - Dependencies all met for <TaskInstance: dbt_model.run_dbt_gold_models scheduled__2022-09-10T00:00:00+00:00 [queued]>
[2023-12-30T14:55:32.455+0000] {taskinstance.py:1362} INFO - 
--------------------------------------------------------------------------------
[2023-12-30T14:55:32.455+0000] {taskinstance.py:1363} INFO - Starting attempt 1 of 6
[2023-12-30T14:55:32.455+0000] {taskinstance.py:1364} INFO - 
--------------------------------------------------------------------------------
[2023-12-30T14:55:32.474+0000] {taskinstance.py:1383} INFO - Executing <Task(BashOperator): run_dbt_gold_models> on 2022-09-10 00:00:00+00:00
[2023-12-30T14:55:32.482+0000] {standard_task_runner.py:55} INFO - Started process 17959 to run task
[2023-12-30T14:55:32.486+0000] {standard_task_runner.py:82} INFO - Running: ['***', 'tasks', 'run', 'dbt_model', 'run_dbt_gold_models', 'scheduled__2022-09-10T00:00:00+00:00', '--job-id', '152', '--raw', '--subdir', 'DAGS_FOLDER/run_dbt._models.py', '--cfg-path', '/tmp/tmpknz10s2r']
[2023-12-30T14:55:32.486+0000] {standard_task_runner.py:83} INFO - Job 152: Subtask run_dbt_gold_models
[2023-12-30T14:55:32.554+0000] {task_command.py:376} INFO - Running <TaskInstance: dbt_model.run_dbt_gold_models scheduled__2022-09-10T00:00:00+00:00 [running]> on host 683423f116e7
[2023-12-30T14:55:32.622+0000] {taskinstance.py:1592} INFO - Exporting the following env vars:
AIRFLOW_CTX_DAG_OWNER=alonso_md
AIRFLOW_CTX_DAG_ID=dbt_model
AIRFLOW_CTX_TASK_ID=run_dbt_gold_models
AIRFLOW_CTX_EXECUTION_DATE=2022-09-10T00:00:00+00:00
AIRFLOW_CTX_TRY_NUMBER=1
AIRFLOW_CTX_DAG_RUN_ID=scheduled__2022-09-10T00:00:00+00:00
[2023-12-30T14:55:32.623+0000] {subprocess.py:63} INFO - Tmp dir root location: 
 /tmp
[2023-12-30T14:55:32.624+0000] {subprocess.py:75} INFO - Running command: ['/bin/bash', '-c', "    dbt run     --profiles-dir //opt/***/dags/../dbt/     --project-dir ///opt/***/dags/../dbt//dwh     --target prod_*** --vars '{ target_date: 2022-09-10 }' --select gold"]
[2023-12-30T14:55:32.632+0000] {subprocess.py:86} INFO - Output:
[2023-12-30T14:55:34.590+0000] {subprocess.py:93} INFO - [0m14:55:34  Running with dbt=1.4.6
[2023-12-30T14:55:34.809+0000] {subprocess.py:93} INFO - [0m14:55:34  Found 8 models, 15 tests, 0 snapshots, 0 analyses, 703 macros, 0 operations, 0 seed files, 3 sources, 0 exposures, 0 metrics
[2023-12-30T14:55:34.817+0000] {subprocess.py:93} INFO - [0m14:55:34
[2023-12-30T14:55:35.002+0000] {subprocess.py:93} INFO - [0m14:55:35  Concurrency: 4 threads (target='prod_***')
[2023-12-30T14:55:35.003+0000] {subprocess.py:93} INFO - [0m14:55:35
[2023-12-30T14:55:35.020+0000] {subprocess.py:93} INFO - [0m14:55:35  1 of 2 START sql incremental model gold.loan_transactions_w_drivers ............ [RUN]
[2023-12-30T14:55:35.165+0000] {subprocess.py:93} INFO - [0m14:55:35  1 of 2 OK created sql incremental model gold.loan_transactions_w_drivers ....... [[32mSELECT 9613[0m in 0.14s]
[2023-12-30T14:55:35.168+0000] {subprocess.py:93} INFO - [0m14:55:35  2 of 2 START sql incremental model gold.agg_loan_transactions .................. [RUN]
[2023-12-30T14:55:35.220+0000] {subprocess.py:93} INFO - [0m14:55:35  2 of 2 OK created sql incremental model gold.agg_loan_transactions ............. [[32mSELECT 126[0m in 0.05s]
[2023-12-30T14:55:35.331+0000] {subprocess.py:93} INFO - [0m14:55:35
[2023-12-30T14:55:35.332+0000] {subprocess.py:93} INFO - [0m14:55:35  Finished running 2 incremental models in 0 hours 0 minutes and 0.51 seconds (0.51s).
[2023-12-30T14:55:35.342+0000] {subprocess.py:93} INFO - [0m14:55:35
[2023-12-30T14:55:35.342+0000] {subprocess.py:93} INFO - [0m14:55:35  [32mCompleted successfully[0m
[2023-12-30T14:55:35.343+0000] {subprocess.py:93} INFO - [0m14:55:35
[2023-12-30T14:55:35.343+0000] {subprocess.py:93} INFO - [0m14:55:35  Done. PASS=2 WARN=0 ERROR=0 SKIP=0 TOTAL=2
[2023-12-30T14:55:36.140+0000] {subprocess.py:97} INFO - Command exited with return code 0
[2023-12-30T14:55:36.171+0000] {taskinstance.py:1406} INFO - Marking task as SUCCESS. dag_id=dbt_model, task_id=run_dbt_gold_models, execution_date=20220910T000000, start_date=20231230T145532, end_date=20231230T145536
[2023-12-30T14:55:36.193+0000] {local_task_job.py:164} INFO - Task exited with return code 0
[2023-12-30T14:55:36.224+0000] {local_task_job.py:273} INFO - 1 downstream tasks scheduled from follow-on schedule check
