[2023-12-30T14:56:18.999+0000] {taskinstance.py:1165} INFO - Dependencies all met for <TaskInstance: dbt_model.copy_dbt_target_files_to_s3 scheduled__2022-09-11T00:00:00+00:00 [queued]>
[2023-12-30T14:56:19.009+0000] {taskinstance.py:1165} INFO - Dependencies all met for <TaskInstance: dbt_model.copy_dbt_target_files_to_s3 scheduled__2022-09-11T00:00:00+00:00 [queued]>
[2023-12-30T14:56:19.009+0000] {taskinstance.py:1362} INFO - 
--------------------------------------------------------------------------------
[2023-12-30T14:56:19.009+0000] {taskinstance.py:1363} INFO - Starting attempt 1 of 6
[2023-12-30T14:56:19.010+0000] {taskinstance.py:1364} INFO - 
--------------------------------------------------------------------------------
[2023-12-30T14:56:19.020+0000] {taskinstance.py:1383} INFO - Executing <Task(_PythonDecoratedOperator): copy_dbt_target_files_to_s3> on 2022-09-11 00:00:00+00:00
[2023-12-30T14:56:19.026+0000] {standard_task_runner.py:55} INFO - Started process 18162 to run task
[2023-12-30T14:56:19.029+0000] {standard_task_runner.py:82} INFO - Running: ['***', 'tasks', 'run', 'dbt_model', 'copy_dbt_target_files_to_s3', 'scheduled__2022-09-11T00:00:00+00:00', '--job-id', '159', '--raw', '--subdir', 'DAGS_FOLDER/run_dbt._models.py', '--cfg-path', '/tmp/tmpnfqxelkj']
[2023-12-30T14:56:19.029+0000] {standard_task_runner.py:83} INFO - Job 159: Subtask copy_dbt_target_files_to_s3
[2023-12-30T14:56:19.080+0000] {task_command.py:376} INFO - Running <TaskInstance: dbt_model.copy_dbt_target_files_to_s3 scheduled__2022-09-11T00:00:00+00:00 [running]> on host 683423f116e7
[2023-12-30T14:56:19.132+0000] {taskinstance.py:1592} INFO - Exporting the following env vars:
AIRFLOW_CTX_DAG_OWNER=alonso_md
AIRFLOW_CTX_DAG_ID=dbt_model
AIRFLOW_CTX_TASK_ID=copy_dbt_target_files_to_s3
AIRFLOW_CTX_EXECUTION_DATE=2022-09-11T00:00:00+00:00
AIRFLOW_CTX_TRY_NUMBER=1
AIRFLOW_CTX_DAG_RUN_ID=scheduled__2022-09-11T00:00:00+00:00
[2023-12-30T14:56:19.139+0000] {base.py:71} INFO - Using connection ID 'aws_default' for task execution.
[2023-12-30T14:56:19.139+0000] {connection_wrapper.py:340} INFO - AWS Connection (conn_id='aws_default', conn_type='aws') credentials retrieved from extra.
[2023-12-30T14:56:19.521+0000] {python.py:177} INFO - Done. Returned value was: None
[2023-12-30T14:56:19.528+0000] {taskinstance.py:1406} INFO - Marking task as SUCCESS. dag_id=dbt_model, task_id=copy_dbt_target_files_to_s3, execution_date=20220911T000000, start_date=20231230T145619, end_date=20231230T145619
[2023-12-30T14:56:19.562+0000] {local_task_job.py:164} INFO - Task exited with return code 0
[2023-12-30T14:56:19.587+0000] {local_task_job.py:273} INFO - 1 downstream tasks scheduled from follow-on schedule check
