[2023-12-30T09:10:39.869+0000] {taskinstance.py:1165} INFO - Dependencies all met for <TaskInstance: upload_data_to_s3.copy_csv_files_to_s3 scheduled__2022-09-10T00:00:00+00:00 [queued]>
[2023-12-30T09:10:39.877+0000] {taskinstance.py:1165} INFO - Dependencies all met for <TaskInstance: upload_data_to_s3.copy_csv_files_to_s3 scheduled__2022-09-10T00:00:00+00:00 [queued]>
[2023-12-30T09:10:39.877+0000] {taskinstance.py:1362} INFO - 
--------------------------------------------------------------------------------
[2023-12-30T09:10:39.877+0000] {taskinstance.py:1363} INFO - Starting attempt 1 of 6
[2023-12-30T09:10:39.877+0000] {taskinstance.py:1364} INFO - 
--------------------------------------------------------------------------------
[2023-12-30T09:10:39.887+0000] {taskinstance.py:1383} INFO - Executing <Task(_PythonDecoratedOperator): copy_csv_files_to_s3> on 2022-09-10 00:00:00+00:00
[2023-12-30T09:10:39.891+0000] {standard_task_runner.py:55} INFO - Started process 412 to run task
[2023-12-30T09:10:39.893+0000] {standard_task_runner.py:82} INFO - Running: ['***', 'tasks', 'run', 'upload_data_to_s3', 'copy_csv_files_to_s3', 'scheduled__2022-09-10T00:00:00+00:00', '--job-id', '106', '--raw', '--subdir', 'DAGS_FOLDER/upload_data_to_s3.py', '--cfg-path', '/tmp/tmptex1gv2q']
[2023-12-30T09:10:39.894+0000] {standard_task_runner.py:83} INFO - Job 106: Subtask copy_csv_files_to_s3
[2023-12-30T09:10:39.935+0000] {task_command.py:376} INFO - Running <TaskInstance: upload_data_to_s3.copy_csv_files_to_s3 scheduled__2022-09-10T00:00:00+00:00 [running]> on host 683423f116e7
[2023-12-30T09:10:39.985+0000] {taskinstance.py:1592} INFO - Exporting the following env vars:
AIRFLOW_CTX_DAG_OWNER=alonso_md
AIRFLOW_CTX_DAG_ID=upload_data_to_s3
AIRFLOW_CTX_TASK_ID=copy_csv_files_to_s3
AIRFLOW_CTX_EXECUTION_DATE=2022-09-10T00:00:00+00:00
AIRFLOW_CTX_TRY_NUMBER=1
AIRFLOW_CTX_DAG_RUN_ID=scheduled__2022-09-10T00:00:00+00:00
[2023-12-30T09:10:39.993+0000] {base.py:71} INFO - Using connection ID 'aws_default' for task execution.
[2023-12-30T09:10:39.994+0000] {connection_wrapper.py:340} INFO - AWS Connection (conn_id='aws_default', conn_type='aws') credentials retrieved from extra.
[2023-12-30T09:10:40.700+0000] {python.py:177} INFO - Done. Returned value was: None
[2023-12-30T09:10:40.707+0000] {taskinstance.py:1406} INFO - Marking task as SUCCESS. dag_id=upload_data_to_s3, task_id=copy_csv_files_to_s3, execution_date=20220910T000000, start_date=20231230T091039, end_date=20231230T091040
[2023-12-30T09:10:40.747+0000] {local_task_job.py:164} INFO - Task exited with return code 0
[2023-12-30T09:10:40.771+0000] {local_task_job.py:273} INFO - 1 downstream tasks scheduled from follow-on schedule check
[2023-12-30T14:28:23.208+0000] {taskinstance.py:1165} INFO - Dependencies all met for <TaskInstance: upload_data_to_s3.copy_csv_files_to_s3 scheduled__2022-09-10T00:00:00+00:00 [queued]>
[2023-12-30T14:28:23.221+0000] {taskinstance.py:1165} INFO - Dependencies all met for <TaskInstance: upload_data_to_s3.copy_csv_files_to_s3 scheduled__2022-09-10T00:00:00+00:00 [queued]>
[2023-12-30T14:28:23.221+0000] {taskinstance.py:1362} INFO - 
--------------------------------------------------------------------------------
[2023-12-30T14:28:23.221+0000] {taskinstance.py:1363} INFO - Starting attempt 1 of 6
[2023-12-30T14:28:23.221+0000] {taskinstance.py:1364} INFO - 
--------------------------------------------------------------------------------
[2023-12-30T14:28:23.245+0000] {taskinstance.py:1383} INFO - Executing <Task(_PythonDecoratedOperator): copy_csv_files_to_s3> on 2022-09-10 00:00:00+00:00
[2023-12-30T14:28:23.256+0000] {standard_task_runner.py:55} INFO - Started process 16649 to run task
[2023-12-30T14:28:23.260+0000] {standard_task_runner.py:82} INFO - Running: ['***', 'tasks', 'run', 'upload_data_to_s3', 'copy_csv_files_to_s3', 'scheduled__2022-09-10T00:00:00+00:00', '--job-id', '142', '--raw', '--subdir', 'DAGS_FOLDER/upload_data_to_s3.py', '--cfg-path', '/tmp/tmpruqp87vc']
[2023-12-30T14:28:23.260+0000] {standard_task_runner.py:83} INFO - Job 142: Subtask copy_csv_files_to_s3
[2023-12-30T14:28:23.317+0000] {task_command.py:376} INFO - Running <TaskInstance: upload_data_to_s3.copy_csv_files_to_s3 scheduled__2022-09-10T00:00:00+00:00 [running]> on host 683423f116e7
[2023-12-30T14:28:23.372+0000] {taskinstance.py:1592} INFO - Exporting the following env vars:
AIRFLOW_CTX_DAG_OWNER=alonso_md
AIRFLOW_CTX_DAG_ID=upload_data_to_s3
AIRFLOW_CTX_TASK_ID=copy_csv_files_to_s3
AIRFLOW_CTX_EXECUTION_DATE=2022-09-10T00:00:00+00:00
AIRFLOW_CTX_TRY_NUMBER=1
AIRFLOW_CTX_DAG_RUN_ID=scheduled__2022-09-10T00:00:00+00:00
[2023-12-30T14:28:23.380+0000] {base.py:71} INFO - Using connection ID 'aws_default' for task execution.
[2023-12-30T14:28:23.381+0000] {connection_wrapper.py:340} INFO - AWS Connection (conn_id='aws_default', conn_type='aws') credentials retrieved from extra.
[2023-12-30T14:28:24.520+0000] {python.py:177} INFO - Done. Returned value was: None
[2023-12-30T14:28:24.527+0000] {taskinstance.py:1406} INFO - Marking task as SUCCESS. dag_id=upload_data_to_s3, task_id=copy_csv_files_to_s3, execution_date=20220910T000000, start_date=20231230T142823, end_date=20231230T142824
[2023-12-30T14:28:24.557+0000] {local_task_job.py:164} INFO - Task exited with return code 0
[2023-12-30T14:28:24.576+0000] {local_task_job.py:273} INFO - 1 downstream tasks scheduled from follow-on schedule check
