[2023-12-30T15:22:59.311+0000] {taskinstance.py:1165} INFO - Dependencies all met for <TaskInstance: run_dbt_model_cosmos.dbt_dwh_project.loan_transactions_w_drivers.loan_transactions_w_drivers_run scheduled__2022-09-11T00:00:00+00:00 [queued]>
[2023-12-30T15:22:59.321+0000] {taskinstance.py:1165} INFO - Dependencies all met for <TaskInstance: run_dbt_model_cosmos.dbt_dwh_project.loan_transactions_w_drivers.loan_transactions_w_drivers_run scheduled__2022-09-11T00:00:00+00:00 [queued]>
[2023-12-30T15:22:59.321+0000] {taskinstance.py:1362} INFO - 
--------------------------------------------------------------------------------
[2023-12-30T15:22:59.322+0000] {taskinstance.py:1363} INFO - Starting attempt 1 of 6
[2023-12-30T15:22:59.322+0000] {taskinstance.py:1364} INFO - 
--------------------------------------------------------------------------------
[2023-12-30T15:22:59.333+0000] {taskinstance.py:1383} INFO - Executing <Task(DbtRunLocalOperator): dbt_dwh_project.loan_transactions_w_drivers.loan_transactions_w_drivers_run> on 2022-09-11 00:00:00+00:00
[2023-12-30T15:22:59.338+0000] {standard_task_runner.py:55} INFO - Started process 20425 to run task
[2023-12-30T15:22:59.341+0000] {standard_task_runner.py:82} INFO - Running: ['***', 'tasks', 'run', 'run_dbt_model_cosmos', 'dbt_dwh_project.loan_transactions_w_drivers.loan_transactions_w_drivers_run', 'scheduled__2022-09-11T00:00:00+00:00', '--job-id', '208', '--raw', '--subdir', 'DAGS_FOLDER/run_dbt_models_cosmos.py', '--cfg-path', '/tmp/tmpdq2ckfiw']
[2023-12-30T15:22:59.342+0000] {standard_task_runner.py:83} INFO - Job 208: Subtask dbt_dwh_project.loan_transactions_w_drivers.loan_transactions_w_drivers_run
[2023-12-30T15:22:59.395+0000] {task_command.py:376} INFO - Running <TaskInstance: run_dbt_model_cosmos.dbt_dwh_project.loan_transactions_w_drivers.loan_transactions_w_drivers_run scheduled__2022-09-11T00:00:00+00:00 [running]> on host 683423f116e7
[2023-12-30T15:22:59.453+0000] {taskinstance.py:1592} INFO - Exporting the following env vars:
AIRFLOW_CTX_DAG_OWNER=alonso_md
AIRFLOW_CTX_DAG_ID=run_dbt_model_cosmos
AIRFLOW_CTX_TASK_ID=dbt_dwh_project.loan_transactions_w_drivers.loan_transactions_w_drivers_run
AIRFLOW_CTX_EXECUTION_DATE=2022-09-11T00:00:00+00:00
AIRFLOW_CTX_TRY_NUMBER=1
AIRFLOW_CTX_DAG_RUN_ID=scheduled__2022-09-11T00:00:00+00:00
[2023-12-30T15:22:59.460+0000] {base.py:71} INFO - Using connection ID 'postgres_default' for task execution.
[2023-12-30T15:22:59.461+0000] {local.py:136} INFO - Cloning project to writable temp directory /tmp/tmp77kjubpa from //opt/airflow/dags/../dbt/dwh
[2023-12-30T15:22:59.496+0000] {local.py:157} INFO - Trying to run the command:
 ['dbt', 'run', '--vars', '{"target_date": "2022-09-11"}', '--models', 'loan_transactions_w_drivers', '--profile', 'postgres_profile']
From /tmp/tmp77kjubpa/dbt_project
[2023-12-30T15:22:59.496+0000] {adapted_subprocesshook.py:53} INFO - Tmp dir root location: 
 /tmp
[2023-12-30T15:22:59.496+0000] {adapted_subprocesshook.py:66} INFO - Running command: ['dbt', 'run', '--vars', '{"target_date": "2022-09-11"}', '--models', 'loan_transactions_w_drivers', '--profile', 'postgres_profile']
[2023-12-30T15:22:59.507+0000] {adapted_subprocesshook.py:77} INFO - Output:
[2023-12-30T15:23:01.317+0000] {adapted_subprocesshook.py:87} INFO - [0m15:23:01  Running with dbt=1.4.6
[2023-12-30T15:23:01.374+0000] {adapted_subprocesshook.py:87} INFO - [0m15:23:01  Unable to do partial parsing because config vars, config profile, or config target have changed
[2023-12-30T15:23:01.375+0000] {adapted_subprocesshook.py:87} INFO - [0m15:23:01  Unable to do partial parsing because profile has changed
[2023-12-30T15:23:01.375+0000] {adapted_subprocesshook.py:87} INFO - [0m15:23:01  Unable to do partial parsing because env vars used in profiles.yml have changed
[2023-12-30T15:23:02.913+0000] {adapted_subprocesshook.py:87} INFO - [0m15:23:02  Found 8 models, 15 tests, 0 snapshots, 0 analyses, 703 macros, 0 operations, 0 seed files, 3 sources, 0 exposures, 0 metrics
[2023-12-30T15:23:02.914+0000] {adapted_subprocesshook.py:87} INFO - [0m15:23:02
[2023-12-30T15:23:03.037+0000] {adapted_subprocesshook.py:87} INFO - [0m15:23:03  Concurrency: 1 threads (target='dev')
[2023-12-30T15:23:03.038+0000] {adapted_subprocesshook.py:87} INFO - [0m15:23:03
[2023-12-30T15:23:03.043+0000] {adapted_subprocesshook.py:87} INFO - [0m15:23:03  1 of 1 START sql incremental model gold.loan_transactions_w_drivers ............ [RUN]
[2023-12-30T15:23:03.256+0000] {adapted_subprocesshook.py:87} INFO - [0m15:23:03  1 of 1 OK created sql incremental model gold.loan_transactions_w_drivers ....... [[32mINSERT 0 9440[0m in 0.21s]
[2023-12-30T15:23:03.353+0000] {adapted_subprocesshook.py:87} INFO - [0m15:23:03
[2023-12-30T15:23:03.353+0000] {adapted_subprocesshook.py:87} INFO - [0m15:23:03  Finished running 1 incremental model in 0 hours 0 minutes and 0.44 seconds (0.44s).
[2023-12-30T15:23:03.366+0000] {adapted_subprocesshook.py:87} INFO - [0m15:23:03
[2023-12-30T15:23:03.366+0000] {adapted_subprocesshook.py:87} INFO - [0m15:23:03  [32mCompleted successfully[0m
[2023-12-30T15:23:03.367+0000] {adapted_subprocesshook.py:87} INFO - [0m15:23:03
[2023-12-30T15:23:03.367+0000] {adapted_subprocesshook.py:87} INFO - [0m15:23:03  Done. PASS=1 WARN=0 ERROR=0 SKIP=0 TOTAL=1
[2023-12-30T15:23:04.292+0000] {adapted_subprocesshook.py:91} INFO - Command exited with return code 0
[2023-12-30T15:23:04.333+0000] {taskinstance.py:1406} INFO - Marking task as SUCCESS. dag_id=run_dbt_model_cosmos, task_id=dbt_***_project.loan_transactions_w_drivers.loan_transactions_w_drivers_run, execution_date=20220911T000000, start_date=20231230T152259, end_date=20231230T152304
[2023-12-30T15:23:04.379+0000] {local_task_job.py:164} INFO - Task exited with return code 0
[2023-12-30T15:23:04.427+0000] {local_task_job.py:273} INFO - 1 downstream tasks scheduled from follow-on schedule check
