[2023-12-30T15:21:32.386+0000] {taskinstance.py:1165} INFO - Dependencies all met for <TaskInstance: import_soccer_teams_data.create_ODS_schema scheduled__2023-12-29T00:00:00+00:00 [queued]>
[2023-12-30T15:21:32.398+0000] {taskinstance.py:1165} INFO - Dependencies all met for <TaskInstance: import_soccer_teams_data.create_ODS_schema scheduled__2023-12-29T00:00:00+00:00 [queued]>
[2023-12-30T15:21:32.398+0000] {taskinstance.py:1362} INFO - 
--------------------------------------------------------------------------------
[2023-12-30T15:21:32.399+0000] {taskinstance.py:1363} INFO - Starting attempt 1 of 1
[2023-12-30T15:21:32.399+0000] {taskinstance.py:1364} INFO - 
--------------------------------------------------------------------------------
[2023-12-30T15:21:32.415+0000] {taskinstance.py:1383} INFO - Executing <Task(PostgresOperator): create_ODS_schema> on 2023-12-29 00:00:00+00:00
[2023-12-30T15:21:32.420+0000] {standard_task_runner.py:55} INFO - Started process 19456 to run task
[2023-12-30T15:21:32.424+0000] {standard_task_runner.py:82} INFO - Running: ['***', 'tasks', 'run', 'import_soccer_teams_data', 'create_ODS_schema', 'scheduled__2023-12-29T00:00:00+00:00', '--job-id', '165', '--raw', '--subdir', 'DAGS_FOLDER/import_soccer_teams_data.py', '--cfg-path', '/tmp/tmpsyiyizhz']
[2023-12-30T15:21:32.425+0000] {standard_task_runner.py:83} INFO - Job 165: Subtask create_ODS_schema
[2023-12-30T15:21:32.487+0000] {task_command.py:376} INFO - Running <TaskInstance: import_soccer_teams_data.create_ODS_schema scheduled__2023-12-29T00:00:00+00:00 [running]> on host 683423f116e7
[2023-12-30T15:21:32.558+0000] {taskinstance.py:1592} INFO - Exporting the following env vars:
AIRFLOW_CTX_DAG_OWNER=***
AIRFLOW_CTX_DAG_ID=import_soccer_teams_data
AIRFLOW_CTX_TASK_ID=create_ODS_schema
AIRFLOW_CTX_EXECUTION_DATE=2023-12-29T00:00:00+00:00
AIRFLOW_CTX_TRY_NUMBER=1
AIRFLOW_CTX_DAG_RUN_ID=scheduled__2023-12-29T00:00:00+00:00
[2023-12-30T15:21:32.569+0000] {base.py:71} INFO - Using connection ID 'postgres_default' for task execution.
[2023-12-30T15:21:32.573+0000] {sql.py:375} INFO - Running statement: Composed([SQL('SET '), Identifier('search_path'), SQL(' TO %(search_path)s;')]), parameters: {'search_path': 'public'}
[2023-12-30T15:21:32.574+0000] {sql.py:375} INFO - Running statement: SQL('\n            CREATE SCHEMA IF NOT EXISTS ods;\n        '), parameters: {'search_path': 'public'}
[2023-12-30T15:21:32.586+0000] {taskinstance.py:1406} INFO - Marking task as SUCCESS. dag_id=import_soccer_teams_data, task_id=create_ODS_schema, execution_date=20231229T000000, start_date=20231230T152132, end_date=20231230T152132
[2023-12-30T15:21:32.641+0000] {local_task_job.py:164} INFO - Task exited with return code 0
[2023-12-30T15:21:32.672+0000] {local_task_job.py:273} INFO - 1 downstream tasks scheduled from follow-on schedule check
