[2023-12-30T11:30:41.399+0000] {taskinstance.py:1165} INFO - Dependencies all met for <TaskInstance: dbt_model.run_dbt_bronze_models scheduled__2022-09-11T00:00:00+00:00 [queued]>
[2023-12-30T11:30:41.408+0000] {taskinstance.py:1165} INFO - Dependencies all met for <TaskInstance: dbt_model.run_dbt_bronze_models scheduled__2022-09-11T00:00:00+00:00 [queued]>
[2023-12-30T11:30:41.408+0000] {taskinstance.py:1362} INFO - 
--------------------------------------------------------------------------------
[2023-12-30T11:30:41.408+0000] {taskinstance.py:1363} INFO - Starting attempt 1 of 6
[2023-12-30T11:30:41.408+0000] {taskinstance.py:1364} INFO - 
--------------------------------------------------------------------------------
[2023-12-30T11:30:41.420+0000] {taskinstance.py:1383} INFO - Executing <Task(BashOperator): run_dbt_bronze_models> on 2022-09-11 00:00:00+00:00
[2023-12-30T11:30:41.424+0000] {standard_task_runner.py:55} INFO - Started process 7655 to run task
[2023-12-30T11:30:41.427+0000] {standard_task_runner.py:82} INFO - Running: ['***', 'tasks', 'run', 'dbt_model', 'run_dbt_bronze_models', 'scheduled__2022-09-11T00:00:00+00:00', '--job-id', '126', '--raw', '--subdir', 'DAGS_FOLDER/run_dbt._models.py', '--cfg-path', '/tmp/tmpx8x6z8f0']
[2023-12-30T11:30:41.427+0000] {standard_task_runner.py:83} INFO - Job 126: Subtask run_dbt_bronze_models
[2023-12-30T11:30:41.470+0000] {task_command.py:376} INFO - Running <TaskInstance: dbt_model.run_dbt_bronze_models scheduled__2022-09-11T00:00:00+00:00 [running]> on host 683423f116e7
[2023-12-30T11:30:41.518+0000] {taskinstance.py:1592} INFO - Exporting the following env vars:
AIRFLOW_CTX_DAG_OWNER=alonso_md
AIRFLOW_CTX_DAG_ID=dbt_model
AIRFLOW_CTX_TASK_ID=run_dbt_bronze_models
AIRFLOW_CTX_EXECUTION_DATE=2022-09-11T00:00:00+00:00
AIRFLOW_CTX_TRY_NUMBER=1
AIRFLOW_CTX_DAG_RUN_ID=scheduled__2022-09-11T00:00:00+00:00
[2023-12-30T11:30:41.519+0000] {subprocess.py:63} INFO - Tmp dir root location: 
 /tmp
[2023-12-30T11:30:41.520+0000] {subprocess.py:75} INFO - Running command: ['/bin/bash', '-c', "    dbt run     --profiles-dir //opt/***/dags/../dbt/     --project-dir ///opt/***/dags/../dbt//dwh     --target prod_*** --vars '{ target_date: 2022-09-11 }' --select bronze"]
[2023-12-30T11:30:41.527+0000] {subprocess.py:86} INFO - Output:
[2023-12-30T11:30:43.067+0000] {subprocess.py:93} INFO - [0m11:30:43  Running with dbt=1.4.6
[2023-12-30T11:30:43.114+0000] {subprocess.py:93} INFO - [0m11:30:43  Unable to do partial parsing because config vars, config profile, or config target have changed
[2023-12-30T11:30:44.441+0000] {subprocess.py:93} INFO - [0m11:30:44  Found 8 models, 15 tests, 0 snapshots, 0 analyses, 703 macros, 0 operations, 0 seed files, 3 sources, 0 exposures, 0 metrics
[2023-12-30T11:30:44.443+0000] {subprocess.py:93} INFO - [0m11:30:44
[2023-12-30T11:30:44.530+0000] {subprocess.py:93} INFO - [0m11:30:44  Concurrency: 4 threads (target='prod_***')
[2023-12-30T11:30:44.530+0000] {subprocess.py:93} INFO - [0m11:30:44
[2023-12-30T11:30:44.535+0000] {subprocess.py:93} INFO - [0m11:30:44  1 of 3 START sql view model bronze.raw_daily_customer_cdc ...................... [RUN]
[2023-12-30T11:30:44.536+0000] {subprocess.py:93} INFO - [0m11:30:44  2 of 3 START sql view model bronze.raw_daily_customer_drivers .................. [RUN]
[2023-12-30T11:30:44.541+0000] {subprocess.py:93} INFO - [0m11:30:44  3 of 3 START sql view model bronze.raw_daily_loan_transactions ................. [RUN]
[2023-12-30T11:30:44.656+0000] {subprocess.py:93} INFO - [0m11:30:44  1 of 3 OK created sql view model bronze.raw_daily_customer_cdc ................. [[32mCREATE VIEW[0m in 0.12s]
[2023-12-30T11:30:44.659+0000] {subprocess.py:93} INFO - [0m11:30:44  2 of 3 OK created sql view model bronze.raw_daily_customer_drivers ............. [[32mCREATE VIEW[0m in 0.12s]
[2023-12-30T11:30:44.662+0000] {subprocess.py:93} INFO - [0m11:30:44  3 of 3 OK created sql view model bronze.raw_daily_loan_transactions ............ [[32mCREATE VIEW[0m in 0.12s]
[2023-12-30T11:30:44.749+0000] {subprocess.py:93} INFO - [0m11:30:44
[2023-12-30T11:30:44.749+0000] {subprocess.py:93} INFO - [0m11:30:44  Finished running 3 view models in 0 hours 0 minutes and 0.31 seconds (0.31s).
[2023-12-30T11:30:44.764+0000] {subprocess.py:93} INFO - [0m11:30:44
[2023-12-30T11:30:44.765+0000] {subprocess.py:93} INFO - [0m11:30:44  [32mCompleted successfully[0m
[2023-12-30T11:30:44.765+0000] {subprocess.py:93} INFO - [0m11:30:44
[2023-12-30T11:30:44.765+0000] {subprocess.py:93} INFO - [0m11:30:44  Done. PASS=3 WARN=0 ERROR=0 SKIP=0 TOTAL=3
[2023-12-30T11:30:45.512+0000] {subprocess.py:97} INFO - Command exited with return code 0
[2023-12-30T11:30:45.535+0000] {taskinstance.py:1406} INFO - Marking task as SUCCESS. dag_id=dbt_model, task_id=run_dbt_bronze_models, execution_date=20220911T000000, start_date=20231230T113041, end_date=20231230T113045
[2023-12-30T11:30:45.576+0000] {local_task_job.py:164} INFO - Task exited with return code 0
[2023-12-30T11:30:45.609+0000] {local_task_job.py:273} INFO - 0 downstream tasks scheduled from follow-on schedule check
[2023-12-30T12:47:31.749+0000] {taskinstance.py:1165} INFO - Dependencies all met for <TaskInstance: dbt_model.run_dbt_bronze_models scheduled__2022-09-11T00:00:00+00:00 [queued]>
[2023-12-30T12:47:31.759+0000] {taskinstance.py:1165} INFO - Dependencies all met for <TaskInstance: dbt_model.run_dbt_bronze_models scheduled__2022-09-11T00:00:00+00:00 [queued]>
[2023-12-30T12:47:31.759+0000] {taskinstance.py:1362} INFO - 
--------------------------------------------------------------------------------
[2023-12-30T12:47:31.759+0000] {taskinstance.py:1363} INFO - Starting attempt 1 of 6
[2023-12-30T12:47:31.759+0000] {taskinstance.py:1364} INFO - 
--------------------------------------------------------------------------------
[2023-12-30T12:47:31.775+0000] {taskinstance.py:1383} INFO - Executing <Task(BashOperator): run_dbt_bronze_models> on 2022-09-11 00:00:00+00:00
[2023-12-30T12:47:31.779+0000] {standard_task_runner.py:55} INFO - Started process 11571 to run task
[2023-12-30T12:47:31.782+0000] {standard_task_runner.py:82} INFO - Running: ['***', 'tasks', 'run', 'dbt_model', 'run_dbt_bronze_models', 'scheduled__2022-09-11T00:00:00+00:00', '--job-id', '134', '--raw', '--subdir', 'DAGS_FOLDER/run_dbt._models.py', '--cfg-path', '/tmp/tmpmyjphrdp']
[2023-12-30T12:47:31.782+0000] {standard_task_runner.py:83} INFO - Job 134: Subtask run_dbt_bronze_models
[2023-12-30T12:47:31.831+0000] {task_command.py:376} INFO - Running <TaskInstance: dbt_model.run_dbt_bronze_models scheduled__2022-09-11T00:00:00+00:00 [running]> on host 683423f116e7
[2023-12-30T12:47:31.881+0000] {taskinstance.py:1592} INFO - Exporting the following env vars:
AIRFLOW_CTX_DAG_OWNER=alonso_md
AIRFLOW_CTX_DAG_ID=dbt_model
AIRFLOW_CTX_TASK_ID=run_dbt_bronze_models
AIRFLOW_CTX_EXECUTION_DATE=2022-09-11T00:00:00+00:00
AIRFLOW_CTX_TRY_NUMBER=1
AIRFLOW_CTX_DAG_RUN_ID=scheduled__2022-09-11T00:00:00+00:00
[2023-12-30T12:47:31.882+0000] {subprocess.py:63} INFO - Tmp dir root location: 
 /tmp
[2023-12-30T12:47:31.882+0000] {subprocess.py:75} INFO - Running command: ['/bin/bash', '-c', "    dbt run     --profiles-dir //opt/***/dags/../dbt/     --project-dir ///opt/***/dags/../dbt//dwh     --target prod_*** --vars '{ target_date: 2022-09-11 }' --select bronze"]
[2023-12-30T12:47:31.890+0000] {subprocess.py:86} INFO - Output:
[2023-12-30T12:47:33.458+0000] {subprocess.py:93} INFO - [0m12:47:33  Running with dbt=1.4.6
[2023-12-30T12:47:33.508+0000] {subprocess.py:93} INFO - [0m12:47:33  Unable to do partial parsing because config vars, config profile, or config target have changed
[2023-12-30T12:47:34.891+0000] {subprocess.py:93} INFO - [0m12:47:34  Found 8 models, 15 tests, 0 snapshots, 0 analyses, 703 macros, 0 operations, 0 seed files, 3 sources, 0 exposures, 0 metrics
[2023-12-30T12:47:34.893+0000] {subprocess.py:93} INFO - [0m12:47:34
[2023-12-30T12:47:34.983+0000] {subprocess.py:93} INFO - [0m12:47:34  Concurrency: 4 threads (target='prod_***')
[2023-12-30T12:47:34.983+0000] {subprocess.py:93} INFO - [0m12:47:34
[2023-12-30T12:47:34.989+0000] {subprocess.py:93} INFO - [0m12:47:34  1 of 3 START sql view model bronze.raw_daily_customer_cdc ...................... [RUN]
[2023-12-30T12:47:34.990+0000] {subprocess.py:93} INFO - [0m12:47:34  2 of 3 START sql view model bronze.raw_daily_customer_drivers .................. [RUN]
[2023-12-30T12:47:34.995+0000] {subprocess.py:93} INFO - [0m12:47:34  3 of 3 START sql view model bronze.raw_daily_loan_transactions ................. [RUN]
[2023-12-30T12:47:35.121+0000] {subprocess.py:93} INFO - [0m12:47:35  2 of 3 OK created sql view model bronze.raw_daily_customer_drivers ............. [[32mCREATE VIEW[0m in 0.13s]
[2023-12-30T12:47:35.126+0000] {subprocess.py:93} INFO - [0m12:47:35  1 of 3 OK created sql view model bronze.raw_daily_customer_cdc ................. [[32mCREATE VIEW[0m in 0.13s]
[2023-12-30T12:47:35.129+0000] {subprocess.py:93} INFO - [0m12:47:35  3 of 3 OK created sql view model bronze.raw_daily_loan_transactions ............ [[32mCREATE VIEW[0m in 0.13s]
[2023-12-30T12:47:35.206+0000] {subprocess.py:93} INFO - [0m12:47:35
[2023-12-30T12:47:35.207+0000] {subprocess.py:93} INFO - [0m12:47:35  Finished running 3 view models in 0 hours 0 minutes and 0.31 seconds (0.31s).
[2023-12-30T12:47:35.227+0000] {subprocess.py:93} INFO - [0m12:47:35
[2023-12-30T12:47:35.228+0000] {subprocess.py:93} INFO - [0m12:47:35  [32mCompleted successfully[0m
[2023-12-30T12:47:35.228+0000] {subprocess.py:93} INFO - [0m12:47:35
[2023-12-30T12:47:35.228+0000] {subprocess.py:93} INFO - [0m12:47:35  Done. PASS=3 WARN=0 ERROR=0 SKIP=0 TOTAL=3
[2023-12-30T12:47:36.034+0000] {subprocess.py:97} INFO - Command exited with return code 0
[2023-12-30T12:47:36.053+0000] {taskinstance.py:1406} INFO - Marking task as SUCCESS. dag_id=dbt_model, task_id=run_dbt_bronze_models, execution_date=20220911T000000, start_date=20231230T124731, end_date=20231230T124736
[2023-12-30T12:47:36.089+0000] {local_task_job.py:164} INFO - Task exited with return code 0
[2023-12-30T12:47:36.121+0000] {local_task_job.py:273} INFO - 0 downstream tasks scheduled from follow-on schedule check
[2023-12-30T14:55:47.547+0000] {taskinstance.py:1165} INFO - Dependencies all met for <TaskInstance: dbt_model.run_dbt_bronze_models scheduled__2022-09-11T00:00:00+00:00 [queued]>
[2023-12-30T14:55:47.559+0000] {taskinstance.py:1165} INFO - Dependencies all met for <TaskInstance: dbt_model.run_dbt_bronze_models scheduled__2022-09-11T00:00:00+00:00 [queued]>
[2023-12-30T14:55:47.559+0000] {taskinstance.py:1362} INFO - 
--------------------------------------------------------------------------------
[2023-12-30T14:55:47.559+0000] {taskinstance.py:1363} INFO - Starting attempt 1 of 6
[2023-12-30T14:55:47.559+0000] {taskinstance.py:1364} INFO - 
--------------------------------------------------------------------------------
[2023-12-30T14:55:47.571+0000] {taskinstance.py:1383} INFO - Executing <Task(BashOperator): run_dbt_bronze_models> on 2022-09-11 00:00:00+00:00
[2023-12-30T14:55:47.575+0000] {standard_task_runner.py:55} INFO - Started process 18028 to run task
[2023-12-30T14:55:47.578+0000] {standard_task_runner.py:82} INFO - Running: ['***', 'tasks', 'run', 'dbt_model', 'run_dbt_bronze_models', 'scheduled__2022-09-11T00:00:00+00:00', '--job-id', '155', '--raw', '--subdir', 'DAGS_FOLDER/run_dbt._models.py', '--cfg-path', '/tmp/tmp_xcldph8']
[2023-12-30T14:55:47.578+0000] {standard_task_runner.py:83} INFO - Job 155: Subtask run_dbt_bronze_models
[2023-12-30T14:55:47.624+0000] {task_command.py:376} INFO - Running <TaskInstance: dbt_model.run_dbt_bronze_models scheduled__2022-09-11T00:00:00+00:00 [running]> on host 683423f116e7
[2023-12-30T14:55:47.675+0000] {taskinstance.py:1592} INFO - Exporting the following env vars:
AIRFLOW_CTX_DAG_OWNER=alonso_md
AIRFLOW_CTX_DAG_ID=dbt_model
AIRFLOW_CTX_TASK_ID=run_dbt_bronze_models
AIRFLOW_CTX_EXECUTION_DATE=2022-09-11T00:00:00+00:00
AIRFLOW_CTX_TRY_NUMBER=1
AIRFLOW_CTX_DAG_RUN_ID=scheduled__2022-09-11T00:00:00+00:00
[2023-12-30T14:55:47.676+0000] {subprocess.py:63} INFO - Tmp dir root location: 
 /tmp
[2023-12-30T14:55:47.677+0000] {subprocess.py:75} INFO - Running command: ['/bin/bash', '-c', "    dbt run     --profiles-dir //opt/***/dags/../dbt/     --project-dir ///opt/***/dags/../dbt//dwh     --target prod_*** --vars '{ target_date: 2022-09-11 }' --select bronze"]
[2023-12-30T14:55:47.685+0000] {subprocess.py:86} INFO - Output:
[2023-12-30T14:55:49.320+0000] {subprocess.py:93} INFO - [0m14:55:49  Running with dbt=1.4.6
[2023-12-30T14:55:49.366+0000] {subprocess.py:93} INFO - [0m14:55:49  Unable to do partial parsing because config vars, config profile, or config target have changed
[2023-12-30T14:55:50.744+0000] {subprocess.py:93} INFO - [0m14:55:50  Found 8 models, 15 tests, 0 snapshots, 0 analyses, 703 macros, 0 operations, 0 seed files, 3 sources, 0 exposures, 0 metrics
[2023-12-30T14:55:50.746+0000] {subprocess.py:93} INFO - [0m14:55:50
[2023-12-30T14:55:50.839+0000] {subprocess.py:93} INFO - [0m14:55:50  Concurrency: 4 threads (target='prod_***')
[2023-12-30T14:55:50.839+0000] {subprocess.py:93} INFO - [0m14:55:50
[2023-12-30T14:55:50.845+0000] {subprocess.py:93} INFO - [0m14:55:50  1 of 3 START sql view model bronze.raw_daily_customer_cdc ...................... [RUN]
[2023-12-30T14:55:50.845+0000] {subprocess.py:93} INFO - [0m14:55:50  2 of 3 START sql view model bronze.raw_daily_customer_drivers .................. [RUN]
[2023-12-30T14:55:50.847+0000] {subprocess.py:93} INFO - [0m14:55:50  3 of 3 START sql view model bronze.raw_daily_loan_transactions ................. [RUN]
[2023-12-30T14:55:50.992+0000] {subprocess.py:93} INFO - [0m14:55:50  1 of 3 OK created sql view model bronze.raw_daily_customer_cdc ................. [[32mCREATE VIEW[0m in 0.15s]
[2023-12-30T14:55:50.997+0000] {subprocess.py:93} INFO - [0m14:55:50  2 of 3 OK created sql view model bronze.raw_daily_customer_drivers ............. [[32mCREATE VIEW[0m in 0.15s]
[2023-12-30T14:55:50.999+0000] {subprocess.py:93} INFO - [0m14:55:50  3 of 3 OK created sql view model bronze.raw_daily_loan_transactions ............ [[32mCREATE VIEW[0m in 0.15s]
[2023-12-30T14:55:51.053+0000] {subprocess.py:93} INFO - [0m14:55:51
[2023-12-30T14:55:51.054+0000] {subprocess.py:93} INFO - [0m14:55:51  Finished running 3 view models in 0 hours 0 minutes and 0.31 seconds (0.31s).
[2023-12-30T14:55:51.066+0000] {subprocess.py:93} INFO - [0m14:55:51
[2023-12-30T14:55:51.067+0000] {subprocess.py:93} INFO - [0m14:55:51  [32mCompleted successfully[0m
[2023-12-30T14:55:51.067+0000] {subprocess.py:93} INFO - [0m14:55:51
[2023-12-30T14:55:51.067+0000] {subprocess.py:93} INFO - [0m14:55:51  Done. PASS=3 WARN=0 ERROR=0 SKIP=0 TOTAL=3
[2023-12-30T14:55:51.819+0000] {subprocess.py:97} INFO - Command exited with return code 0
[2023-12-30T14:55:51.842+0000] {taskinstance.py:1406} INFO - Marking task as SUCCESS. dag_id=dbt_model, task_id=run_dbt_bronze_models, execution_date=20220911T000000, start_date=20231230T145547, end_date=20231230T145551
[2023-12-30T14:55:51.892+0000] {local_task_job.py:164} INFO - Task exited with return code 0
[2023-12-30T14:55:51.927+0000] {local_task_job.py:273} INFO - 1 downstream tasks scheduled from follow-on schedule check
