[2023-12-30T14:56:29.184+0000] {taskinstance.py:1165} INFO - Dependencies all met for <TaskInstance: dbt_model.run_dbt_silver_models scheduled__2022-09-12T00:00:00+00:00 [queued]>
[2023-12-30T14:56:29.195+0000] {taskinstance.py:1165} INFO - Dependencies all met for <TaskInstance: dbt_model.run_dbt_silver_models scheduled__2022-09-12T00:00:00+00:00 [queued]>
[2023-12-30T14:56:29.195+0000] {taskinstance.py:1362} INFO - 
--------------------------------------------------------------------------------
[2023-12-30T14:56:29.195+0000] {taskinstance.py:1363} INFO - Starting attempt 1 of 6
[2023-12-30T14:56:29.195+0000] {taskinstance.py:1364} INFO - 
--------------------------------------------------------------------------------
[2023-12-30T14:56:29.208+0000] {taskinstance.py:1383} INFO - Executing <Task(BashOperator): run_dbt_silver_models> on 2022-09-12 00:00:00+00:00
[2023-12-30T14:56:29.213+0000] {standard_task_runner.py:55} INFO - Started process 18214 to run task
[2023-12-30T14:56:29.216+0000] {standard_task_runner.py:82} INFO - Running: ['***', 'tasks', 'run', 'dbt_model', 'run_dbt_silver_models', 'scheduled__2022-09-12T00:00:00+00:00', '--job-id', '161', '--raw', '--subdir', 'DAGS_FOLDER/run_dbt._models.py', '--cfg-path', '/tmp/tmpom0chxwh']
[2023-12-30T14:56:29.217+0000] {standard_task_runner.py:83} INFO - Job 161: Subtask run_dbt_silver_models
[2023-12-30T14:56:29.276+0000] {task_command.py:376} INFO - Running <TaskInstance: dbt_model.run_dbt_silver_models scheduled__2022-09-12T00:00:00+00:00 [running]> on host 683423f116e7
[2023-12-30T14:56:29.335+0000] {taskinstance.py:1592} INFO - Exporting the following env vars:
AIRFLOW_CTX_DAG_OWNER=alonso_md
AIRFLOW_CTX_DAG_ID=dbt_model
AIRFLOW_CTX_TASK_ID=run_dbt_silver_models
AIRFLOW_CTX_EXECUTION_DATE=2022-09-12T00:00:00+00:00
AIRFLOW_CTX_TRY_NUMBER=1
AIRFLOW_CTX_DAG_RUN_ID=scheduled__2022-09-12T00:00:00+00:00
[2023-12-30T14:56:29.337+0000] {subprocess.py:63} INFO - Tmp dir root location: 
 /tmp
[2023-12-30T14:56:29.337+0000] {subprocess.py:75} INFO - Running command: ['/bin/bash', '-c', "    dbt run     --profiles-dir //opt/***/dags/../dbt/     --project-dir ///opt/***/dags/../dbt//dwh     --target prod_*** --vars '{ target_date: 2022-09-12 }' --select silver"]
[2023-12-30T14:56:29.345+0000] {subprocess.py:86} INFO - Output:
[2023-12-30T14:56:31.238+0000] {subprocess.py:93} INFO - [0m14:56:31  Running with dbt=1.4.6
[2023-12-30T14:56:31.338+0000] {subprocess.py:93} INFO - [0m14:56:31  Found 8 models, 15 tests, 0 snapshots, 0 analyses, 703 macros, 0 operations, 0 seed files, 3 sources, 0 exposures, 0 metrics
[2023-12-30T14:56:31.340+0000] {subprocess.py:93} INFO - [0m14:56:31
[2023-12-30T14:56:31.402+0000] {subprocess.py:93} INFO - [0m14:56:31  Concurrency: 4 threads (target='prod_***')
[2023-12-30T14:56:31.402+0000] {subprocess.py:93} INFO - [0m14:56:31
[2023-12-30T14:56:31.407+0000] {subprocess.py:93} INFO - [0m14:56:31  1 of 3 START sql incremental model silver.customer_information ................. [RUN]
[2023-12-30T14:56:31.408+0000] {subprocess.py:93} INFO - [0m14:56:31  2 of 3 START sql incremental model silver.daily_customer_drivers ............... [RUN]
[2023-12-30T14:56:31.409+0000] {subprocess.py:93} INFO - [0m14:56:31  3 of 3 START sql incremental model silver.loan_transactions .................... [RUN]
[2023-12-30T14:56:31.876+0000] {subprocess.py:93} INFO - [0m14:56:31  3 of 3 OK created sql incremental model silver.loan_transactions ............... [[32mINSERT 0 9444[0m in 0.46s]
[2023-12-30T14:56:31.883+0000] {subprocess.py:93} INFO - [0m14:56:31  2 of 3 OK created sql incremental model silver.daily_customer_drivers .......... [[32mINSERT 0 9444[0m in 0.47s]
[2023-12-30T14:56:31.885+0000] {subprocess.py:93} INFO - [0m14:56:31  1 of 3 OK created sql incremental model silver.customer_information ............ [[32mINSERT 0 1008[0m in 0.47s]
[2023-12-30T14:56:31.965+0000] {subprocess.py:93} INFO - [0m14:56:31
[2023-12-30T14:56:31.965+0000] {subprocess.py:93} INFO - [0m14:56:31  Finished running 3 incremental models in 0 hours 0 minutes and 0.62 seconds (0.62s).
[2023-12-30T14:56:31.977+0000] {subprocess.py:93} INFO - [0m14:56:31
[2023-12-30T14:56:31.978+0000] {subprocess.py:93} INFO - [0m14:56:31  [32mCompleted successfully[0m
[2023-12-30T14:56:31.978+0000] {subprocess.py:93} INFO - [0m14:56:31
[2023-12-30T14:56:31.978+0000] {subprocess.py:93} INFO - [0m14:56:31  Done. PASS=3 WARN=0 ERROR=0 SKIP=0 TOTAL=3
[2023-12-30T14:56:32.756+0000] {subprocess.py:97} INFO - Command exited with return code 0
[2023-12-30T14:56:32.780+0000] {taskinstance.py:1406} INFO - Marking task as SUCCESS. dag_id=dbt_model, task_id=run_dbt_silver_models, execution_date=20220912T000000, start_date=20231230T145629, end_date=20231230T145632
[2023-12-30T14:56:32.801+0000] {local_task_job.py:164} INFO - Task exited with return code 0
[2023-12-30T14:56:32.835+0000] {local_task_job.py:273} INFO - 1 downstream tasks scheduled from follow-on schedule check
