[2023-12-30T15:21:41.878+0000] {taskinstance.py:1165} INFO - Dependencies all met for <TaskInstance: import_soccer_teams_data.load_data_Defender_players scheduled__2023-12-29T00:00:00+00:00 [queued]>
[2023-12-30T15:21:41.886+0000] {taskinstance.py:1165} INFO - Dependencies all met for <TaskInstance: import_soccer_teams_data.load_data_Defender_players scheduled__2023-12-29T00:00:00+00:00 [queued]>
[2023-12-30T15:21:41.886+0000] {taskinstance.py:1362} INFO - 
--------------------------------------------------------------------------------
[2023-12-30T15:21:41.886+0000] {taskinstance.py:1363} INFO - Starting attempt 1 of 1
[2023-12-30T15:21:41.886+0000] {taskinstance.py:1364} INFO - 
--------------------------------------------------------------------------------
[2023-12-30T15:21:41.900+0000] {taskinstance.py:1383} INFO - Executing <Task(PostgresOperator): load_data_Defender_players> on 2023-12-29 00:00:00+00:00
[2023-12-30T15:21:41.907+0000] {standard_task_runner.py:55} INFO - Started process 19588 to run task
[2023-12-30T15:21:41.911+0000] {standard_task_runner.py:82} INFO - Running: ['***', 'tasks', 'run', 'import_soccer_teams_data', 'load_data_Defender_players', 'scheduled__2023-12-29T00:00:00+00:00', '--job-id', '179', '--raw', '--subdir', 'DAGS_FOLDER/import_soccer_teams_data.py', '--cfg-path', '/tmp/tmpahcisxuo']
[2023-12-30T15:21:41.912+0000] {standard_task_runner.py:83} INFO - Job 179: Subtask load_data_Defender_players
[2023-12-30T15:21:41.971+0000] {task_command.py:376} INFO - Running <TaskInstance: import_soccer_teams_data.load_data_Defender_players scheduled__2023-12-29T00:00:00+00:00 [running]> on host 683423f116e7
[2023-12-30T15:21:42.055+0000] {taskinstance.py:1592} INFO - Exporting the following env vars:
AIRFLOW_CTX_DAG_OWNER=***
AIRFLOW_CTX_DAG_ID=import_soccer_teams_data
AIRFLOW_CTX_TASK_ID=load_data_Defender_players
AIRFLOW_CTX_EXECUTION_DATE=2023-12-29T00:00:00+00:00
AIRFLOW_CTX_TRY_NUMBER=1
AIRFLOW_CTX_DAG_RUN_ID=scheduled__2023-12-29T00:00:00+00:00
[2023-12-30T15:21:42.071+0000] {base.py:71} INFO - Using connection ID 'postgres_default' for task execution.
[2023-12-30T15:21:42.078+0000] {sql.py:375} INFO - Running statement: 
            DELETE FROM ods.soccer_players_Defender;
            INSERT INTO ods.soccer_players_Defender
            SELECT
                player_id,
                name,
                age,
                number,
                position,
                photo
            FROM ods.soccer_players
            WHERE position = 'Defender';
            , parameters: None
[2023-12-30T15:21:42.082+0000] {sql.py:384} INFO - Rows affected: 10
[2023-12-30T15:21:42.104+0000] {taskinstance.py:1406} INFO - Marking task as SUCCESS. dag_id=import_soccer_teams_data, task_id=load_data_Defender_players, execution_date=20231229T000000, start_date=20231230T152141, end_date=20231230T152142
[2023-12-30T15:21:42.163+0000] {local_task_job.py:164} INFO - Task exited with return code 0
[2023-12-30T15:21:42.228+0000] {local_task_job.py:273} INFO - 0 downstream tasks scheduled from follow-on schedule check
