[2023-12-30T14:56:22.391+0000] {taskinstance.py:1165} INFO - Dependencies all met for <TaskInstance: dbt_model.run_dbt_bronze_models scheduled__2022-09-12T00:00:00+00:00 [queued]>
[2023-12-30T14:56:22.403+0000] {taskinstance.py:1165} INFO - Dependencies all met for <TaskInstance: dbt_model.run_dbt_bronze_models scheduled__2022-09-12T00:00:00+00:00 [queued]>
[2023-12-30T14:56:22.404+0000] {taskinstance.py:1362} INFO - 
--------------------------------------------------------------------------------
[2023-12-30T14:56:22.404+0000] {taskinstance.py:1363} INFO - Starting attempt 1 of 6
[2023-12-30T14:56:22.404+0000] {taskinstance.py:1364} INFO - 
--------------------------------------------------------------------------------
[2023-12-30T14:56:22.421+0000] {taskinstance.py:1383} INFO - Executing <Task(BashOperator): run_dbt_bronze_models> on 2022-09-12 00:00:00+00:00
[2023-12-30T14:56:22.431+0000] {standard_task_runner.py:55} INFO - Started process 18175 to run task
[2023-12-30T14:56:22.434+0000] {standard_task_runner.py:82} INFO - Running: ['***', 'tasks', 'run', 'dbt_model', 'run_dbt_bronze_models', 'scheduled__2022-09-12T00:00:00+00:00', '--job-id', '160', '--raw', '--subdir', 'DAGS_FOLDER/run_dbt._models.py', '--cfg-path', '/tmp/tmp3cx35bkb']
[2023-12-30T14:56:22.435+0000] {standard_task_runner.py:83} INFO - Job 160: Subtask run_dbt_bronze_models
[2023-12-30T14:56:22.498+0000] {task_command.py:376} INFO - Running <TaskInstance: dbt_model.run_dbt_bronze_models scheduled__2022-09-12T00:00:00+00:00 [running]> on host 683423f116e7
[2023-12-30T14:56:22.564+0000] {taskinstance.py:1592} INFO - Exporting the following env vars:
AIRFLOW_CTX_DAG_OWNER=alonso_md
AIRFLOW_CTX_DAG_ID=dbt_model
AIRFLOW_CTX_TASK_ID=run_dbt_bronze_models
AIRFLOW_CTX_EXECUTION_DATE=2022-09-12T00:00:00+00:00
AIRFLOW_CTX_TRY_NUMBER=1
AIRFLOW_CTX_DAG_RUN_ID=scheduled__2022-09-12T00:00:00+00:00
[2023-12-30T14:56:22.565+0000] {subprocess.py:63} INFO - Tmp dir root location: 
 /tmp
[2023-12-30T14:56:22.565+0000] {subprocess.py:75} INFO - Running command: ['/bin/bash', '-c', "    dbt run     --profiles-dir //opt/***/dags/../dbt/     --project-dir ///opt/***/dags/../dbt//dwh     --target prod_*** --vars '{ target_date: 2022-09-12 }' --select bronze"]
[2023-12-30T14:56:22.578+0000] {subprocess.py:86} INFO - Output:
[2023-12-30T14:56:24.516+0000] {subprocess.py:93} INFO - [0m14:56:24  Running with dbt=1.4.6
[2023-12-30T14:56:24.568+0000] {subprocess.py:93} INFO - [0m14:56:24  Unable to do partial parsing because config vars, config profile, or config target have changed
[2023-12-30T14:56:26.215+0000] {subprocess.py:93} INFO - [0m14:56:26  Found 8 models, 15 tests, 0 snapshots, 0 analyses, 703 macros, 0 operations, 0 seed files, 3 sources, 0 exposures, 0 metrics
[2023-12-30T14:56:26.217+0000] {subprocess.py:93} INFO - [0m14:56:26
[2023-12-30T14:56:26.325+0000] {subprocess.py:93} INFO - [0m14:56:26  Concurrency: 4 threads (target='prod_***')
[2023-12-30T14:56:26.325+0000] {subprocess.py:93} INFO - [0m14:56:26
[2023-12-30T14:56:26.331+0000] {subprocess.py:93} INFO - [0m14:56:26  1 of 3 START sql view model bronze.raw_daily_customer_cdc ...................... [RUN]
[2023-12-30T14:56:26.333+0000] {subprocess.py:93} INFO - [0m14:56:26  2 of 3 START sql view model bronze.raw_daily_customer_drivers .................. [RUN]
[2023-12-30T14:56:26.333+0000] {subprocess.py:93} INFO - [0m14:56:26  3 of 3 START sql view model bronze.raw_daily_loan_transactions ................. [RUN]
[2023-12-30T14:56:26.463+0000] {subprocess.py:93} INFO - [0m14:56:26  1 of 3 OK created sql view model bronze.raw_daily_customer_cdc ................. [[32mCREATE VIEW[0m in 0.13s]
[2023-12-30T14:56:26.470+0000] {subprocess.py:93} INFO - [0m14:56:26  3 of 3 OK created sql view model bronze.raw_daily_loan_transactions ............ [[32mCREATE VIEW[0m in 0.13s]
[2023-12-30T14:56:26.471+0000] {subprocess.py:93} INFO - [0m14:56:26  2 of 3 OK created sql view model bronze.raw_daily_customer_drivers ............. [[32mCREATE VIEW[0m in 0.14s]
[2023-12-30T14:56:26.540+0000] {subprocess.py:93} INFO - [0m14:56:26
[2023-12-30T14:56:26.540+0000] {subprocess.py:93} INFO - [0m14:56:26  Finished running 3 view models in 0 hours 0 minutes and 0.32 seconds (0.32s).
[2023-12-30T14:56:26.552+0000] {subprocess.py:93} INFO - [0m14:56:26
[2023-12-30T14:56:26.552+0000] {subprocess.py:93} INFO - [0m14:56:26  [32mCompleted successfully[0m
[2023-12-30T14:56:26.553+0000] {subprocess.py:93} INFO - [0m14:56:26
[2023-12-30T14:56:26.553+0000] {subprocess.py:93} INFO - [0m14:56:26  Done. PASS=3 WARN=0 ERROR=0 SKIP=0 TOTAL=3
[2023-12-30T14:56:27.720+0000] {subprocess.py:97} INFO - Command exited with return code 0
[2023-12-30T14:56:27.747+0000] {taskinstance.py:1406} INFO - Marking task as SUCCESS. dag_id=dbt_model, task_id=run_dbt_bronze_models, execution_date=20220912T000000, start_date=20231230T145622, end_date=20231230T145627
[2023-12-30T14:56:27.787+0000] {local_task_job.py:164} INFO - Task exited with return code 0
[2023-12-30T14:56:27.840+0000] {local_task_job.py:273} INFO - 1 downstream tasks scheduled from follow-on schedule check
