[2023-12-30T15:21:36.604+0000] {taskinstance.py:1165} INFO - Dependencies all met for <TaskInstance: import_soccer_teams_data.clean_soccer_players_table scheduled__2023-12-29T00:00:00+00:00 [queued]>
[2023-12-30T15:21:36.614+0000] {taskinstance.py:1165} INFO - Dependencies all met for <TaskInstance: import_soccer_teams_data.clean_soccer_players_table scheduled__2023-12-29T00:00:00+00:00 [queued]>
[2023-12-30T15:21:36.614+0000] {taskinstance.py:1362} INFO - 
--------------------------------------------------------------------------------
[2023-12-30T15:21:36.614+0000] {taskinstance.py:1363} INFO - Starting attempt 1 of 1
[2023-12-30T15:21:36.614+0000] {taskinstance.py:1364} INFO - 
--------------------------------------------------------------------------------
[2023-12-30T15:21:36.630+0000] {taskinstance.py:1383} INFO - Executing <Task(PostgresOperator): clean_soccer_players_table> on 2023-12-29 00:00:00+00:00
[2023-12-30T15:21:36.637+0000] {standard_task_runner.py:55} INFO - Started process 19472 to run task
[2023-12-30T15:21:36.642+0000] {standard_task_runner.py:82} INFO - Running: ['***', 'tasks', 'run', 'import_soccer_teams_data', 'clean_soccer_players_table', 'scheduled__2023-12-29T00:00:00+00:00', '--job-id', '171', '--raw', '--subdir', 'DAGS_FOLDER/import_soccer_teams_data.py', '--cfg-path', '/tmp/tmpu8gtjn55']
[2023-12-30T15:21:36.645+0000] {standard_task_runner.py:83} INFO - Job 171: Subtask clean_soccer_players_table
[2023-12-30T15:21:36.730+0000] {task_command.py:376} INFO - Running <TaskInstance: import_soccer_teams_data.clean_soccer_players_table scheduled__2023-12-29T00:00:00+00:00 [running]> on host 683423f116e7
[2023-12-30T15:21:36.824+0000] {taskinstance.py:1592} INFO - Exporting the following env vars:
AIRFLOW_CTX_DAG_OWNER=***
AIRFLOW_CTX_DAG_ID=import_soccer_teams_data
AIRFLOW_CTX_TASK_ID=clean_soccer_players_table
AIRFLOW_CTX_EXECUTION_DATE=2023-12-29T00:00:00+00:00
AIRFLOW_CTX_TRY_NUMBER=1
AIRFLOW_CTX_DAG_RUN_ID=scheduled__2023-12-29T00:00:00+00:00
[2023-12-30T15:21:36.836+0000] {base.py:71} INFO - Using connection ID 'postgres_default' for task execution.
[2023-12-30T15:21:36.840+0000] {sql.py:375} INFO - Running statement: Composed([SQL('SET '), Identifier('search_path'), SQL(' TO %(search_path)s;')]), parameters: {'search_path': 'public'}
[2023-12-30T15:21:36.841+0000] {sql.py:375} INFO - Running statement: SQL('\n            DELETE FROM ods.soccer_players;\n        '), parameters: {'search_path': 'public'}
[2023-12-30T15:21:36.842+0000] {sql.py:384} INFO - Rows affected: 0
[2023-12-30T15:21:36.853+0000] {taskinstance.py:1406} INFO - Marking task as SUCCESS. dag_id=import_soccer_teams_data, task_id=clean_soccer_players_table, execution_date=20231229T000000, start_date=20231230T152136, end_date=20231230T152136
[2023-12-30T15:21:36.894+0000] {local_task_job.py:164} INFO - Task exited with return code 0
[2023-12-30T15:21:36.931+0000] {local_task_job.py:273} INFO - 1 downstream tasks scheduled from follow-on schedule check
