[2023-12-30T15:21:37.849+0000] {taskinstance.py:1165} INFO - Dependencies all met for <TaskInstance: import_soccer_teams_data.load_barcelona_players scheduled__2023-12-29T00:00:00+00:00 [queued]>
[2023-12-30T15:21:37.859+0000] {taskinstance.py:1165} INFO - Dependencies all met for <TaskInstance: import_soccer_teams_data.load_barcelona_players scheduled__2023-12-29T00:00:00+00:00 [queued]>
[2023-12-30T15:21:37.859+0000] {taskinstance.py:1362} INFO - 
--------------------------------------------------------------------------------
[2023-12-30T15:21:37.859+0000] {taskinstance.py:1363} INFO - Starting attempt 1 of 1
[2023-12-30T15:21:37.859+0000] {taskinstance.py:1364} INFO - 
--------------------------------------------------------------------------------
[2023-12-30T15:21:37.873+0000] {taskinstance.py:1383} INFO - Executing <Task(_PythonDecoratedOperator): load_barcelona_players> on 2023-12-29 00:00:00+00:00
[2023-12-30T15:21:37.879+0000] {standard_task_runner.py:55} INFO - Started process 19480 to run task
[2023-12-30T15:21:37.882+0000] {standard_task_runner.py:82} INFO - Running: ['***', 'tasks', 'run', 'import_soccer_teams_data', 'load_barcelona_players', 'scheduled__2023-12-29T00:00:00+00:00', '--job-id', '172', '--raw', '--subdir', 'DAGS_FOLDER/import_soccer_teams_data.py', '--cfg-path', '/tmp/tmp4uge_pg_']
[2023-12-30T15:21:37.883+0000] {standard_task_runner.py:83} INFO - Job 172: Subtask load_barcelona_players
[2023-12-30T15:21:37.956+0000] {task_command.py:376} INFO - Running <TaskInstance: import_soccer_teams_data.load_barcelona_players scheduled__2023-12-29T00:00:00+00:00 [running]> on host 683423f116e7
[2023-12-30T15:21:38.030+0000] {taskinstance.py:1592} INFO - Exporting the following env vars:
AIRFLOW_CTX_DAG_OWNER=***
AIRFLOW_CTX_DAG_ID=import_soccer_teams_data
AIRFLOW_CTX_TASK_ID=load_barcelona_players
AIRFLOW_CTX_EXECUTION_DATE=2023-12-29T00:00:00+00:00
AIRFLOW_CTX_TRY_NUMBER=1
AIRFLOW_CTX_DAG_RUN_ID=scheduled__2023-12-29T00:00:00+00:00
[2023-12-30T15:21:38.031+0000] {postgres.py:129} INFO - Running copy expert: COPY ods.soccer_players FROM STDIN, filename: /tmp/529.csv
[2023-12-30T15:21:38.042+0000] {base.py:71} INFO - Using connection ID 'postgres_default' for task execution.
[2023-12-30T15:21:38.051+0000] {python.py:177} INFO - Done. Returned value was: None
[2023-12-30T15:21:38.061+0000] {taskinstance.py:1406} INFO - Marking task as SUCCESS. dag_id=import_soccer_teams_data, task_id=load_barcelona_players, execution_date=20231229T000000, start_date=20231230T152137, end_date=20231230T152138
[2023-12-30T15:21:38.094+0000] {local_task_job.py:164} INFO - Task exited with return code 0
[2023-12-30T15:21:38.129+0000] {local_task_job.py:273} INFO - 4 downstream tasks scheduled from follow-on schedule check
