[2023-12-30T09:10:44.094+0000] {taskinstance.py:1165} INFO - Dependencies all met for <TaskInstance: upload_data_to_s3.copy_csv_files_to_s3 scheduled__2022-09-11T00:00:00+00:00 [queued]>
[2023-12-30T09:10:44.106+0000] {taskinstance.py:1165} INFO - Dependencies all met for <TaskInstance: upload_data_to_s3.copy_csv_files_to_s3 scheduled__2022-09-11T00:00:00+00:00 [queued]>
[2023-12-30T09:10:44.107+0000] {taskinstance.py:1362} INFO - 
--------------------------------------------------------------------------------
[2023-12-30T09:10:44.107+0000] {taskinstance.py:1363} INFO - Starting attempt 1 of 6
[2023-12-30T09:10:44.107+0000] {taskinstance.py:1364} INFO - 
--------------------------------------------------------------------------------
[2023-12-30T09:10:44.124+0000] {taskinstance.py:1383} INFO - Executing <Task(_PythonDecoratedOperator): copy_csv_files_to_s3> on 2022-09-11 00:00:00+00:00
[2023-12-30T09:10:44.129+0000] {standard_task_runner.py:55} INFO - Started process 420 to run task
[2023-12-30T09:10:44.131+0000] {standard_task_runner.py:82} INFO - Running: ['***', 'tasks', 'run', 'upload_data_to_s3', 'copy_csv_files_to_s3', 'scheduled__2022-09-11T00:00:00+00:00', '--job-id', '107', '--raw', '--subdir', 'DAGS_FOLDER/upload_data_to_s3.py', '--cfg-path', '/tmp/tmpvxe_vl_6']
[2023-12-30T09:10:44.132+0000] {standard_task_runner.py:83} INFO - Job 107: Subtask copy_csv_files_to_s3
[2023-12-30T09:10:44.185+0000] {task_command.py:376} INFO - Running <TaskInstance: upload_data_to_s3.copy_csv_files_to_s3 scheduled__2022-09-11T00:00:00+00:00 [running]> on host 683423f116e7
[2023-12-30T09:10:44.242+0000] {taskinstance.py:1592} INFO - Exporting the following env vars:
AIRFLOW_CTX_DAG_OWNER=alonso_md
AIRFLOW_CTX_DAG_ID=upload_data_to_s3
AIRFLOW_CTX_TASK_ID=copy_csv_files_to_s3
AIRFLOW_CTX_EXECUTION_DATE=2022-09-11T00:00:00+00:00
AIRFLOW_CTX_TRY_NUMBER=1
AIRFLOW_CTX_DAG_RUN_ID=scheduled__2022-09-11T00:00:00+00:00
[2023-12-30T09:10:44.251+0000] {base.py:71} INFO - Using connection ID 'aws_default' for task execution.
[2023-12-30T09:10:44.252+0000] {connection_wrapper.py:340} INFO - AWS Connection (conn_id='aws_default', conn_type='aws') credentials retrieved from extra.
[2023-12-30T09:10:44.665+0000] {python.py:177} INFO - Done. Returned value was: None
[2023-12-30T09:10:44.675+0000] {taskinstance.py:1406} INFO - Marking task as SUCCESS. dag_id=upload_data_to_s3, task_id=copy_csv_files_to_s3, execution_date=20220911T000000, start_date=20231230T091044, end_date=20231230T091044
[2023-12-30T09:10:44.704+0000] {local_task_job.py:164} INFO - Task exited with return code 0
[2023-12-30T09:10:44.726+0000] {local_task_job.py:273} INFO - 1 downstream tasks scheduled from follow-on schedule check
[2023-12-30T14:28:27.941+0000] {taskinstance.py:1165} INFO - Dependencies all met for <TaskInstance: upload_data_to_s3.copy_csv_files_to_s3 scheduled__2022-09-11T00:00:00+00:00 [queued]>
[2023-12-30T14:28:27.950+0000] {taskinstance.py:1165} INFO - Dependencies all met for <TaskInstance: upload_data_to_s3.copy_csv_files_to_s3 scheduled__2022-09-11T00:00:00+00:00 [queued]>
[2023-12-30T14:28:27.950+0000] {taskinstance.py:1362} INFO - 
--------------------------------------------------------------------------------
[2023-12-30T14:28:27.950+0000] {taskinstance.py:1363} INFO - Starting attempt 1 of 6
[2023-12-30T14:28:27.950+0000] {taskinstance.py:1364} INFO - 
--------------------------------------------------------------------------------
[2023-12-30T14:28:27.963+0000] {taskinstance.py:1383} INFO - Executing <Task(_PythonDecoratedOperator): copy_csv_files_to_s3> on 2022-09-11 00:00:00+00:00
[2023-12-30T14:28:27.968+0000] {standard_task_runner.py:55} INFO - Started process 16666 to run task
[2023-12-30T14:28:27.970+0000] {standard_task_runner.py:82} INFO - Running: ['***', 'tasks', 'run', 'upload_data_to_s3', 'copy_csv_files_to_s3', 'scheduled__2022-09-11T00:00:00+00:00', '--job-id', '143', '--raw', '--subdir', 'DAGS_FOLDER/upload_data_to_s3.py', '--cfg-path', '/tmp/tmp7rsoygub']
[2023-12-30T14:28:27.971+0000] {standard_task_runner.py:83} INFO - Job 143: Subtask copy_csv_files_to_s3
[2023-12-30T14:28:28.023+0000] {task_command.py:376} INFO - Running <TaskInstance: upload_data_to_s3.copy_csv_files_to_s3 scheduled__2022-09-11T00:00:00+00:00 [running]> on host 683423f116e7
[2023-12-30T14:28:28.085+0000] {taskinstance.py:1592} INFO - Exporting the following env vars:
AIRFLOW_CTX_DAG_OWNER=alonso_md
AIRFLOW_CTX_DAG_ID=upload_data_to_s3
AIRFLOW_CTX_TASK_ID=copy_csv_files_to_s3
AIRFLOW_CTX_EXECUTION_DATE=2022-09-11T00:00:00+00:00
AIRFLOW_CTX_TRY_NUMBER=1
AIRFLOW_CTX_DAG_RUN_ID=scheduled__2022-09-11T00:00:00+00:00
[2023-12-30T14:28:28.091+0000] {base.py:71} INFO - Using connection ID 'aws_default' for task execution.
[2023-12-30T14:28:28.092+0000] {connection_wrapper.py:340} INFO - AWS Connection (conn_id='aws_default', conn_type='aws') credentials retrieved from extra.
[2023-12-30T14:28:28.656+0000] {python.py:177} INFO - Done. Returned value was: None
[2023-12-30T14:28:28.669+0000] {taskinstance.py:1406} INFO - Marking task as SUCCESS. dag_id=upload_data_to_s3, task_id=copy_csv_files_to_s3, execution_date=20220911T000000, start_date=20231230T142827, end_date=20231230T142828
[2023-12-30T14:28:28.706+0000] {local_task_job.py:164} INFO - Task exited with return code 0
[2023-12-30T14:28:28.743+0000] {local_task_job.py:273} INFO - 1 downstream tasks scheduled from follow-on schedule check
