[2023-12-30T15:22:03.136+0000] {taskinstance.py:1165} INFO - Dependencies all met for <TaskInstance: run_dbt_model_cosmos.dbt_dwh_project.loan_transactions_w_drivers.loan_transactions_w_drivers_run scheduled__2022-09-10T00:00:00+00:00 [queued]>
[2023-12-30T15:22:03.144+0000] {taskinstance.py:1165} INFO - Dependencies all met for <TaskInstance: run_dbt_model_cosmos.dbt_dwh_project.loan_transactions_w_drivers.loan_transactions_w_drivers_run scheduled__2022-09-10T00:00:00+00:00 [queued]>
[2023-12-30T15:22:03.145+0000] {taskinstance.py:1362} INFO - 
--------------------------------------------------------------------------------
[2023-12-30T15:22:03.145+0000] {taskinstance.py:1363} INFO - Starting attempt 1 of 6
[2023-12-30T15:22:03.145+0000] {taskinstance.py:1364} INFO - 
--------------------------------------------------------------------------------
[2023-12-30T15:22:03.156+0000] {taskinstance.py:1383} INFO - Executing <Task(DbtRunLocalOperator): dbt_dwh_project.loan_transactions_w_drivers.loan_transactions_w_drivers_run> on 2022-09-10 00:00:00+00:00
[2023-12-30T15:22:03.161+0000] {standard_task_runner.py:55} INFO - Started process 19874 to run task
[2023-12-30T15:22:03.164+0000] {standard_task_runner.py:82} INFO - Running: ['***', 'tasks', 'run', 'run_dbt_model_cosmos', 'dbt_dwh_project.loan_transactions_w_drivers.loan_transactions_w_drivers_run', 'scheduled__2022-09-10T00:00:00+00:00', '--job-id', '190', '--raw', '--subdir', 'DAGS_FOLDER/run_dbt_models_cosmos.py', '--cfg-path', '/tmp/tmp4rzvcphq']
[2023-12-30T15:22:03.165+0000] {standard_task_runner.py:83} INFO - Job 190: Subtask dbt_dwh_project.loan_transactions_w_drivers.loan_transactions_w_drivers_run
[2023-12-30T15:22:03.212+0000] {task_command.py:376} INFO - Running <TaskInstance: run_dbt_model_cosmos.dbt_dwh_project.loan_transactions_w_drivers.loan_transactions_w_drivers_run scheduled__2022-09-10T00:00:00+00:00 [running]> on host 683423f116e7
[2023-12-30T15:22:03.267+0000] {taskinstance.py:1592} INFO - Exporting the following env vars:
AIRFLOW_CTX_DAG_OWNER=alonso_md
AIRFLOW_CTX_DAG_ID=run_dbt_model_cosmos
AIRFLOW_CTX_TASK_ID=dbt_dwh_project.loan_transactions_w_drivers.loan_transactions_w_drivers_run
AIRFLOW_CTX_EXECUTION_DATE=2022-09-10T00:00:00+00:00
AIRFLOW_CTX_TRY_NUMBER=1
AIRFLOW_CTX_DAG_RUN_ID=scheduled__2022-09-10T00:00:00+00:00
[2023-12-30T15:22:03.273+0000] {base.py:71} INFO - Using connection ID 'postgres_default' for task execution.
[2023-12-30T15:22:03.274+0000] {local.py:136} INFO - Cloning project to writable temp directory /tmp/tmp72f5mxub from //opt/airflow/dags/../dbt/dwh
[2023-12-30T15:22:03.334+0000] {local.py:157} INFO - Trying to run the command:
 ['dbt', 'run', '--vars', '{"target_date": "2022-09-10"}', '--models', 'loan_transactions_w_drivers', '--profile', 'postgres_profile']
From /tmp/tmp72f5mxub/dbt_project
[2023-12-30T15:22:03.334+0000] {adapted_subprocesshook.py:53} INFO - Tmp dir root location: 
 /tmp
[2023-12-30T15:22:03.334+0000] {adapted_subprocesshook.py:66} INFO - Running command: ['dbt', 'run', '--vars', '{"target_date": "2022-09-10"}', '--models', 'loan_transactions_w_drivers', '--profile', 'postgres_profile']
[2023-12-30T15:22:03.344+0000] {adapted_subprocesshook.py:77} INFO - Output:
[2023-12-30T15:22:05.047+0000] {adapted_subprocesshook.py:87} INFO - [0m15:22:05  Running with dbt=1.4.6
[2023-12-30T15:22:05.098+0000] {adapted_subprocesshook.py:87} INFO - [0m15:22:05  Unable to do partial parsing because config vars, config profile, or config target have changed
[2023-12-30T15:22:05.098+0000] {adapted_subprocesshook.py:87} INFO - [0m15:22:05  Unable to do partial parsing because profile has changed
[2023-12-30T15:22:05.099+0000] {adapted_subprocesshook.py:87} INFO - [0m15:22:05  Unable to do partial parsing because env vars used in profiles.yml have changed
[2023-12-30T15:22:06.616+0000] {adapted_subprocesshook.py:87} INFO - [0m15:22:06  Found 8 models, 15 tests, 0 snapshots, 0 analyses, 703 macros, 0 operations, 0 seed files, 3 sources, 0 exposures, 0 metrics
[2023-12-30T15:22:06.618+0000] {adapted_subprocesshook.py:87} INFO - [0m15:22:06
[2023-12-30T15:22:06.746+0000] {adapted_subprocesshook.py:87} INFO - [0m15:22:06  Concurrency: 1 threads (target='dev')
[2023-12-30T15:22:06.746+0000] {adapted_subprocesshook.py:87} INFO - [0m15:22:06
[2023-12-30T15:22:06.751+0000] {adapted_subprocesshook.py:87} INFO - [0m15:22:06  1 of 1 START sql incremental model gold.loan_transactions_w_drivers ............ [RUN]
[2023-12-30T15:22:06.945+0000] {adapted_subprocesshook.py:87} INFO - [0m15:22:06  1 of 1 OK created sql incremental model gold.loan_transactions_w_drivers ....... [[32mINSERT 0 9613[0m in 0.19s]
[2023-12-30T15:22:06.961+0000] {adapted_subprocesshook.py:87} INFO - [0m15:22:06
[2023-12-30T15:22:06.961+0000] {adapted_subprocesshook.py:87} INFO - [0m15:22:06  Finished running 1 incremental model in 0 hours 0 minutes and 0.34 seconds (0.34s).
[2023-12-30T15:22:06.972+0000] {adapted_subprocesshook.py:87} INFO - [0m15:22:06
[2023-12-30T15:22:06.972+0000] {adapted_subprocesshook.py:87} INFO - [0m15:22:06  [32mCompleted successfully[0m
[2023-12-30T15:22:06.972+0000] {adapted_subprocesshook.py:87} INFO - [0m15:22:06
[2023-12-30T15:22:06.973+0000] {adapted_subprocesshook.py:87} INFO - [0m15:22:06  Done. PASS=1 WARN=0 ERROR=0 SKIP=0 TOTAL=1
[2023-12-30T15:22:07.845+0000] {adapted_subprocesshook.py:91} INFO - Command exited with return code 0
[2023-12-30T15:22:07.894+0000] {taskinstance.py:1406} INFO - Marking task as SUCCESS. dag_id=run_dbt_model_cosmos, task_id=dbt_***_project.loan_transactions_w_drivers.loan_transactions_w_drivers_run, execution_date=20220910T000000, start_date=20231230T152203, end_date=20231230T152207
[2023-12-30T15:22:07.913+0000] {local_task_job.py:164} INFO - Task exited with return code 0
[2023-12-30T15:22:07.952+0000] {local_task_job.py:273} INFO - 1 downstream tasks scheduled from follow-on schedule check
