[2023-12-30T15:21:33.729+0000] {taskinstance.py:1165} INFO - Dependencies all met for <TaskInstance: import_soccer_teams_data.create_soccer_players_table scheduled__2023-12-29T00:00:00+00:00 [queued]>
[2023-12-30T15:21:33.737+0000] {taskinstance.py:1165} INFO - Dependencies all met for <TaskInstance: import_soccer_teams_data.create_soccer_players_table scheduled__2023-12-29T00:00:00+00:00 [queued]>
[2023-12-30T15:21:33.737+0000] {taskinstance.py:1362} INFO - 
--------------------------------------------------------------------------------
[2023-12-30T15:21:33.737+0000] {taskinstance.py:1363} INFO - Starting attempt 1 of 1
[2023-12-30T15:21:33.737+0000] {taskinstance.py:1364} INFO - 
--------------------------------------------------------------------------------
[2023-12-30T15:21:33.747+0000] {taskinstance.py:1383} INFO - Executing <Task(PostgresOperator): create_soccer_players_table> on 2023-12-29 00:00:00+00:00
[2023-12-30T15:21:33.753+0000] {standard_task_runner.py:55} INFO - Started process 19459 to run task
[2023-12-30T15:21:33.756+0000] {standard_task_runner.py:82} INFO - Running: ['***', 'tasks', 'run', 'import_soccer_teams_data', 'create_soccer_players_table', 'scheduled__2023-12-29T00:00:00+00:00', '--job-id', '166', '--raw', '--subdir', 'DAGS_FOLDER/import_soccer_teams_data.py', '--cfg-path', '/tmp/tmpr_l33xdg']
[2023-12-30T15:21:33.757+0000] {standard_task_runner.py:83} INFO - Job 166: Subtask create_soccer_players_table
[2023-12-30T15:21:33.807+0000] {task_command.py:376} INFO - Running <TaskInstance: import_soccer_teams_data.create_soccer_players_table scheduled__2023-12-29T00:00:00+00:00 [running]> on host 683423f116e7
[2023-12-30T15:21:33.859+0000] {taskinstance.py:1592} INFO - Exporting the following env vars:
AIRFLOW_CTX_DAG_OWNER=***
AIRFLOW_CTX_DAG_ID=import_soccer_teams_data
AIRFLOW_CTX_TASK_ID=create_soccer_players_table
AIRFLOW_CTX_EXECUTION_DATE=2023-12-29T00:00:00+00:00
AIRFLOW_CTX_TRY_NUMBER=1
AIRFLOW_CTX_DAG_RUN_ID=scheduled__2023-12-29T00:00:00+00:00
[2023-12-30T15:21:33.865+0000] {base.py:71} INFO - Using connection ID 'postgres_default' for task execution.
[2023-12-30T15:21:33.867+0000] {sql.py:375} INFO - Running statement: 
            CREATE TABLE IF NOT EXISTS ods.soccer_players
            (
                player_id int,
                name varchar(100),
                age int,
                number varchar(100),
                position varchar(100),
                photo varchar(200) 
            );
        , parameters: None
[2023-12-30T15:21:33.883+0000] {taskinstance.py:1406} INFO - Marking task as SUCCESS. dag_id=import_soccer_teams_data, task_id=create_soccer_players_table, execution_date=20231229T000000, start_date=20231230T152133, end_date=20231230T152133
[2023-12-30T15:21:33.929+0000] {local_task_job.py:164} INFO - Task exited with return code 0
[2023-12-30T15:21:33.977+0000] {local_task_job.py:273} INFO - 1 downstream tasks scheduled from follow-on schedule check
