[2023-12-30T15:22:30.123+0000] {taskinstance.py:1165} INFO - Dependencies all met for <TaskInstance: run_dbt_model_cosmos.copy_dbt_target_files_to_s3 scheduled__2022-09-10T00:00:00+00:00 [queued]>
[2023-12-30T15:22:30.131+0000] {taskinstance.py:1165} INFO - Dependencies all met for <TaskInstance: run_dbt_model_cosmos.copy_dbt_target_files_to_s3 scheduled__2022-09-10T00:00:00+00:00 [queued]>
[2023-12-30T15:22:30.131+0000] {taskinstance.py:1362} INFO - 
--------------------------------------------------------------------------------
[2023-12-30T15:22:30.131+0000] {taskinstance.py:1363} INFO - Starting attempt 1 of 6
[2023-12-30T15:22:30.131+0000] {taskinstance.py:1364} INFO - 
--------------------------------------------------------------------------------
[2023-12-30T15:22:30.142+0000] {taskinstance.py:1383} INFO - Executing <Task(_PythonDecoratedOperator): copy_dbt_target_files_to_s3> on 2022-09-10 00:00:00+00:00
[2023-12-30T15:22:30.147+0000] {standard_task_runner.py:55} INFO - Started process 20038 to run task
[2023-12-30T15:22:30.150+0000] {standard_task_runner.py:82} INFO - Running: ['***', 'tasks', 'run', 'run_dbt_model_cosmos', 'copy_dbt_target_files_to_s3', 'scheduled__2022-09-10T00:00:00+00:00', '--job-id', '195', '--raw', '--subdir', 'DAGS_FOLDER/run_dbt_models_cosmos.py', '--cfg-path', '/tmp/tmpox6u9qjj']
[2023-12-30T15:22:30.150+0000] {standard_task_runner.py:83} INFO - Job 195: Subtask copy_dbt_target_files_to_s3
[2023-12-30T15:22:30.196+0000] {task_command.py:376} INFO - Running <TaskInstance: run_dbt_model_cosmos.copy_dbt_target_files_to_s3 scheduled__2022-09-10T00:00:00+00:00 [running]> on host 683423f116e7
[2023-12-30T15:22:30.248+0000] {taskinstance.py:1592} INFO - Exporting the following env vars:
AIRFLOW_CTX_DAG_OWNER=alonso_md
AIRFLOW_CTX_DAG_ID=run_dbt_model_cosmos
AIRFLOW_CTX_TASK_ID=copy_dbt_target_files_to_s3
AIRFLOW_CTX_EXECUTION_DATE=2022-09-10T00:00:00+00:00
AIRFLOW_CTX_TRY_NUMBER=1
AIRFLOW_CTX_DAG_RUN_ID=scheduled__2022-09-10T00:00:00+00:00
[2023-12-30T15:22:30.254+0000] {base.py:71} INFO - Using connection ID 'aws_default' for task execution.
[2023-12-30T15:22:30.255+0000] {connection_wrapper.py:340} INFO - AWS Connection (conn_id='aws_default', conn_type='aws') credentials retrieved from extra.
[2023-12-30T15:22:30.704+0000] {python.py:177} INFO - Done. Returned value was: None
[2023-12-30T15:22:30.713+0000] {taskinstance.py:1406} INFO - Marking task as SUCCESS. dag_id=run_dbt_model_cosmos, task_id=copy_dbt_target_files_to_s3, execution_date=20220910T000000, start_date=20231230T152230, end_date=20231230T152230
[2023-12-30T15:22:30.763+0000] {local_task_job.py:164} INFO - Task exited with return code 0
[2023-12-30T15:22:30.795+0000] {local_task_job.py:273} INFO - 1 downstream tasks scheduled from follow-on schedule check
