[2023-12-30T15:21:34.964+0000] {taskinstance.py:1165} INFO - Dependencies all met for <TaskInstance: import_soccer_teams_data.get_barcelona_players scheduled__2023-12-29T00:00:00+00:00 [queued]>
[2023-12-30T15:21:34.973+0000] {taskinstance.py:1165} INFO - Dependencies all met for <TaskInstance: import_soccer_teams_data.get_barcelona_players scheduled__2023-12-29T00:00:00+00:00 [queued]>
[2023-12-30T15:21:34.973+0000] {taskinstance.py:1362} INFO - 
--------------------------------------------------------------------------------
[2023-12-30T15:21:34.973+0000] {taskinstance.py:1363} INFO - Starting attempt 1 of 1
[2023-12-30T15:21:34.973+0000] {taskinstance.py:1364} INFO - 
--------------------------------------------------------------------------------
[2023-12-30T15:21:34.988+0000] {taskinstance.py:1383} INFO - Executing <Task(_PythonDecoratedOperator): get_barcelona_players> on 2023-12-29 00:00:00+00:00
[2023-12-30T15:21:34.993+0000] {standard_task_runner.py:55} INFO - Started process 19463 to run task
[2023-12-30T15:21:34.996+0000] {standard_task_runner.py:82} INFO - Running: ['***', 'tasks', 'run', 'import_soccer_teams_data', 'get_barcelona_players', 'scheduled__2023-12-29T00:00:00+00:00', '--job-id', '167', '--raw', '--subdir', 'DAGS_FOLDER/import_soccer_teams_data.py', '--cfg-path', '/tmp/tmpa2rk5gra']
[2023-12-30T15:21:34.997+0000] {standard_task_runner.py:83} INFO - Job 167: Subtask get_barcelona_players
[2023-12-30T15:21:35.047+0000] {task_command.py:376} INFO - Running <TaskInstance: import_soccer_teams_data.get_barcelona_players scheduled__2023-12-29T00:00:00+00:00 [running]> on host 683423f116e7
[2023-12-30T15:21:35.125+0000] {taskinstance.py:1592} INFO - Exporting the following env vars:
AIRFLOW_CTX_DAG_OWNER=***
AIRFLOW_CTX_DAG_ID=import_soccer_teams_data
AIRFLOW_CTX_TASK_ID=get_barcelona_players
AIRFLOW_CTX_EXECUTION_DATE=2023-12-29T00:00:00+00:00
AIRFLOW_CTX_TRY_NUMBER=1
AIRFLOW_CTX_DAG_RUN_ID=scheduled__2023-12-29T00:00:00+00:00
[2023-12-30T15:21:35.705+0000] {python.py:177} INFO - Done. Returned value was: None
[2023-12-30T15:21:35.713+0000] {taskinstance.py:1406} INFO - Marking task as SUCCESS. dag_id=import_soccer_teams_data, task_id=get_barcelona_players, execution_date=20231229T000000, start_date=20231230T152134, end_date=20231230T152135
[2023-12-30T15:21:35.729+0000] {local_task_job.py:164} INFO - Task exited with return code 0
[2023-12-30T15:21:35.754+0000] {local_task_job.py:273} INFO - 1 downstream tasks scheduled from follow-on schedule check
