[2023-12-30T09:10:48.216+0000] {taskinstance.py:1165} INFO - Dependencies all met for <TaskInstance: upload_data_to_s3.copy_csv_files_to_s3 scheduled__2022-09-12T00:00:00+00:00 [queued]>
[2023-12-30T09:10:48.223+0000] {taskinstance.py:1165} INFO - Dependencies all met for <TaskInstance: upload_data_to_s3.copy_csv_files_to_s3 scheduled__2022-09-12T00:00:00+00:00 [queued]>
[2023-12-30T09:10:48.224+0000] {taskinstance.py:1362} INFO - 
--------------------------------------------------------------------------------
[2023-12-30T09:10:48.224+0000] {taskinstance.py:1363} INFO - Starting attempt 1 of 6
[2023-12-30T09:10:48.224+0000] {taskinstance.py:1364} INFO - 
--------------------------------------------------------------------------------
[2023-12-30T09:10:48.236+0000] {taskinstance.py:1383} INFO - Executing <Task(_PythonDecoratedOperator): copy_csv_files_to_s3> on 2022-09-12 00:00:00+00:00
[2023-12-30T09:10:48.240+0000] {standard_task_runner.py:55} INFO - Started process 428 to run task
[2023-12-30T09:10:48.242+0000] {standard_task_runner.py:82} INFO - Running: ['***', 'tasks', 'run', 'upload_data_to_s3', 'copy_csv_files_to_s3', 'scheduled__2022-09-12T00:00:00+00:00', '--job-id', '108', '--raw', '--subdir', 'DAGS_FOLDER/upload_data_to_s3.py', '--cfg-path', '/tmp/tmpsity_yut']
[2023-12-30T09:10:48.243+0000] {standard_task_runner.py:83} INFO - Job 108: Subtask copy_csv_files_to_s3
[2023-12-30T09:10:48.290+0000] {task_command.py:376} INFO - Running <TaskInstance: upload_data_to_s3.copy_csv_files_to_s3 scheduled__2022-09-12T00:00:00+00:00 [running]> on host 683423f116e7
[2023-12-30T09:10:48.342+0000] {taskinstance.py:1592} INFO - Exporting the following env vars:
AIRFLOW_CTX_DAG_OWNER=alonso_md
AIRFLOW_CTX_DAG_ID=upload_data_to_s3
AIRFLOW_CTX_TASK_ID=copy_csv_files_to_s3
AIRFLOW_CTX_EXECUTION_DATE=2022-09-12T00:00:00+00:00
AIRFLOW_CTX_TRY_NUMBER=1
AIRFLOW_CTX_DAG_RUN_ID=scheduled__2022-09-12T00:00:00+00:00
[2023-12-30T09:10:48.350+0000] {base.py:71} INFO - Using connection ID 'aws_default' for task execution.
[2023-12-30T09:10:48.350+0000] {connection_wrapper.py:340} INFO - AWS Connection (conn_id='aws_default', conn_type='aws') credentials retrieved from extra.
[2023-12-30T09:10:48.812+0000] {python.py:177} INFO - Done. Returned value was: None
[2023-12-30T09:10:48.829+0000] {taskinstance.py:1406} INFO - Marking task as SUCCESS. dag_id=upload_data_to_s3, task_id=copy_csv_files_to_s3, execution_date=20220912T000000, start_date=20231230T091048, end_date=20231230T091048
[2023-12-30T09:10:48.897+0000] {local_task_job.py:164} INFO - Task exited with return code 0
[2023-12-30T09:10:48.926+0000] {local_task_job.py:273} INFO - 1 downstream tasks scheduled from follow-on schedule check
[2023-12-30T14:28:30.924+0000] {taskinstance.py:1165} INFO - Dependencies all met for <TaskInstance: upload_data_to_s3.copy_csv_files_to_s3 scheduled__2022-09-12T00:00:00+00:00 [queued]>
[2023-12-30T14:28:30.932+0000] {taskinstance.py:1165} INFO - Dependencies all met for <TaskInstance: upload_data_to_s3.copy_csv_files_to_s3 scheduled__2022-09-12T00:00:00+00:00 [queued]>
[2023-12-30T14:28:30.932+0000] {taskinstance.py:1362} INFO - 
--------------------------------------------------------------------------------
[2023-12-30T14:28:30.932+0000] {taskinstance.py:1363} INFO - Starting attempt 1 of 6
[2023-12-30T14:28:30.933+0000] {taskinstance.py:1364} INFO - 
--------------------------------------------------------------------------------
[2023-12-30T14:28:30.944+0000] {taskinstance.py:1383} INFO - Executing <Task(_PythonDecoratedOperator): copy_csv_files_to_s3> on 2022-09-12 00:00:00+00:00
[2023-12-30T14:28:30.950+0000] {standard_task_runner.py:55} INFO - Started process 16674 to run task
[2023-12-30T14:28:30.953+0000] {standard_task_runner.py:82} INFO - Running: ['***', 'tasks', 'run', 'upload_data_to_s3', 'copy_csv_files_to_s3', 'scheduled__2022-09-12T00:00:00+00:00', '--job-id', '144', '--raw', '--subdir', 'DAGS_FOLDER/upload_data_to_s3.py', '--cfg-path', '/tmp/tmpxaksy00u']
[2023-12-30T14:28:30.953+0000] {standard_task_runner.py:83} INFO - Job 144: Subtask copy_csv_files_to_s3
[2023-12-30T14:28:31.003+0000] {task_command.py:376} INFO - Running <TaskInstance: upload_data_to_s3.copy_csv_files_to_s3 scheduled__2022-09-12T00:00:00+00:00 [running]> on host 683423f116e7
[2023-12-30T14:28:31.059+0000] {taskinstance.py:1592} INFO - Exporting the following env vars:
AIRFLOW_CTX_DAG_OWNER=alonso_md
AIRFLOW_CTX_DAG_ID=upload_data_to_s3
AIRFLOW_CTX_TASK_ID=copy_csv_files_to_s3
AIRFLOW_CTX_EXECUTION_DATE=2022-09-12T00:00:00+00:00
AIRFLOW_CTX_TRY_NUMBER=1
AIRFLOW_CTX_DAG_RUN_ID=scheduled__2022-09-12T00:00:00+00:00
[2023-12-30T14:28:31.067+0000] {base.py:71} INFO - Using connection ID 'aws_default' for task execution.
[2023-12-30T14:28:31.068+0000] {connection_wrapper.py:340} INFO - AWS Connection (conn_id='aws_default', conn_type='aws') credentials retrieved from extra.
[2023-12-30T14:28:31.496+0000] {python.py:177} INFO - Done. Returned value was: None
[2023-12-30T14:28:31.510+0000] {taskinstance.py:1406} INFO - Marking task as SUCCESS. dag_id=upload_data_to_s3, task_id=copy_csv_files_to_s3, execution_date=20220912T000000, start_date=20231230T142830, end_date=20231230T142831
[2023-12-30T14:28:31.566+0000] {local_task_job.py:164} INFO - Task exited with return code 0
[2023-12-30T14:28:31.606+0000] {local_task_job.py:273} INFO - 1 downstream tasks scheduled from follow-on schedule check
[2023-12-31T08:41:28.642+0000] {taskinstance.py:1165} INFO - Dependencies all met for <TaskInstance: upload_data_to_s3.copy_csv_files_to_s3 scheduled__2022-09-12T00:00:00+00:00 [queued]>
[2023-12-31T08:41:28.651+0000] {taskinstance.py:1165} INFO - Dependencies all met for <TaskInstance: upload_data_to_s3.copy_csv_files_to_s3 scheduled__2022-09-12T00:00:00+00:00 [queued]>
[2023-12-31T08:41:28.651+0000] {taskinstance.py:1362} INFO - 
--------------------------------------------------------------------------------
[2023-12-31T08:41:28.651+0000] {taskinstance.py:1363} INFO - Starting attempt 1 of 6
[2023-12-31T08:41:28.651+0000] {taskinstance.py:1364} INFO - 
--------------------------------------------------------------------------------
[2023-12-31T08:41:28.662+0000] {taskinstance.py:1383} INFO - Executing <Task(_PythonDecoratedOperator): copy_csv_files_to_s3> on 2022-09-12 00:00:00+00:00
[2023-12-31T08:41:28.667+0000] {standard_task_runner.py:55} INFO - Started process 1182 to run task
[2023-12-31T08:41:28.669+0000] {standard_task_runner.py:82} INFO - Running: ['***', 'tasks', 'run', 'upload_data_to_s3', 'copy_csv_files_to_s3', 'scheduled__2022-09-12T00:00:00+00:00', '--job-id', '240', '--raw', '--subdir', 'DAGS_FOLDER/upload_data_to_s3.py', '--cfg-path', '/tmp/tmpqtdsbkv9']
[2023-12-31T08:41:28.670+0000] {standard_task_runner.py:83} INFO - Job 240: Subtask copy_csv_files_to_s3
[2023-12-31T08:41:28.715+0000] {task_command.py:376} INFO - Running <TaskInstance: upload_data_to_s3.copy_csv_files_to_s3 scheduled__2022-09-12T00:00:00+00:00 [running]> on host 74fc787ceb01
[2023-12-31T08:41:28.769+0000] {taskinstance.py:1592} INFO - Exporting the following env vars:
AIRFLOW_CTX_DAG_OWNER=alonso_md
AIRFLOW_CTX_DAG_ID=upload_data_to_s3
AIRFLOW_CTX_TASK_ID=copy_csv_files_to_s3
AIRFLOW_CTX_EXECUTION_DATE=2022-09-12T00:00:00+00:00
AIRFLOW_CTX_TRY_NUMBER=1
AIRFLOW_CTX_DAG_RUN_ID=scheduled__2022-09-12T00:00:00+00:00
[2023-12-31T08:41:28.776+0000] {base.py:71} INFO - Using connection ID 'aws_default' for task execution.
[2023-12-31T08:41:28.776+0000] {connection_wrapper.py:340} INFO - AWS Connection (conn_id='aws_default', conn_type='aws') credentials retrieved from extra.
[2023-12-31T08:41:29.771+0000] {python.py:177} INFO - Done. Returned value was: None
[2023-12-31T08:41:29.780+0000] {taskinstance.py:1406} INFO - Marking task as SUCCESS. dag_id=upload_data_to_s3, task_id=copy_csv_files_to_s3, execution_date=20220912T000000, start_date=20231231T084128, end_date=20231231T084129
[2023-12-31T08:41:29.805+0000] {local_task_job.py:164} INFO - Task exited with return code 0
[2023-12-31T08:41:29.828+0000] {local_task_job.py:273} INFO - 1 downstream tasks scheduled from follow-on schedule check
