[2023-12-30T15:21:36.278+0000] {taskinstance.py:1165} INFO - Dependencies all met for <TaskInstance: run_dbt_model_cosmos.dbt_dwh_project.raw_daily_customer_cdc.raw_daily_customer_cdc_run scheduled__2022-09-10T00:00:00+00:00 [queued]>
[2023-12-30T15:21:36.298+0000] {taskinstance.py:1165} INFO - Dependencies all met for <TaskInstance: run_dbt_model_cosmos.dbt_dwh_project.raw_daily_customer_cdc.raw_daily_customer_cdc_run scheduled__2022-09-10T00:00:00+00:00 [queued]>
[2023-12-30T15:21:36.298+0000] {taskinstance.py:1362} INFO - 
--------------------------------------------------------------------------------
[2023-12-30T15:21:36.298+0000] {taskinstance.py:1363} INFO - Starting attempt 1 of 6
[2023-12-30T15:21:36.298+0000] {taskinstance.py:1364} INFO - 
--------------------------------------------------------------------------------
[2023-12-30T15:21:36.318+0000] {taskinstance.py:1383} INFO - Executing <Task(DbtRunLocalOperator): dbt_dwh_project.raw_daily_customer_cdc.raw_daily_customer_cdc_run> on 2022-09-10 00:00:00+00:00
[2023-12-30T15:21:36.327+0000] {standard_task_runner.py:55} INFO - Started process 19470 to run task
[2023-12-30T15:21:36.332+0000] {standard_task_runner.py:82} INFO - Running: ['***', 'tasks', 'run', 'run_dbt_model_cosmos', 'dbt_dwh_project.raw_daily_customer_cdc.raw_daily_customer_cdc_run', 'scheduled__2022-09-10T00:00:00+00:00', '--job-id', '169', '--raw', '--subdir', 'DAGS_FOLDER/run_dbt_models_cosmos.py', '--cfg-path', '/tmp/tmpnfhs57dh']
[2023-12-30T15:21:36.332+0000] {standard_task_runner.py:83} INFO - Job 169: Subtask dbt_dwh_project.raw_daily_customer_cdc.raw_daily_customer_cdc_run
[2023-12-30T15:21:36.436+0000] {task_command.py:376} INFO - Running <TaskInstance: run_dbt_model_cosmos.dbt_dwh_project.raw_daily_customer_cdc.raw_daily_customer_cdc_run scheduled__2022-09-10T00:00:00+00:00 [running]> on host 683423f116e7
[2023-12-30T15:21:36.539+0000] {taskinstance.py:1592} INFO - Exporting the following env vars:
AIRFLOW_CTX_DAG_OWNER=alonso_md
AIRFLOW_CTX_DAG_ID=run_dbt_model_cosmos
AIRFLOW_CTX_TASK_ID=dbt_dwh_project.raw_daily_customer_cdc.raw_daily_customer_cdc_run
AIRFLOW_CTX_EXECUTION_DATE=2022-09-10T00:00:00+00:00
AIRFLOW_CTX_TRY_NUMBER=1
AIRFLOW_CTX_DAG_RUN_ID=scheduled__2022-09-10T00:00:00+00:00
[2023-12-30T15:21:36.556+0000] {base.py:71} INFO - Using connection ID 'postgres_default' for task execution.
[2023-12-30T15:21:36.562+0000] {local.py:136} INFO - Cloning project to writable temp directory /tmp/tmpiumfaz6d from //opt/airflow/dags/../dbt/dwh
[2023-12-30T15:21:36.726+0000] {local.py:157} INFO - Trying to run the command:
 ['dbt', 'run', '--vars', '{"target_date": "2022-09-10"}', '--models', 'raw_daily_customer_cdc', '--profile', 'postgres_profile']
From /tmp/tmpiumfaz6d/dbt_project
[2023-12-30T15:21:36.726+0000] {adapted_subprocesshook.py:53} INFO - Tmp dir root location: 
 /tmp
[2023-12-30T15:21:36.727+0000] {adapted_subprocesshook.py:66} INFO - Running command: ['dbt', 'run', '--vars', '{"target_date": "2022-09-10"}', '--models', 'raw_daily_customer_cdc', '--profile', 'postgres_profile']
[2023-12-30T15:21:36.751+0000] {adapted_subprocesshook.py:77} INFO - Output:
[2023-12-30T15:21:38.880+0000] {adapted_subprocesshook.py:87} INFO - [0m15:21:38  Running with dbt=1.4.6
[2023-12-30T15:21:38.965+0000] {adapted_subprocesshook.py:87} INFO - [0m15:21:38  Unable to do partial parsing because config vars, config profile, or config target have changed
[2023-12-30T15:21:38.966+0000] {adapted_subprocesshook.py:87} INFO - [0m15:21:38  Unable to do partial parsing because profile has changed
[2023-12-30T15:21:38.966+0000] {adapted_subprocesshook.py:87} INFO - [0m15:21:38  Unable to do partial parsing because env vars used in profiles.yml have changed
[2023-12-30T15:21:40.792+0000] {adapted_subprocesshook.py:87} INFO - [0m15:21:40  Found 8 models, 15 tests, 0 snapshots, 0 analyses, 703 macros, 0 operations, 0 seed files, 3 sources, 0 exposures, 0 metrics
[2023-12-30T15:21:40.794+0000] {adapted_subprocesshook.py:87} INFO - [0m15:21:40
[2023-12-30T15:21:40.952+0000] {adapted_subprocesshook.py:87} INFO - [0m15:21:40  Concurrency: 1 threads (target='dev')
[2023-12-30T15:21:40.952+0000] {adapted_subprocesshook.py:87} INFO - [0m15:21:40
[2023-12-30T15:21:40.959+0000] {adapted_subprocesshook.py:87} INFO - [0m15:21:40  1 of 1 START sql view model bronze.raw_daily_customer_cdc ...................... [RUN]
[2023-12-30T15:21:41.058+0000] {adapted_subprocesshook.py:87} INFO - [0m15:21:41  1 of 1 OK created sql view model bronze.raw_daily_customer_cdc ................. [[32mCREATE VIEW[0m in 0.10s]
[2023-12-30T15:21:41.166+0000] {adapted_subprocesshook.py:87} INFO - [0m15:21:41
[2023-12-30T15:21:41.166+0000] {adapted_subprocesshook.py:87} INFO - [0m15:21:41  Finished running 1 view model in 0 hours 0 minutes and 0.37 seconds (0.37s).
[2023-12-30T15:21:41.179+0000] {adapted_subprocesshook.py:87} INFO - [0m15:21:41
[2023-12-30T15:21:41.180+0000] {adapted_subprocesshook.py:87} INFO - [0m15:21:41  [32mCompleted successfully[0m
[2023-12-30T15:21:41.180+0000] {adapted_subprocesshook.py:87} INFO - [0m15:21:41
[2023-12-30T15:21:41.180+0000] {adapted_subprocesshook.py:87} INFO - [0m15:21:41  Done. PASS=1 WARN=0 ERROR=0 SKIP=0 TOTAL=1
[2023-12-30T15:21:42.321+0000] {adapted_subprocesshook.py:91} INFO - Command exited with return code 0
[2023-12-30T15:21:42.383+0000] {taskinstance.py:1406} INFO - Marking task as SUCCESS. dag_id=run_dbt_model_cosmos, task_id=dbt_***_project.raw_daily_customer_cdc.raw_daily_customer_cdc_run, execution_date=20220910T000000, start_date=20231230T152136, end_date=20231230T152142
[2023-12-30T15:21:42.430+0000] {local_task_job.py:164} INFO - Task exited with return code 0
[2023-12-30T15:21:42.497+0000] {local_task_job.py:273} INFO - 1 downstream tasks scheduled from follow-on schedule check
