[2023-12-30T15:24:21.141+0000] {taskinstance.py:1165} INFO - Dependencies all met for <TaskInstance: run_dbt_model_cosmos.copy_dbt_target_files_to_s3 scheduled__2022-09-12T00:00:00+00:00 [queued]>
[2023-12-30T15:24:21.152+0000] {taskinstance.py:1165} INFO - Dependencies all met for <TaskInstance: run_dbt_model_cosmos.copy_dbt_target_files_to_s3 scheduled__2022-09-12T00:00:00+00:00 [queued]>
[2023-12-30T15:24:21.152+0000] {taskinstance.py:1362} INFO - 
--------------------------------------------------------------------------------
[2023-12-30T15:24:21.152+0000] {taskinstance.py:1363} INFO - Starting attempt 1 of 6
[2023-12-30T15:24:21.153+0000] {taskinstance.py:1364} INFO - 
--------------------------------------------------------------------------------
[2023-12-30T15:24:21.165+0000] {taskinstance.py:1383} INFO - Executing <Task(_PythonDecoratedOperator): copy_dbt_target_files_to_s3> on 2022-09-12 00:00:00+00:00
[2023-12-30T15:24:21.170+0000] {standard_task_runner.py:55} INFO - Started process 21142 to run task
[2023-12-30T15:24:21.173+0000] {standard_task_runner.py:82} INFO - Running: ['***', 'tasks', 'run', 'run_dbt_model_cosmos', 'copy_dbt_target_files_to_s3', 'scheduled__2022-09-12T00:00:00+00:00', '--job-id', '231', '--raw', '--subdir', 'DAGS_FOLDER/run_dbt_models_cosmos.py', '--cfg-path', '/tmp/tmp33qkauyb']
[2023-12-30T15:24:21.174+0000] {standard_task_runner.py:83} INFO - Job 231: Subtask copy_dbt_target_files_to_s3
[2023-12-30T15:24:21.222+0000] {task_command.py:376} INFO - Running <TaskInstance: run_dbt_model_cosmos.copy_dbt_target_files_to_s3 scheduled__2022-09-12T00:00:00+00:00 [running]> on host 683423f116e7
[2023-12-30T15:24:21.280+0000] {taskinstance.py:1592} INFO - Exporting the following env vars:
AIRFLOW_CTX_DAG_OWNER=alonso_md
AIRFLOW_CTX_DAG_ID=run_dbt_model_cosmos
AIRFLOW_CTX_TASK_ID=copy_dbt_target_files_to_s3
AIRFLOW_CTX_EXECUTION_DATE=2022-09-12T00:00:00+00:00
AIRFLOW_CTX_TRY_NUMBER=1
AIRFLOW_CTX_DAG_RUN_ID=scheduled__2022-09-12T00:00:00+00:00
[2023-12-30T15:24:21.288+0000] {base.py:71} INFO - Using connection ID 'aws_default' for task execution.
[2023-12-30T15:24:21.289+0000] {connection_wrapper.py:340} INFO - AWS Connection (conn_id='aws_default', conn_type='aws') credentials retrieved from extra.
[2023-12-30T15:24:21.813+0000] {python.py:177} INFO - Done. Returned value was: None
[2023-12-30T15:24:21.830+0000] {taskinstance.py:1406} INFO - Marking task as SUCCESS. dag_id=run_dbt_model_cosmos, task_id=copy_dbt_target_files_to_s3, execution_date=20220912T000000, start_date=20231230T152421, end_date=20231230T152421
[2023-12-30T15:24:21.867+0000] {local_task_job.py:164} INFO - Task exited with return code 0
[2023-12-30T15:24:21.889+0000] {local_task_job.py:273} INFO - 0 downstream tasks scheduled from follow-on schedule check
