[2023-12-30T15:21:40.648+0000] {taskinstance.py:1165} INFO - Dependencies all met for <TaskInstance: import_soccer_teams_data.load_data_Midfielder_players scheduled__2023-12-29T00:00:00+00:00 [queued]>
[2023-12-30T15:21:40.657+0000] {taskinstance.py:1165} INFO - Dependencies all met for <TaskInstance: import_soccer_teams_data.load_data_Midfielder_players scheduled__2023-12-29T00:00:00+00:00 [queued]>
[2023-12-30T15:21:40.657+0000] {taskinstance.py:1362} INFO - 
--------------------------------------------------------------------------------
[2023-12-30T15:21:40.657+0000] {taskinstance.py:1363} INFO - Starting attempt 1 of 1
[2023-12-30T15:21:40.657+0000] {taskinstance.py:1364} INFO - 
--------------------------------------------------------------------------------
[2023-12-30T15:21:40.673+0000] {taskinstance.py:1383} INFO - Executing <Task(PostgresOperator): load_data_Midfielder_players> on 2023-12-29 00:00:00+00:00
[2023-12-30T15:21:40.680+0000] {standard_task_runner.py:55} INFO - Started process 19565 to run task
[2023-12-30T15:21:40.684+0000] {standard_task_runner.py:82} INFO - Running: ['***', 'tasks', 'run', 'import_soccer_teams_data', 'load_data_Midfielder_players', 'scheduled__2023-12-29T00:00:00+00:00', '--job-id', '176', '--raw', '--subdir', 'DAGS_FOLDER/import_soccer_teams_data.py', '--cfg-path', '/tmp/tmpjvz5hj31']
[2023-12-30T15:21:40.686+0000] {standard_task_runner.py:83} INFO - Job 176: Subtask load_data_Midfielder_players
[2023-12-30T15:21:40.761+0000] {task_command.py:376} INFO - Running <TaskInstance: import_soccer_teams_data.load_data_Midfielder_players scheduled__2023-12-29T00:00:00+00:00 [running]> on host 683423f116e7
[2023-12-30T15:21:40.830+0000] {taskinstance.py:1592} INFO - Exporting the following env vars:
AIRFLOW_CTX_DAG_OWNER=***
AIRFLOW_CTX_DAG_ID=import_soccer_teams_data
AIRFLOW_CTX_TASK_ID=load_data_Midfielder_players
AIRFLOW_CTX_EXECUTION_DATE=2023-12-29T00:00:00+00:00
AIRFLOW_CTX_TRY_NUMBER=1
AIRFLOW_CTX_DAG_RUN_ID=scheduled__2023-12-29T00:00:00+00:00
[2023-12-30T15:21:40.838+0000] {base.py:71} INFO - Using connection ID 'postgres_default' for task execution.
[2023-12-30T15:21:40.841+0000] {sql.py:375} INFO - Running statement: 
            DELETE FROM ods.soccer_players_Midfielder;
            INSERT INTO ods.soccer_players_Midfielder
            SELECT
                player_id,
                name,
                age,
                number,
                position,
                photo
            FROM ods.soccer_players
            WHERE position = 'Midfielder';
            , parameters: None
[2023-12-30T15:21:40.843+0000] {sql.py:384} INFO - Rows affected: 10
[2023-12-30T15:21:40.858+0000] {taskinstance.py:1406} INFO - Marking task as SUCCESS. dag_id=import_soccer_teams_data, task_id=load_data_Midfielder_players, execution_date=20231229T000000, start_date=20231230T152140, end_date=20231230T152140
[2023-12-30T15:21:40.895+0000] {local_task_job.py:164} INFO - Task exited with return code 0
[2023-12-30T15:21:40.929+0000] {local_task_job.py:273} INFO - 0 downstream tasks scheduled from follow-on schedule check
