[2023-12-30T14:56:33.426+0000] {taskinstance.py:1165} INFO - Dependencies all met for <TaskInstance: dbt_model.run_dbt_gold_models scheduled__2022-09-12T00:00:00+00:00 [queued]>
[2023-12-30T14:56:33.438+0000] {taskinstance.py:1165} INFO - Dependencies all met for <TaskInstance: dbt_model.run_dbt_gold_models scheduled__2022-09-12T00:00:00+00:00 [queued]>
[2023-12-30T14:56:33.438+0000] {taskinstance.py:1362} INFO - 
--------------------------------------------------------------------------------
[2023-12-30T14:56:33.438+0000] {taskinstance.py:1363} INFO - Starting attempt 1 of 6
[2023-12-30T14:56:33.438+0000] {taskinstance.py:1364} INFO - 
--------------------------------------------------------------------------------
[2023-12-30T14:56:33.452+0000] {taskinstance.py:1383} INFO - Executing <Task(BashOperator): run_dbt_gold_models> on 2022-09-12 00:00:00+00:00
[2023-12-30T14:56:33.459+0000] {standard_task_runner.py:55} INFO - Started process 18238 to run task
[2023-12-30T14:56:33.462+0000] {standard_task_runner.py:82} INFO - Running: ['***', 'tasks', 'run', 'dbt_model', 'run_dbt_gold_models', 'scheduled__2022-09-12T00:00:00+00:00', '--job-id', '162', '--raw', '--subdir', 'DAGS_FOLDER/run_dbt._models.py', '--cfg-path', '/tmp/tmpfmz20otu']
[2023-12-30T14:56:33.462+0000] {standard_task_runner.py:83} INFO - Job 162: Subtask run_dbt_gold_models
[2023-12-30T14:56:33.532+0000] {task_command.py:376} INFO - Running <TaskInstance: dbt_model.run_dbt_gold_models scheduled__2022-09-12T00:00:00+00:00 [running]> on host 683423f116e7
[2023-12-30T14:56:33.610+0000] {taskinstance.py:1592} INFO - Exporting the following env vars:
AIRFLOW_CTX_DAG_OWNER=alonso_md
AIRFLOW_CTX_DAG_ID=dbt_model
AIRFLOW_CTX_TASK_ID=run_dbt_gold_models
AIRFLOW_CTX_EXECUTION_DATE=2022-09-12T00:00:00+00:00
AIRFLOW_CTX_TRY_NUMBER=1
AIRFLOW_CTX_DAG_RUN_ID=scheduled__2022-09-12T00:00:00+00:00
[2023-12-30T14:56:33.611+0000] {subprocess.py:63} INFO - Tmp dir root location: 
 /tmp
[2023-12-30T14:56:33.612+0000] {subprocess.py:75} INFO - Running command: ['/bin/bash', '-c', "    dbt run     --profiles-dir //opt/***/dags/../dbt/     --project-dir ///opt/***/dags/../dbt//dwh     --target prod_*** --vars '{ target_date: 2022-09-12 }' --select gold"]
[2023-12-30T14:56:33.625+0000] {subprocess.py:86} INFO - Output:
[2023-12-30T14:56:35.641+0000] {subprocess.py:93} INFO - [0m14:56:35  Running with dbt=1.4.6
[2023-12-30T14:56:35.750+0000] {subprocess.py:93} INFO - [0m14:56:35  Found 8 models, 15 tests, 0 snapshots, 0 analyses, 703 macros, 0 operations, 0 seed files, 3 sources, 0 exposures, 0 metrics
[2023-12-30T14:56:35.752+0000] {subprocess.py:93} INFO - [0m14:56:35
[2023-12-30T14:56:35.829+0000] {subprocess.py:93} INFO - [0m14:56:35  Concurrency: 4 threads (target='prod_***')
[2023-12-30T14:56:35.830+0000] {subprocess.py:93} INFO - [0m14:56:35
[2023-12-30T14:56:35.837+0000] {subprocess.py:93} INFO - [0m14:56:35  1 of 2 START sql incremental model gold.loan_transactions_w_drivers ............ [RUN]
[2023-12-30T14:56:36.021+0000] {subprocess.py:93} INFO - [0m14:56:36  1 of 2 OK created sql incremental model gold.loan_transactions_w_drivers ....... [[32mINSERT 0 9444[0m in 0.18s]
[2023-12-30T14:56:36.023+0000] {subprocess.py:93} INFO - [0m14:56:36  2 of 2 START sql incremental model gold.agg_loan_transactions .................. [RUN]
[2023-12-30T14:56:36.089+0000] {subprocess.py:93} INFO - [0m14:56:36  2 of 2 OK created sql incremental model gold.agg_loan_transactions ............. [[32mINSERT 0 122[0m in 0.07s]
[2023-12-30T14:56:36.151+0000] {subprocess.py:93} INFO - [0m14:56:36
[2023-12-30T14:56:36.152+0000] {subprocess.py:93} INFO - [0m14:56:36  Finished running 2 incremental models in 0 hours 0 minutes and 0.40 seconds (0.40s).
[2023-12-30T14:56:36.261+0000] {subprocess.py:93} INFO - [0m14:56:36
[2023-12-30T14:56:36.261+0000] {subprocess.py:93} INFO - [0m14:56:36  [32mCompleted successfully[0m
[2023-12-30T14:56:36.262+0000] {subprocess.py:93} INFO - [0m14:56:36
[2023-12-30T14:56:36.262+0000] {subprocess.py:93} INFO - [0m14:56:36  Done. PASS=2 WARN=0 ERROR=0 SKIP=0 TOTAL=2
[2023-12-30T14:56:37.084+0000] {subprocess.py:97} INFO - Command exited with return code 0
[2023-12-30T14:56:37.109+0000] {taskinstance.py:1406} INFO - Marking task as SUCCESS. dag_id=dbt_model, task_id=run_dbt_gold_models, execution_date=20220912T000000, start_date=20231230T145633, end_date=20231230T145637
[2023-12-30T14:56:37.130+0000] {local_task_job.py:164} INFO - Task exited with return code 0
[2023-12-30T14:56:37.165+0000] {local_task_job.py:273} INFO - 1 downstream tasks scheduled from follow-on schedule check
