[2023-12-31T08:11:35.004+0000] {processor.py:154} INFO - Started process (PID=53) to work on /opt/airflow/dags/upload_data_to_s3.py
[2023-12-31T08:11:35.005+0000] {processor.py:756} INFO - Processing file /opt/airflow/dags/upload_data_to_s3.py for tasks to queue
[2023-12-31T08:11:35.006+0000] {logging_mixin.py:120} INFO - [2023-12-31T08:11:35.006+0000] {dagbag.py:537} INFO - Filling up the DagBag from /opt/airflow/dags/upload_data_to_s3.py
[2023-12-31T08:11:35.105+0000] {processor.py:766} INFO - DAG(s) dict_keys(['upload_data_to_s3']) retrieved from /opt/airflow/dags/upload_data_to_s3.py
[2023-12-31T08:11:35.124+0000] {logging_mixin.py:120} INFO - [2023-12-31T08:11:35.124+0000] {dag.py:2585} INFO - Sync 1 DAGs
[2023-12-31T08:11:35.145+0000] {logging_mixin.py:120} INFO - [2023-12-31T08:11:35.145+0000] {dag.py:3340} INFO - Setting next_dagrun for upload_data_to_s3 to None, run_after=None
[2023-12-31T08:11:35.161+0000] {processor.py:176} INFO - Processing /opt/airflow/dags/upload_data_to_s3.py took 0.160 seconds
[2023-12-31T08:18:47.165+0000] {processor.py:154} INFO - Started process (PID=62) to work on /opt/airflow/dags/upload_data_to_s3.py
[2023-12-31T08:18:47.167+0000] {processor.py:756} INFO - Processing file /opt/airflow/dags/upload_data_to_s3.py for tasks to queue
[2023-12-31T08:18:47.167+0000] {logging_mixin.py:120} INFO - [2023-12-31T08:18:47.167+0000] {dagbag.py:537} INFO - Filling up the DagBag from /opt/airflow/dags/upload_data_to_s3.py
[2023-12-31T08:18:47.306+0000] {processor.py:766} INFO - DAG(s) dict_keys(['upload_data_to_s3']) retrieved from /opt/airflow/dags/upload_data_to_s3.py
[2023-12-31T08:18:47.365+0000] {logging_mixin.py:120} INFO - [2023-12-31T08:18:47.364+0000] {dag.py:2585} INFO - Sync 1 DAGs
[2023-12-31T08:18:47.392+0000] {logging_mixin.py:120} INFO - [2023-12-31T08:18:47.392+0000] {dag.py:3340} INFO - Setting next_dagrun for upload_data_to_s3 to None, run_after=None
[2023-12-31T08:18:47.414+0000] {processor.py:176} INFO - Processing /opt/airflow/dags/upload_data_to_s3.py took 0.254 seconds
[2023-12-31T08:19:18.127+0000] {processor.py:154} INFO - Started process (PID=84) to work on /opt/airflow/dags/upload_data_to_s3.py
[2023-12-31T08:19:18.128+0000] {processor.py:756} INFO - Processing file /opt/airflow/dags/upload_data_to_s3.py for tasks to queue
[2023-12-31T08:19:18.129+0000] {logging_mixin.py:120} INFO - [2023-12-31T08:19:18.128+0000] {dagbag.py:537} INFO - Filling up the DagBag from /opt/airflow/dags/upload_data_to_s3.py
[2023-12-31T08:19:18.213+0000] {processor.py:766} INFO - DAG(s) dict_keys(['upload_data_to_s3']) retrieved from /opt/airflow/dags/upload_data_to_s3.py
[2023-12-31T08:19:18.234+0000] {logging_mixin.py:120} INFO - [2023-12-31T08:19:18.233+0000] {dag.py:2585} INFO - Sync 1 DAGs
[2023-12-31T08:19:18.250+0000] {logging_mixin.py:120} INFO - [2023-12-31T08:19:18.250+0000] {dag.py:3340} INFO - Setting next_dagrun for upload_data_to_s3 to None, run_after=None
[2023-12-31T08:19:18.265+0000] {processor.py:176} INFO - Processing /opt/airflow/dags/upload_data_to_s3.py took 0.139 seconds
[2023-12-31T08:19:48.822+0000] {processor.py:154} INFO - Started process (PID=118) to work on /opt/airflow/dags/upload_data_to_s3.py
[2023-12-31T08:19:48.823+0000] {processor.py:756} INFO - Processing file /opt/airflow/dags/upload_data_to_s3.py for tasks to queue
[2023-12-31T08:19:48.823+0000] {logging_mixin.py:120} INFO - [2023-12-31T08:19:48.823+0000] {dagbag.py:537} INFO - Filling up the DagBag from /opt/airflow/dags/upload_data_to_s3.py
[2023-12-31T08:19:48.904+0000] {processor.py:766} INFO - DAG(s) dict_keys(['upload_data_to_s3']) retrieved from /opt/airflow/dags/upload_data_to_s3.py
[2023-12-31T08:19:48.923+0000] {logging_mixin.py:120} INFO - [2023-12-31T08:19:48.923+0000] {dag.py:2585} INFO - Sync 1 DAGs
[2023-12-31T08:19:48.941+0000] {logging_mixin.py:120} INFO - [2023-12-31T08:19:48.941+0000] {dag.py:3340} INFO - Setting next_dagrun for upload_data_to_s3 to None, run_after=None
[2023-12-31T08:19:48.956+0000] {processor.py:176} INFO - Processing /opt/airflow/dags/upload_data_to_s3.py took 0.136 seconds
[2023-12-31T08:20:19.440+0000] {processor.py:154} INFO - Started process (PID=150) to work on /opt/airflow/dags/upload_data_to_s3.py
[2023-12-31T08:20:19.441+0000] {processor.py:756} INFO - Processing file /opt/airflow/dags/upload_data_to_s3.py for tasks to queue
[2023-12-31T08:20:19.441+0000] {logging_mixin.py:120} INFO - [2023-12-31T08:20:19.441+0000] {dagbag.py:537} INFO - Filling up the DagBag from /opt/airflow/dags/upload_data_to_s3.py
[2023-12-31T08:20:19.520+0000] {processor.py:766} INFO - DAG(s) dict_keys(['upload_data_to_s3']) retrieved from /opt/airflow/dags/upload_data_to_s3.py
[2023-12-31T08:20:19.536+0000] {logging_mixin.py:120} INFO - [2023-12-31T08:20:19.536+0000] {dag.py:2585} INFO - Sync 1 DAGs
[2023-12-31T08:20:19.553+0000] {logging_mixin.py:120} INFO - [2023-12-31T08:20:19.553+0000] {dag.py:3340} INFO - Setting next_dagrun for upload_data_to_s3 to None, run_after=None
[2023-12-31T08:20:19.567+0000] {processor.py:176} INFO - Processing /opt/airflow/dags/upload_data_to_s3.py took 0.129 seconds
[2023-12-31T08:20:50.032+0000] {processor.py:154} INFO - Started process (PID=182) to work on /opt/airflow/dags/upload_data_to_s3.py
[2023-12-31T08:20:50.033+0000] {processor.py:756} INFO - Processing file /opt/airflow/dags/upload_data_to_s3.py for tasks to queue
[2023-12-31T08:20:50.033+0000] {logging_mixin.py:120} INFO - [2023-12-31T08:20:50.033+0000] {dagbag.py:537} INFO - Filling up the DagBag from /opt/airflow/dags/upload_data_to_s3.py
[2023-12-31T08:20:50.120+0000] {processor.py:766} INFO - DAG(s) dict_keys(['upload_data_to_s3']) retrieved from /opt/airflow/dags/upload_data_to_s3.py
[2023-12-31T08:20:50.137+0000] {logging_mixin.py:120} INFO - [2023-12-31T08:20:50.137+0000] {dag.py:2585} INFO - Sync 1 DAGs
[2023-12-31T08:20:50.155+0000] {logging_mixin.py:120} INFO - [2023-12-31T08:20:50.155+0000] {dag.py:3340} INFO - Setting next_dagrun for upload_data_to_s3 to None, run_after=None
[2023-12-31T08:20:50.167+0000] {processor.py:176} INFO - Processing /opt/airflow/dags/upload_data_to_s3.py took 0.138 seconds
[2023-12-31T08:21:20.799+0000] {processor.py:154} INFO - Started process (PID=214) to work on /opt/airflow/dags/upload_data_to_s3.py
[2023-12-31T08:21:20.800+0000] {processor.py:756} INFO - Processing file /opt/airflow/dags/upload_data_to_s3.py for tasks to queue
[2023-12-31T08:21:20.800+0000] {logging_mixin.py:120} INFO - [2023-12-31T08:21:20.800+0000] {dagbag.py:537} INFO - Filling up the DagBag from /opt/airflow/dags/upload_data_to_s3.py
[2023-12-31T08:21:20.920+0000] {processor.py:766} INFO - DAG(s) dict_keys(['upload_data_to_s3']) retrieved from /opt/airflow/dags/upload_data_to_s3.py
[2023-12-31T08:21:20.950+0000] {logging_mixin.py:120} INFO - [2023-12-31T08:21:20.949+0000] {dag.py:2585} INFO - Sync 1 DAGs
[2023-12-31T08:21:20.971+0000] {logging_mixin.py:120} INFO - [2023-12-31T08:21:20.971+0000] {dag.py:3340} INFO - Setting next_dagrun for upload_data_to_s3 to None, run_after=None
[2023-12-31T08:21:21.002+0000] {processor.py:176} INFO - Processing /opt/airflow/dags/upload_data_to_s3.py took 0.206 seconds
[2023-12-31T08:21:51.563+0000] {processor.py:154} INFO - Started process (PID=236) to work on /opt/airflow/dags/upload_data_to_s3.py
[2023-12-31T08:21:51.564+0000] {processor.py:756} INFO - Processing file /opt/airflow/dags/upload_data_to_s3.py for tasks to queue
[2023-12-31T08:21:51.564+0000] {logging_mixin.py:120} INFO - [2023-12-31T08:21:51.564+0000] {dagbag.py:537} INFO - Filling up the DagBag from /opt/airflow/dags/upload_data_to_s3.py
[2023-12-31T08:21:51.665+0000] {processor.py:766} INFO - DAG(s) dict_keys(['upload_data_to_s3']) retrieved from /opt/airflow/dags/upload_data_to_s3.py
[2023-12-31T08:21:51.688+0000] {logging_mixin.py:120} INFO - [2023-12-31T08:21:51.688+0000] {dag.py:2585} INFO - Sync 1 DAGs
[2023-12-31T08:21:51.709+0000] {logging_mixin.py:120} INFO - [2023-12-31T08:21:51.709+0000] {dag.py:3340} INFO - Setting next_dagrun for upload_data_to_s3 to None, run_after=None
[2023-12-31T08:21:51.727+0000] {processor.py:176} INFO - Processing /opt/airflow/dags/upload_data_to_s3.py took 0.167 seconds
[2023-12-31T08:22:22.212+0000] {processor.py:154} INFO - Started process (PID=268) to work on /opt/airflow/dags/upload_data_to_s3.py
[2023-12-31T08:22:22.213+0000] {processor.py:756} INFO - Processing file /opt/airflow/dags/upload_data_to_s3.py for tasks to queue
[2023-12-31T08:22:22.213+0000] {logging_mixin.py:120} INFO - [2023-12-31T08:22:22.213+0000] {dagbag.py:537} INFO - Filling up the DagBag from /opt/airflow/dags/upload_data_to_s3.py
[2023-12-31T08:22:22.299+0000] {processor.py:766} INFO - DAG(s) dict_keys(['upload_data_to_s3']) retrieved from /opt/airflow/dags/upload_data_to_s3.py
[2023-12-31T08:22:22.316+0000] {logging_mixin.py:120} INFO - [2023-12-31T08:22:22.316+0000] {dag.py:2585} INFO - Sync 1 DAGs
[2023-12-31T08:22:22.332+0000] {logging_mixin.py:120} INFO - [2023-12-31T08:22:22.332+0000] {dag.py:3340} INFO - Setting next_dagrun for upload_data_to_s3 to None, run_after=None
[2023-12-31T08:22:22.345+0000] {processor.py:176} INFO - Processing /opt/airflow/dags/upload_data_to_s3.py took 0.135 seconds
[2023-12-31T08:22:52.873+0000] {processor.py:154} INFO - Started process (PID=300) to work on /opt/airflow/dags/upload_data_to_s3.py
[2023-12-31T08:22:52.874+0000] {processor.py:756} INFO - Processing file /opt/airflow/dags/upload_data_to_s3.py for tasks to queue
[2023-12-31T08:22:52.874+0000] {logging_mixin.py:120} INFO - [2023-12-31T08:22:52.874+0000] {dagbag.py:537} INFO - Filling up the DagBag from /opt/airflow/dags/upload_data_to_s3.py
[2023-12-31T08:22:52.956+0000] {processor.py:766} INFO - DAG(s) dict_keys(['upload_data_to_s3']) retrieved from /opt/airflow/dags/upload_data_to_s3.py
[2023-12-31T08:22:52.972+0000] {logging_mixin.py:120} INFO - [2023-12-31T08:22:52.972+0000] {dag.py:2585} INFO - Sync 1 DAGs
[2023-12-31T08:22:52.988+0000] {logging_mixin.py:120} INFO - [2023-12-31T08:22:52.988+0000] {dag.py:3340} INFO - Setting next_dagrun for upload_data_to_s3 to None, run_after=None
[2023-12-31T08:22:53.110+0000] {processor.py:176} INFO - Processing /opt/airflow/dags/upload_data_to_s3.py took 0.240 seconds
[2023-12-31T08:23:23.429+0000] {processor.py:154} INFO - Started process (PID=332) to work on /opt/airflow/dags/upload_data_to_s3.py
[2023-12-31T08:23:23.430+0000] {processor.py:756} INFO - Processing file /opt/airflow/dags/upload_data_to_s3.py for tasks to queue
[2023-12-31T08:23:23.431+0000] {logging_mixin.py:120} INFO - [2023-12-31T08:23:23.431+0000] {dagbag.py:537} INFO - Filling up the DagBag from /opt/airflow/dags/upload_data_to_s3.py
[2023-12-31T08:23:23.509+0000] {processor.py:766} INFO - DAG(s) dict_keys(['upload_data_to_s3']) retrieved from /opt/airflow/dags/upload_data_to_s3.py
[2023-12-31T08:23:23.526+0000] {logging_mixin.py:120} INFO - [2023-12-31T08:23:23.526+0000] {dag.py:2585} INFO - Sync 1 DAGs
[2023-12-31T08:23:23.542+0000] {logging_mixin.py:120} INFO - [2023-12-31T08:23:23.542+0000] {dag.py:3340} INFO - Setting next_dagrun for upload_data_to_s3 to None, run_after=None
[2023-12-31T08:23:23.556+0000] {processor.py:176} INFO - Processing /opt/airflow/dags/upload_data_to_s3.py took 0.128 seconds
[2023-12-31T08:23:54.046+0000] {processor.py:154} INFO - Started process (PID=364) to work on /opt/airflow/dags/upload_data_to_s3.py
[2023-12-31T08:23:54.048+0000] {processor.py:756} INFO - Processing file /opt/airflow/dags/upload_data_to_s3.py for tasks to queue
[2023-12-31T08:23:54.049+0000] {logging_mixin.py:120} INFO - [2023-12-31T08:23:54.049+0000] {dagbag.py:537} INFO - Filling up the DagBag from /opt/airflow/dags/upload_data_to_s3.py
[2023-12-31T08:23:54.127+0000] {processor.py:766} INFO - DAG(s) dict_keys(['upload_data_to_s3']) retrieved from /opt/airflow/dags/upload_data_to_s3.py
[2023-12-31T08:23:54.149+0000] {logging_mixin.py:120} INFO - [2023-12-31T08:23:54.149+0000] {dag.py:2585} INFO - Sync 1 DAGs
[2023-12-31T08:23:54.170+0000] {logging_mixin.py:120} INFO - [2023-12-31T08:23:54.170+0000] {dag.py:3340} INFO - Setting next_dagrun for upload_data_to_s3 to None, run_after=None
[2023-12-31T08:23:54.184+0000] {processor.py:176} INFO - Processing /opt/airflow/dags/upload_data_to_s3.py took 0.140 seconds
[2023-12-31T08:24:24.669+0000] {processor.py:154} INFO - Started process (PID=387) to work on /opt/airflow/dags/upload_data_to_s3.py
[2023-12-31T08:24:24.670+0000] {processor.py:756} INFO - Processing file /opt/airflow/dags/upload_data_to_s3.py for tasks to queue
[2023-12-31T08:24:24.670+0000] {logging_mixin.py:120} INFO - [2023-12-31T08:24:24.670+0000] {dagbag.py:537} INFO - Filling up the DagBag from /opt/airflow/dags/upload_data_to_s3.py
[2023-12-31T08:24:24.749+0000] {processor.py:766} INFO - DAG(s) dict_keys(['upload_data_to_s3']) retrieved from /opt/airflow/dags/upload_data_to_s3.py
[2023-12-31T08:24:24.767+0000] {logging_mixin.py:120} INFO - [2023-12-31T08:24:24.767+0000] {dag.py:2585} INFO - Sync 1 DAGs
[2023-12-31T08:24:24.785+0000] {logging_mixin.py:120} INFO - [2023-12-31T08:24:24.784+0000] {dag.py:3340} INFO - Setting next_dagrun for upload_data_to_s3 to None, run_after=None
[2023-12-31T08:24:24.799+0000] {processor.py:176} INFO - Processing /opt/airflow/dags/upload_data_to_s3.py took 0.132 seconds
[2023-12-31T08:24:55.279+0000] {processor.py:154} INFO - Started process (PID=419) to work on /opt/airflow/dags/upload_data_to_s3.py
[2023-12-31T08:24:55.280+0000] {processor.py:756} INFO - Processing file /opt/airflow/dags/upload_data_to_s3.py for tasks to queue
[2023-12-31T08:24:55.280+0000] {logging_mixin.py:120} INFO - [2023-12-31T08:24:55.280+0000] {dagbag.py:537} INFO - Filling up the DagBag from /opt/airflow/dags/upload_data_to_s3.py
[2023-12-31T08:24:55.359+0000] {processor.py:766} INFO - DAG(s) dict_keys(['upload_data_to_s3']) retrieved from /opt/airflow/dags/upload_data_to_s3.py
[2023-12-31T08:24:55.376+0000] {logging_mixin.py:120} INFO - [2023-12-31T08:24:55.375+0000] {dag.py:2585} INFO - Sync 1 DAGs
[2023-12-31T08:24:55.392+0000] {logging_mixin.py:120} INFO - [2023-12-31T08:24:55.392+0000] {dag.py:3340} INFO - Setting next_dagrun for upload_data_to_s3 to None, run_after=None
[2023-12-31T08:24:55.405+0000] {processor.py:176} INFO - Processing /opt/airflow/dags/upload_data_to_s3.py took 0.128 seconds
[2023-12-31T08:25:25.908+0000] {processor.py:154} INFO - Started process (PID=452) to work on /opt/airflow/dags/upload_data_to_s3.py
[2023-12-31T08:25:25.909+0000] {processor.py:756} INFO - Processing file /opt/airflow/dags/upload_data_to_s3.py for tasks to queue
[2023-12-31T08:25:25.910+0000] {logging_mixin.py:120} INFO - [2023-12-31T08:25:25.909+0000] {dagbag.py:537} INFO - Filling up the DagBag from /opt/airflow/dags/upload_data_to_s3.py
[2023-12-31T08:25:26.002+0000] {processor.py:766} INFO - DAG(s) dict_keys(['upload_data_to_s3']) retrieved from /opt/airflow/dags/upload_data_to_s3.py
[2023-12-31T08:25:26.026+0000] {logging_mixin.py:120} INFO - [2023-12-31T08:25:26.026+0000] {dag.py:2585} INFO - Sync 1 DAGs
[2023-12-31T08:25:26.046+0000] {logging_mixin.py:120} INFO - [2023-12-31T08:25:26.046+0000] {dag.py:3340} INFO - Setting next_dagrun for upload_data_to_s3 to None, run_after=None
[2023-12-31T08:25:26.061+0000] {processor.py:176} INFO - Processing /opt/airflow/dags/upload_data_to_s3.py took 0.155 seconds
[2023-12-31T08:25:56.579+0000] {processor.py:154} INFO - Started process (PID=484) to work on /opt/airflow/dags/upload_data_to_s3.py
[2023-12-31T08:25:56.580+0000] {processor.py:756} INFO - Processing file /opt/airflow/dags/upload_data_to_s3.py for tasks to queue
[2023-12-31T08:25:56.580+0000] {logging_mixin.py:120} INFO - [2023-12-31T08:25:56.580+0000] {dagbag.py:537} INFO - Filling up the DagBag from /opt/airflow/dags/upload_data_to_s3.py
[2023-12-31T08:25:56.665+0000] {processor.py:766} INFO - DAG(s) dict_keys(['upload_data_to_s3']) retrieved from /opt/airflow/dags/upload_data_to_s3.py
[2023-12-31T08:25:56.689+0000] {logging_mixin.py:120} INFO - [2023-12-31T08:25:56.689+0000] {dag.py:2585} INFO - Sync 1 DAGs
[2023-12-31T08:25:56.707+0000] {logging_mixin.py:120} INFO - [2023-12-31T08:25:56.707+0000] {dag.py:3340} INFO - Setting next_dagrun for upload_data_to_s3 to None, run_after=None
[2023-12-31T08:25:56.819+0000] {processor.py:176} INFO - Processing /opt/airflow/dags/upload_data_to_s3.py took 0.243 seconds
[2023-12-31T08:26:27.166+0000] {processor.py:154} INFO - Started process (PID=516) to work on /opt/airflow/dags/upload_data_to_s3.py
[2023-12-31T08:26:27.167+0000] {processor.py:756} INFO - Processing file /opt/airflow/dags/upload_data_to_s3.py for tasks to queue
[2023-12-31T08:26:27.167+0000] {logging_mixin.py:120} INFO - [2023-12-31T08:26:27.167+0000] {dagbag.py:537} INFO - Filling up the DagBag from /opt/airflow/dags/upload_data_to_s3.py
[2023-12-31T08:26:27.255+0000] {processor.py:766} INFO - DAG(s) dict_keys(['upload_data_to_s3']) retrieved from /opt/airflow/dags/upload_data_to_s3.py
[2023-12-31T08:26:27.277+0000] {logging_mixin.py:120} INFO - [2023-12-31T08:26:27.276+0000] {dag.py:2585} INFO - Sync 1 DAGs
[2023-12-31T08:26:27.300+0000] {logging_mixin.py:120} INFO - [2023-12-31T08:26:27.300+0000] {dag.py:3340} INFO - Setting next_dagrun for upload_data_to_s3 to None, run_after=None
[2023-12-31T08:26:27.318+0000] {processor.py:176} INFO - Processing /opt/airflow/dags/upload_data_to_s3.py took 0.155 seconds
[2023-12-31T08:26:58.283+0000] {processor.py:154} INFO - Started process (PID=548) to work on /opt/airflow/dags/upload_data_to_s3.py
[2023-12-31T08:26:58.285+0000] {processor.py:756} INFO - Processing file /opt/airflow/dags/upload_data_to_s3.py for tasks to queue
[2023-12-31T08:26:58.285+0000] {logging_mixin.py:120} INFO - [2023-12-31T08:26:58.285+0000] {dagbag.py:537} INFO - Filling up the DagBag from /opt/airflow/dags/upload_data_to_s3.py
[2023-12-31T08:26:58.378+0000] {processor.py:766} INFO - DAG(s) dict_keys(['upload_data_to_s3']) retrieved from /opt/airflow/dags/upload_data_to_s3.py
[2023-12-31T08:26:58.395+0000] {logging_mixin.py:120} INFO - [2023-12-31T08:26:58.394+0000] {dag.py:2585} INFO - Sync 1 DAGs
[2023-12-31T08:26:58.412+0000] {logging_mixin.py:120} INFO - [2023-12-31T08:26:58.412+0000] {dag.py:3340} INFO - Setting next_dagrun for upload_data_to_s3 to None, run_after=None
[2023-12-31T08:27:00.061+0000] {processor.py:176} INFO - Processing /opt/airflow/dags/upload_data_to_s3.py took 1.780 seconds
[2023-12-31T08:27:30.423+0000] {processor.py:154} INFO - Started process (PID=562) to work on /opt/airflow/dags/upload_data_to_s3.py
[2023-12-31T08:27:30.429+0000] {processor.py:756} INFO - Processing file /opt/airflow/dags/upload_data_to_s3.py for tasks to queue
[2023-12-31T08:27:30.430+0000] {logging_mixin.py:120} INFO - [2023-12-31T08:27:30.430+0000] {dagbag.py:537} INFO - Filling up the DagBag from /opt/airflow/dags/upload_data_to_s3.py
[2023-12-31T08:27:30.512+0000] {processor.py:766} INFO - DAG(s) dict_keys(['upload_data_to_s3']) retrieved from /opt/airflow/dags/upload_data_to_s3.py
[2023-12-31T08:27:30.532+0000] {logging_mixin.py:120} INFO - [2023-12-31T08:27:30.532+0000] {dag.py:2585} INFO - Sync 1 DAGs
[2023-12-31T08:27:30.557+0000] {logging_mixin.py:120} INFO - [2023-12-31T08:27:30.557+0000] {dag.py:3340} INFO - Setting next_dagrun for upload_data_to_s3 to None, run_after=None
[2023-12-31T08:27:30.583+0000] {processor.py:176} INFO - Processing /opt/airflow/dags/upload_data_to_s3.py took 0.162 seconds
[2023-12-31T08:28:01.066+0000] {processor.py:154} INFO - Started process (PID=594) to work on /opt/airflow/dags/upload_data_to_s3.py
[2023-12-31T08:28:01.066+0000] {processor.py:756} INFO - Processing file /opt/airflow/dags/upload_data_to_s3.py for tasks to queue
[2023-12-31T08:28:01.067+0000] {logging_mixin.py:120} INFO - [2023-12-31T08:28:01.067+0000] {dagbag.py:537} INFO - Filling up the DagBag from /opt/airflow/dags/upload_data_to_s3.py
[2023-12-31T08:28:01.144+0000] {processor.py:766} INFO - DAG(s) dict_keys(['upload_data_to_s3']) retrieved from /opt/airflow/dags/upload_data_to_s3.py
[2023-12-31T08:28:01.162+0000] {logging_mixin.py:120} INFO - [2023-12-31T08:28:01.162+0000] {dag.py:2585} INFO - Sync 1 DAGs
[2023-12-31T08:28:01.178+0000] {logging_mixin.py:120} INFO - [2023-12-31T08:28:01.178+0000] {dag.py:3340} INFO - Setting next_dagrun for upload_data_to_s3 to None, run_after=None
[2023-12-31T08:28:01.194+0000] {processor.py:176} INFO - Processing /opt/airflow/dags/upload_data_to_s3.py took 0.130 seconds
[2023-12-31T08:28:31.752+0000] {processor.py:154} INFO - Started process (PID=626) to work on /opt/airflow/dags/upload_data_to_s3.py
[2023-12-31T08:28:31.755+0000] {processor.py:756} INFO - Processing file /opt/airflow/dags/upload_data_to_s3.py for tasks to queue
[2023-12-31T08:28:31.755+0000] {logging_mixin.py:120} INFO - [2023-12-31T08:28:31.755+0000] {dagbag.py:537} INFO - Filling up the DagBag from /opt/airflow/dags/upload_data_to_s3.py
[2023-12-31T08:28:31.836+0000] {processor.py:766} INFO - DAG(s) dict_keys(['upload_data_to_s3']) retrieved from /opt/airflow/dags/upload_data_to_s3.py
[2023-12-31T08:28:31.854+0000] {logging_mixin.py:120} INFO - [2023-12-31T08:28:31.854+0000] {dag.py:2585} INFO - Sync 1 DAGs
[2023-12-31T08:28:31.871+0000] {logging_mixin.py:120} INFO - [2023-12-31T08:28:31.871+0000] {dag.py:3340} INFO - Setting next_dagrun for upload_data_to_s3 to None, run_after=None
[2023-12-31T08:28:31.887+0000] {processor.py:176} INFO - Processing /opt/airflow/dags/upload_data_to_s3.py took 0.138 seconds
[2023-12-31T08:29:02.377+0000] {processor.py:154} INFO - Started process (PID=658) to work on /opt/airflow/dags/upload_data_to_s3.py
[2023-12-31T08:29:02.378+0000] {processor.py:756} INFO - Processing file /opt/airflow/dags/upload_data_to_s3.py for tasks to queue
[2023-12-31T08:29:02.378+0000] {logging_mixin.py:120} INFO - [2023-12-31T08:29:02.378+0000] {dagbag.py:537} INFO - Filling up the DagBag from /opt/airflow/dags/upload_data_to_s3.py
[2023-12-31T08:29:02.454+0000] {processor.py:766} INFO - DAG(s) dict_keys(['upload_data_to_s3']) retrieved from /opt/airflow/dags/upload_data_to_s3.py
[2023-12-31T08:29:02.470+0000] {logging_mixin.py:120} INFO - [2023-12-31T08:29:02.470+0000] {dag.py:2585} INFO - Sync 1 DAGs
[2023-12-31T08:29:02.487+0000] {logging_mixin.py:120} INFO - [2023-12-31T08:29:02.487+0000] {dag.py:3340} INFO - Setting next_dagrun for upload_data_to_s3 to None, run_after=None
[2023-12-31T08:29:02.598+0000] {processor.py:176} INFO - Processing /opt/airflow/dags/upload_data_to_s3.py took 0.223 seconds
[2023-12-31T08:29:32.928+0000] {processor.py:154} INFO - Started process (PID=690) to work on /opt/airflow/dags/upload_data_to_s3.py
[2023-12-31T08:29:32.930+0000] {processor.py:756} INFO - Processing file /opt/airflow/dags/upload_data_to_s3.py for tasks to queue
[2023-12-31T08:29:32.931+0000] {logging_mixin.py:120} INFO - [2023-12-31T08:29:32.931+0000] {dagbag.py:537} INFO - Filling up the DagBag from /opt/airflow/dags/upload_data_to_s3.py
[2023-12-31T08:29:33.012+0000] {processor.py:766} INFO - DAG(s) dict_keys(['upload_data_to_s3']) retrieved from /opt/airflow/dags/upload_data_to_s3.py
[2023-12-31T08:29:33.031+0000] {logging_mixin.py:120} INFO - [2023-12-31T08:29:33.031+0000] {dag.py:2585} INFO - Sync 1 DAGs
[2023-12-31T08:29:33.051+0000] {logging_mixin.py:120} INFO - [2023-12-31T08:29:33.050+0000] {dag.py:3340} INFO - Setting next_dagrun for upload_data_to_s3 to None, run_after=None
[2023-12-31T08:29:33.066+0000] {processor.py:176} INFO - Processing /opt/airflow/dags/upload_data_to_s3.py took 0.142 seconds
[2023-12-31T08:30:03.566+0000] {processor.py:154} INFO - Started process (PID=722) to work on /opt/airflow/dags/upload_data_to_s3.py
[2023-12-31T08:30:03.567+0000] {processor.py:756} INFO - Processing file /opt/airflow/dags/upload_data_to_s3.py for tasks to queue
[2023-12-31T08:30:03.567+0000] {logging_mixin.py:120} INFO - [2023-12-31T08:30:03.567+0000] {dagbag.py:537} INFO - Filling up the DagBag from /opt/airflow/dags/upload_data_to_s3.py
[2023-12-31T08:30:03.645+0000] {processor.py:766} INFO - DAG(s) dict_keys(['upload_data_to_s3']) retrieved from /opt/airflow/dags/upload_data_to_s3.py
[2023-12-31T08:30:03.661+0000] {logging_mixin.py:120} INFO - [2023-12-31T08:30:03.661+0000] {dag.py:2585} INFO - Sync 1 DAGs
[2023-12-31T08:30:03.678+0000] {logging_mixin.py:120} INFO - [2023-12-31T08:30:03.678+0000] {dag.py:3340} INFO - Setting next_dagrun for upload_data_to_s3 to None, run_after=None
[2023-12-31T08:30:03.693+0000] {processor.py:176} INFO - Processing /opt/airflow/dags/upload_data_to_s3.py took 0.131 seconds
[2023-12-31T08:30:34.183+0000] {processor.py:154} INFO - Started process (PID=744) to work on /opt/airflow/dags/upload_data_to_s3.py
[2023-12-31T08:30:34.184+0000] {processor.py:756} INFO - Processing file /opt/airflow/dags/upload_data_to_s3.py for tasks to queue
[2023-12-31T08:30:34.185+0000] {logging_mixin.py:120} INFO - [2023-12-31T08:30:34.184+0000] {dagbag.py:537} INFO - Filling up the DagBag from /opt/airflow/dags/upload_data_to_s3.py
[2023-12-31T08:30:34.264+0000] {processor.py:766} INFO - DAG(s) dict_keys(['upload_data_to_s3']) retrieved from /opt/airflow/dags/upload_data_to_s3.py
[2023-12-31T08:30:34.282+0000] {logging_mixin.py:120} INFO - [2023-12-31T08:30:34.282+0000] {dag.py:2585} INFO - Sync 1 DAGs
[2023-12-31T08:30:34.299+0000] {logging_mixin.py:120} INFO - [2023-12-31T08:30:34.299+0000] {dag.py:3340} INFO - Setting next_dagrun for upload_data_to_s3 to None, run_after=None
[2023-12-31T08:30:34.313+0000] {processor.py:176} INFO - Processing /opt/airflow/dags/upload_data_to_s3.py took 0.134 seconds
[2023-12-31T08:31:04.820+0000] {processor.py:154} INFO - Started process (PID=776) to work on /opt/airflow/dags/upload_data_to_s3.py
[2023-12-31T08:31:04.821+0000] {processor.py:756} INFO - Processing file /opt/airflow/dags/upload_data_to_s3.py for tasks to queue
[2023-12-31T08:31:04.821+0000] {logging_mixin.py:120} INFO - [2023-12-31T08:31:04.821+0000] {dagbag.py:537} INFO - Filling up the DagBag from /opt/airflow/dags/upload_data_to_s3.py
[2023-12-31T08:31:04.917+0000] {processor.py:766} INFO - DAG(s) dict_keys(['upload_data_to_s3']) retrieved from /opt/airflow/dags/upload_data_to_s3.py
[2023-12-31T08:31:04.935+0000] {logging_mixin.py:120} INFO - [2023-12-31T08:31:04.935+0000] {dag.py:2585} INFO - Sync 1 DAGs
[2023-12-31T08:31:04.953+0000] {logging_mixin.py:120} INFO - [2023-12-31T08:31:04.953+0000] {dag.py:3340} INFO - Setting next_dagrun for upload_data_to_s3 to None, run_after=None
[2023-12-31T08:31:04.967+0000] {processor.py:176} INFO - Processing /opt/airflow/dags/upload_data_to_s3.py took 0.151 seconds
[2023-12-31T08:31:35.518+0000] {processor.py:154} INFO - Started process (PID=808) to work on /opt/airflow/dags/upload_data_to_s3.py
[2023-12-31T08:31:35.519+0000] {processor.py:756} INFO - Processing file /opt/airflow/dags/upload_data_to_s3.py for tasks to queue
[2023-12-31T08:31:35.519+0000] {logging_mixin.py:120} INFO - [2023-12-31T08:31:35.519+0000] {dagbag.py:537} INFO - Filling up the DagBag from /opt/airflow/dags/upload_data_to_s3.py
[2023-12-31T08:31:35.596+0000] {processor.py:766} INFO - DAG(s) dict_keys(['upload_data_to_s3']) retrieved from /opt/airflow/dags/upload_data_to_s3.py
[2023-12-31T08:31:35.614+0000] {logging_mixin.py:120} INFO - [2023-12-31T08:31:35.614+0000] {dag.py:2585} INFO - Sync 1 DAGs
[2023-12-31T08:31:35.630+0000] {logging_mixin.py:120} INFO - [2023-12-31T08:31:35.630+0000] {dag.py:3340} INFO - Setting next_dagrun for upload_data_to_s3 to None, run_after=None
[2023-12-31T08:31:35.646+0000] {processor.py:176} INFO - Processing /opt/airflow/dags/upload_data_to_s3.py took 0.130 seconds
[2023-12-31T08:32:06.156+0000] {processor.py:154} INFO - Started process (PID=840) to work on /opt/airflow/dags/upload_data_to_s3.py
[2023-12-31T08:32:06.159+0000] {processor.py:756} INFO - Processing file /opt/airflow/dags/upload_data_to_s3.py for tasks to queue
[2023-12-31T08:32:06.160+0000] {logging_mixin.py:120} INFO - [2023-12-31T08:32:06.160+0000] {dagbag.py:537} INFO - Filling up the DagBag from /opt/airflow/dags/upload_data_to_s3.py
[2023-12-31T08:32:06.244+0000] {processor.py:766} INFO - DAG(s) dict_keys(['upload_data_to_s3']) retrieved from /opt/airflow/dags/upload_data_to_s3.py
[2023-12-31T08:32:06.261+0000] {logging_mixin.py:120} INFO - [2023-12-31T08:32:06.261+0000] {dag.py:2585} INFO - Sync 1 DAGs
[2023-12-31T08:32:06.277+0000] {logging_mixin.py:120} INFO - [2023-12-31T08:32:06.277+0000] {dag.py:3340} INFO - Setting next_dagrun for upload_data_to_s3 to None, run_after=None
[2023-12-31T08:32:06.402+0000] {processor.py:176} INFO - Processing /opt/airflow/dags/upload_data_to_s3.py took 0.250 seconds
[2023-12-31T08:32:36.813+0000] {processor.py:154} INFO - Started process (PID=872) to work on /opt/airflow/dags/upload_data_to_s3.py
[2023-12-31T08:32:36.815+0000] {processor.py:756} INFO - Processing file /opt/airflow/dags/upload_data_to_s3.py for tasks to queue
[2023-12-31T08:32:36.816+0000] {logging_mixin.py:120} INFO - [2023-12-31T08:32:36.816+0000] {dagbag.py:537} INFO - Filling up the DagBag from /opt/airflow/dags/upload_data_to_s3.py
[2023-12-31T08:32:36.895+0000] {processor.py:766} INFO - DAG(s) dict_keys(['upload_data_to_s3']) retrieved from /opt/airflow/dags/upload_data_to_s3.py
[2023-12-31T08:32:36.911+0000] {logging_mixin.py:120} INFO - [2023-12-31T08:32:36.911+0000] {dag.py:2585} INFO - Sync 1 DAGs
[2023-12-31T08:32:36.929+0000] {logging_mixin.py:120} INFO - [2023-12-31T08:32:36.929+0000] {dag.py:3340} INFO - Setting next_dagrun for upload_data_to_s3 to None, run_after=None
[2023-12-31T08:32:36.943+0000] {processor.py:176} INFO - Processing /opt/airflow/dags/upload_data_to_s3.py took 0.132 seconds
[2023-12-31T08:33:07.025+0000] {processor.py:154} INFO - Started process (PID=895) to work on /opt/airflow/dags/upload_data_to_s3.py
[2023-12-31T08:33:07.026+0000] {processor.py:756} INFO - Processing file /opt/airflow/dags/upload_data_to_s3.py for tasks to queue
[2023-12-31T08:33:07.026+0000] {logging_mixin.py:120} INFO - [2023-12-31T08:33:07.026+0000] {dagbag.py:537} INFO - Filling up the DagBag from /opt/airflow/dags/upload_data_to_s3.py
[2023-12-31T08:33:07.120+0000] {processor.py:766} INFO - DAG(s) dict_keys(['upload_data_to_s3']) retrieved from /opt/airflow/dags/upload_data_to_s3.py
[2023-12-31T08:33:07.140+0000] {logging_mixin.py:120} INFO - [2023-12-31T08:33:07.140+0000] {dag.py:2585} INFO - Sync 1 DAGs
[2023-12-31T08:33:07.161+0000] {logging_mixin.py:120} INFO - [2023-12-31T08:33:07.161+0000] {dag.py:3340} INFO - Setting next_dagrun for upload_data_to_s3 to None, run_after=None
[2023-12-31T08:33:07.178+0000] {processor.py:176} INFO - Processing /opt/airflow/dags/upload_data_to_s3.py took 0.155 seconds
[2023-12-31T08:33:37.725+0000] {processor.py:154} INFO - Started process (PID=927) to work on /opt/airflow/dags/upload_data_to_s3.py
[2023-12-31T08:33:37.726+0000] {processor.py:756} INFO - Processing file /opt/airflow/dags/upload_data_to_s3.py for tasks to queue
[2023-12-31T08:33:37.727+0000] {logging_mixin.py:120} INFO - [2023-12-31T08:33:37.727+0000] {dagbag.py:537} INFO - Filling up the DagBag from /opt/airflow/dags/upload_data_to_s3.py
[2023-12-31T08:33:37.825+0000] {processor.py:766} INFO - DAG(s) dict_keys(['upload_data_to_s3']) retrieved from /opt/airflow/dags/upload_data_to_s3.py
[2023-12-31T08:33:37.845+0000] {logging_mixin.py:120} INFO - [2023-12-31T08:33:37.845+0000] {dag.py:2585} INFO - Sync 1 DAGs
[2023-12-31T08:33:37.863+0000] {logging_mixin.py:120} INFO - [2023-12-31T08:33:37.863+0000] {dag.py:3340} INFO - Setting next_dagrun for upload_data_to_s3 to None, run_after=None
[2023-12-31T08:33:37.879+0000] {processor.py:176} INFO - Processing /opt/airflow/dags/upload_data_to_s3.py took 0.156 seconds
[2023-12-31T08:34:08.421+0000] {processor.py:154} INFO - Started process (PID=959) to work on /opt/airflow/dags/upload_data_to_s3.py
[2023-12-31T08:34:08.422+0000] {processor.py:756} INFO - Processing file /opt/airflow/dags/upload_data_to_s3.py for tasks to queue
[2023-12-31T08:34:08.423+0000] {logging_mixin.py:120} INFO - [2023-12-31T08:34:08.423+0000] {dagbag.py:537} INFO - Filling up the DagBag from /opt/airflow/dags/upload_data_to_s3.py
[2023-12-31T08:34:08.536+0000] {processor.py:766} INFO - DAG(s) dict_keys(['upload_data_to_s3']) retrieved from /opt/airflow/dags/upload_data_to_s3.py
[2023-12-31T08:34:08.559+0000] {logging_mixin.py:120} INFO - [2023-12-31T08:34:08.559+0000] {dag.py:2585} INFO - Sync 1 DAGs
[2023-12-31T08:34:08.577+0000] {logging_mixin.py:120} INFO - [2023-12-31T08:34:08.577+0000] {dag.py:3340} INFO - Setting next_dagrun for upload_data_to_s3 to None, run_after=None
[2023-12-31T08:34:08.593+0000] {processor.py:176} INFO - Processing /opt/airflow/dags/upload_data_to_s3.py took 0.176 seconds
[2023-12-31T08:34:39.236+0000] {processor.py:154} INFO - Started process (PID=992) to work on /opt/airflow/dags/upload_data_to_s3.py
[2023-12-31T08:34:39.238+0000] {processor.py:756} INFO - Processing file /opt/airflow/dags/upload_data_to_s3.py for tasks to queue
[2023-12-31T08:34:39.239+0000] {logging_mixin.py:120} INFO - [2023-12-31T08:34:39.239+0000] {dagbag.py:537} INFO - Filling up the DagBag from /opt/airflow/dags/upload_data_to_s3.py
[2023-12-31T08:34:39.340+0000] {processor.py:766} INFO - DAG(s) dict_keys(['upload_data_to_s3']) retrieved from /opt/airflow/dags/upload_data_to_s3.py
[2023-12-31T08:34:39.361+0000] {logging_mixin.py:120} INFO - [2023-12-31T08:34:39.360+0000] {dag.py:2585} INFO - Sync 1 DAGs
[2023-12-31T08:34:39.378+0000] {logging_mixin.py:120} INFO - [2023-12-31T08:34:39.378+0000] {dag.py:3340} INFO - Setting next_dagrun for upload_data_to_s3 to None, run_after=None
[2023-12-31T08:34:39.395+0000] {processor.py:176} INFO - Processing /opt/airflow/dags/upload_data_to_s3.py took 0.161 seconds
[2023-12-31T08:35:09.986+0000] {processor.py:154} INFO - Started process (PID=1024) to work on /opt/airflow/dags/upload_data_to_s3.py
[2023-12-31T08:35:09.987+0000] {processor.py:756} INFO - Processing file /opt/airflow/dags/upload_data_to_s3.py for tasks to queue
[2023-12-31T08:35:09.987+0000] {logging_mixin.py:120} INFO - [2023-12-31T08:35:09.987+0000] {dagbag.py:537} INFO - Filling up the DagBag from /opt/airflow/dags/upload_data_to_s3.py
[2023-12-31T08:35:10.085+0000] {processor.py:766} INFO - DAG(s) dict_keys(['upload_data_to_s3']) retrieved from /opt/airflow/dags/upload_data_to_s3.py
[2023-12-31T08:35:10.106+0000] {logging_mixin.py:120} INFO - [2023-12-31T08:35:10.106+0000] {dag.py:2585} INFO - Sync 1 DAGs
[2023-12-31T08:35:10.127+0000] {logging_mixin.py:120} INFO - [2023-12-31T08:35:10.126+0000] {dag.py:3340} INFO - Setting next_dagrun for upload_data_to_s3 to None, run_after=None
[2023-12-31T08:35:10.304+0000] {processor.py:176} INFO - Processing /opt/airflow/dags/upload_data_to_s3.py took 0.322 seconds
[2023-12-31T08:35:40.654+0000] {processor.py:154} INFO - Started process (PID=1047) to work on /opt/airflow/dags/upload_data_to_s3.py
[2023-12-31T08:35:40.655+0000] {processor.py:756} INFO - Processing file /opt/airflow/dags/upload_data_to_s3.py for tasks to queue
[2023-12-31T08:35:40.655+0000] {logging_mixin.py:120} INFO - [2023-12-31T08:35:40.655+0000] {dagbag.py:537} INFO - Filling up the DagBag from /opt/airflow/dags/upload_data_to_s3.py
[2023-12-31T08:35:40.788+0000] {processor.py:766} INFO - DAG(s) dict_keys(['upload_data_to_s3']) retrieved from /opt/airflow/dags/upload_data_to_s3.py
[2023-12-31T08:35:40.812+0000] {logging_mixin.py:120} INFO - [2023-12-31T08:35:40.811+0000] {dag.py:2585} INFO - Sync 1 DAGs
[2023-12-31T08:35:40.838+0000] {logging_mixin.py:120} INFO - [2023-12-31T08:35:40.838+0000] {dag.py:3340} INFO - Setting next_dagrun for upload_data_to_s3 to None, run_after=None
[2023-12-31T08:35:40.857+0000] {processor.py:176} INFO - Processing /opt/airflow/dags/upload_data_to_s3.py took 0.207 seconds
[2023-12-31T08:36:11.473+0000] {processor.py:154} INFO - Started process (PID=1079) to work on /opt/airflow/dags/upload_data_to_s3.py
[2023-12-31T08:36:11.474+0000] {processor.py:756} INFO - Processing file /opt/airflow/dags/upload_data_to_s3.py for tasks to queue
[2023-12-31T08:36:11.475+0000] {logging_mixin.py:120} INFO - [2023-12-31T08:36:11.475+0000] {dagbag.py:537} INFO - Filling up the DagBag from /opt/airflow/dags/upload_data_to_s3.py
[2023-12-31T08:36:11.573+0000] {processor.py:766} INFO - DAG(s) dict_keys(['upload_data_to_s3']) retrieved from /opt/airflow/dags/upload_data_to_s3.py
[2023-12-31T08:36:11.593+0000] {logging_mixin.py:120} INFO - [2023-12-31T08:36:11.593+0000] {dag.py:2585} INFO - Sync 1 DAGs
[2023-12-31T08:36:11.612+0000] {logging_mixin.py:120} INFO - [2023-12-31T08:36:11.612+0000] {dag.py:3340} INFO - Setting next_dagrun for upload_data_to_s3 to None, run_after=None
[2023-12-31T08:36:11.626+0000] {processor.py:176} INFO - Processing /opt/airflow/dags/upload_data_to_s3.py took 0.156 seconds
[2023-12-31T08:36:42.241+0000] {processor.py:154} INFO - Started process (PID=1111) to work on /opt/airflow/dags/upload_data_to_s3.py
[2023-12-31T08:36:42.243+0000] {processor.py:756} INFO - Processing file /opt/airflow/dags/upload_data_to_s3.py for tasks to queue
[2023-12-31T08:36:42.243+0000] {logging_mixin.py:120} INFO - [2023-12-31T08:36:42.243+0000] {dagbag.py:537} INFO - Filling up the DagBag from /opt/airflow/dags/upload_data_to_s3.py
[2023-12-31T08:36:42.339+0000] {processor.py:766} INFO - DAG(s) dict_keys(['upload_data_to_s3']) retrieved from /opt/airflow/dags/upload_data_to_s3.py
[2023-12-31T08:36:42.364+0000] {logging_mixin.py:120} INFO - [2023-12-31T08:36:42.364+0000] {dag.py:2585} INFO - Sync 1 DAGs
[2023-12-31T08:36:42.385+0000] {logging_mixin.py:120} INFO - [2023-12-31T08:36:42.385+0000] {dag.py:3340} INFO - Setting next_dagrun for upload_data_to_s3 to None, run_after=None
[2023-12-31T08:36:42.401+0000] {processor.py:176} INFO - Processing /opt/airflow/dags/upload_data_to_s3.py took 0.163 seconds
[2023-12-31T08:37:12.985+0000] {processor.py:154} INFO - Started process (PID=1143) to work on /opt/airflow/dags/upload_data_to_s3.py
[2023-12-31T08:37:12.986+0000] {processor.py:756} INFO - Processing file /opt/airflow/dags/upload_data_to_s3.py for tasks to queue
[2023-12-31T08:37:12.987+0000] {logging_mixin.py:120} INFO - [2023-12-31T08:37:12.987+0000] {dagbag.py:537} INFO - Filling up the DagBag from /opt/airflow/dags/upload_data_to_s3.py
[2023-12-31T08:37:13.127+0000] {processor.py:766} INFO - DAG(s) dict_keys(['upload_data_to_s3']) retrieved from /opt/airflow/dags/upload_data_to_s3.py
[2023-12-31T08:37:13.166+0000] {logging_mixin.py:120} INFO - [2023-12-31T08:37:13.165+0000] {dag.py:2585} INFO - Sync 1 DAGs
[2023-12-31T08:37:13.194+0000] {logging_mixin.py:120} INFO - [2023-12-31T08:37:13.194+0000] {dag.py:3340} INFO - Setting next_dagrun for upload_data_to_s3 to None, run_after=None
[2023-12-31T08:37:13.215+0000] {processor.py:176} INFO - Processing /opt/airflow/dags/upload_data_to_s3.py took 0.234 seconds
[2023-12-31T08:37:43.734+0000] {processor.py:154} INFO - Started process (PID=1175) to work on /opt/airflow/dags/upload_data_to_s3.py
[2023-12-31T08:37:43.735+0000] {processor.py:756} INFO - Processing file /opt/airflow/dags/upload_data_to_s3.py for tasks to queue
[2023-12-31T08:37:43.735+0000] {logging_mixin.py:120} INFO - [2023-12-31T08:37:43.735+0000] {dagbag.py:537} INFO - Filling up the DagBag from /opt/airflow/dags/upload_data_to_s3.py
[2023-12-31T08:37:43.818+0000] {processor.py:766} INFO - DAG(s) dict_keys(['upload_data_to_s3']) retrieved from /opt/airflow/dags/upload_data_to_s3.py
[2023-12-31T08:37:43.836+0000] {logging_mixin.py:120} INFO - [2023-12-31T08:37:43.836+0000] {dag.py:2585} INFO - Sync 1 DAGs
[2023-12-31T08:37:43.856+0000] {logging_mixin.py:120} INFO - [2023-12-31T08:37:43.855+0000] {dag.py:3340} INFO - Setting next_dagrun for upload_data_to_s3 to None, run_after=None
[2023-12-31T08:37:43.980+0000] {processor.py:176} INFO - Processing /opt/airflow/dags/upload_data_to_s3.py took 0.249 seconds
[2023-12-31T08:38:14.322+0000] {processor.py:154} INFO - Started process (PID=1207) to work on /opt/airflow/dags/upload_data_to_s3.py
[2023-12-31T08:38:14.323+0000] {processor.py:756} INFO - Processing file /opt/airflow/dags/upload_data_to_s3.py for tasks to queue
[2023-12-31T08:38:14.323+0000] {logging_mixin.py:120} INFO - [2023-12-31T08:38:14.323+0000] {dagbag.py:537} INFO - Filling up the DagBag from /opt/airflow/dags/upload_data_to_s3.py
[2023-12-31T08:38:14.406+0000] {processor.py:766} INFO - DAG(s) dict_keys(['upload_data_to_s3']) retrieved from /opt/airflow/dags/upload_data_to_s3.py
[2023-12-31T08:38:14.427+0000] {logging_mixin.py:120} INFO - [2023-12-31T08:38:14.427+0000] {dag.py:2585} INFO - Sync 1 DAGs
[2023-12-31T08:38:14.447+0000] {logging_mixin.py:120} INFO - [2023-12-31T08:38:14.447+0000] {dag.py:3340} INFO - Setting next_dagrun for upload_data_to_s3 to None, run_after=None
[2023-12-31T08:38:14.464+0000] {processor.py:176} INFO - Processing /opt/airflow/dags/upload_data_to_s3.py took 0.144 seconds
[2023-12-31T08:38:44.969+0000] {processor.py:154} INFO - Started process (PID=1236) to work on /opt/airflow/dags/upload_data_to_s3.py
[2023-12-31T08:38:44.970+0000] {processor.py:756} INFO - Processing file /opt/airflow/dags/upload_data_to_s3.py for tasks to queue
[2023-12-31T08:38:44.970+0000] {logging_mixin.py:120} INFO - [2023-12-31T08:38:44.970+0000] {dagbag.py:537} INFO - Filling up the DagBag from /opt/airflow/dags/upload_data_to_s3.py
[2023-12-31T08:38:45.052+0000] {processor.py:766} INFO - DAG(s) dict_keys(['upload_data_to_s3']) retrieved from /opt/airflow/dags/upload_data_to_s3.py
[2023-12-31T08:38:45.070+0000] {logging_mixin.py:120} INFO - [2023-12-31T08:38:45.070+0000] {dag.py:2585} INFO - Sync 1 DAGs
[2023-12-31T08:38:45.089+0000] {logging_mixin.py:120} INFO - [2023-12-31T08:38:45.089+0000] {dag.py:3340} INFO - Setting next_dagrun for upload_data_to_s3 to None, run_after=None
[2023-12-31T08:38:45.102+0000] {processor.py:176} INFO - Processing /opt/airflow/dags/upload_data_to_s3.py took 0.136 seconds
[2023-12-31T08:39:15.619+0000] {processor.py:154} INFO - Started process (PID=1261) to work on /opt/airflow/dags/upload_data_to_s3.py
[2023-12-31T08:39:15.620+0000] {processor.py:756} INFO - Processing file /opt/airflow/dags/upload_data_to_s3.py for tasks to queue
[2023-12-31T08:39:15.621+0000] {logging_mixin.py:120} INFO - [2023-12-31T08:39:15.621+0000] {dagbag.py:537} INFO - Filling up the DagBag from /opt/airflow/dags/upload_data_to_s3.py
[2023-12-31T08:39:15.707+0000] {processor.py:766} INFO - DAG(s) dict_keys(['upload_data_to_s3']) retrieved from /opt/airflow/dags/upload_data_to_s3.py
[2023-12-31T08:39:15.724+0000] {logging_mixin.py:120} INFO - [2023-12-31T08:39:15.724+0000] {dag.py:2585} INFO - Sync 1 DAGs
[2023-12-31T08:39:15.741+0000] {logging_mixin.py:120} INFO - [2023-12-31T08:39:15.741+0000] {dag.py:3340} INFO - Setting next_dagrun for upload_data_to_s3 to None, run_after=None
[2023-12-31T08:39:15.758+0000] {processor.py:176} INFO - Processing /opt/airflow/dags/upload_data_to_s3.py took 0.141 seconds
[2023-12-31T08:39:46.290+0000] {processor.py:154} INFO - Started process (PID=1293) to work on /opt/airflow/dags/upload_data_to_s3.py
[2023-12-31T08:39:46.291+0000] {processor.py:756} INFO - Processing file /opt/airflow/dags/upload_data_to_s3.py for tasks to queue
[2023-12-31T08:39:46.291+0000] {logging_mixin.py:120} INFO - [2023-12-31T08:39:46.291+0000] {dagbag.py:537} INFO - Filling up the DagBag from /opt/airflow/dags/upload_data_to_s3.py
[2023-12-31T08:39:46.382+0000] {processor.py:766} INFO - DAG(s) dict_keys(['upload_data_to_s3']) retrieved from /opt/airflow/dags/upload_data_to_s3.py
[2023-12-31T08:39:46.401+0000] {logging_mixin.py:120} INFO - [2023-12-31T08:39:46.401+0000] {dag.py:2585} INFO - Sync 1 DAGs
[2023-12-31T08:39:46.421+0000] {logging_mixin.py:120} INFO - [2023-12-31T08:39:46.421+0000] {dag.py:3340} INFO - Setting next_dagrun for upload_data_to_s3 to None, run_after=None
[2023-12-31T08:39:46.439+0000] {processor.py:176} INFO - Processing /opt/airflow/dags/upload_data_to_s3.py took 0.151 seconds
[2023-12-31T08:40:16.924+0000] {processor.py:154} INFO - Started process (PID=1325) to work on /opt/airflow/dags/upload_data_to_s3.py
[2023-12-31T08:40:16.924+0000] {processor.py:756} INFO - Processing file /opt/airflow/dags/upload_data_to_s3.py for tasks to queue
[2023-12-31T08:40:16.925+0000] {logging_mixin.py:120} INFO - [2023-12-31T08:40:16.925+0000] {dagbag.py:537} INFO - Filling up the DagBag from /opt/airflow/dags/upload_data_to_s3.py
[2023-12-31T08:40:17.012+0000] {processor.py:766} INFO - DAG(s) dict_keys(['upload_data_to_s3']) retrieved from /opt/airflow/dags/upload_data_to_s3.py
[2023-12-31T08:40:17.030+0000] {logging_mixin.py:120} INFO - [2023-12-31T08:40:17.029+0000] {dag.py:2585} INFO - Sync 1 DAGs
[2023-12-31T08:40:17.049+0000] {logging_mixin.py:120} INFO - [2023-12-31T08:40:17.049+0000] {dag.py:3340} INFO - Setting next_dagrun for upload_data_to_s3 to None, run_after=None
[2023-12-31T08:40:17.065+0000] {processor.py:176} INFO - Processing /opt/airflow/dags/upload_data_to_s3.py took 0.143 seconds
[2023-12-31T08:40:47.540+0000] {processor.py:154} INFO - Started process (PID=1357) to work on /opt/airflow/dags/upload_data_to_s3.py
[2023-12-31T08:40:47.542+0000] {processor.py:756} INFO - Processing file /opt/airflow/dags/upload_data_to_s3.py for tasks to queue
[2023-12-31T08:40:47.542+0000] {logging_mixin.py:120} INFO - [2023-12-31T08:40:47.542+0000] {dagbag.py:537} INFO - Filling up the DagBag from /opt/airflow/dags/upload_data_to_s3.py
[2023-12-31T08:40:47.621+0000] {processor.py:766} INFO - DAG(s) dict_keys(['upload_data_to_s3']) retrieved from /opt/airflow/dags/upload_data_to_s3.py
[2023-12-31T08:40:47.638+0000] {logging_mixin.py:120} INFO - [2023-12-31T08:40:47.638+0000] {dag.py:2585} INFO - Sync 1 DAGs
[2023-12-31T08:40:47.655+0000] {logging_mixin.py:120} INFO - [2023-12-31T08:40:47.655+0000] {dag.py:3340} INFO - Setting next_dagrun for upload_data_to_s3 to None, run_after=None
[2023-12-31T08:40:47.771+0000] {processor.py:176} INFO - Processing /opt/airflow/dags/upload_data_to_s3.py took 0.233 seconds
[2023-12-31T08:41:18.356+0000] {processor.py:154} INFO - Started process (PID=1390) to work on /opt/airflow/dags/upload_data_to_s3.py
[2023-12-31T08:41:18.357+0000] {processor.py:756} INFO - Processing file /opt/airflow/dags/upload_data_to_s3.py for tasks to queue
[2023-12-31T08:41:18.358+0000] {logging_mixin.py:120} INFO - [2023-12-31T08:41:18.358+0000] {dagbag.py:537} INFO - Filling up the DagBag from /opt/airflow/dags/upload_data_to_s3.py
[2023-12-31T08:41:18.449+0000] {processor.py:766} INFO - DAG(s) dict_keys(['upload_data_to_s3']) retrieved from /opt/airflow/dags/upload_data_to_s3.py
[2023-12-31T08:41:18.471+0000] {logging_mixin.py:120} INFO - [2023-12-31T08:41:18.471+0000] {dag.py:2585} INFO - Sync 1 DAGs
[2023-12-31T08:41:18.497+0000] {logging_mixin.py:120} INFO - [2023-12-31T08:41:18.497+0000] {dag.py:3340} INFO - Setting next_dagrun for upload_data_to_s3 to 2022-09-12T00:00:00+00:00, run_after=2022-09-13T00:00:00+00:00
[2023-12-31T08:41:18.518+0000] {processor.py:176} INFO - Processing /opt/airflow/dags/upload_data_to_s3.py took 0.165 seconds
[2023-12-31T08:41:49.037+0000] {processor.py:154} INFO - Started process (PID=1412) to work on /opt/airflow/dags/upload_data_to_s3.py
[2023-12-31T08:41:49.037+0000] {processor.py:756} INFO - Processing file /opt/airflow/dags/upload_data_to_s3.py for tasks to queue
[2023-12-31T08:41:49.038+0000] {logging_mixin.py:120} INFO - [2023-12-31T08:41:49.038+0000] {dagbag.py:537} INFO - Filling up the DagBag from /opt/airflow/dags/upload_data_to_s3.py
[2023-12-31T08:41:49.119+0000] {processor.py:766} INFO - DAG(s) dict_keys(['upload_data_to_s3']) retrieved from /opt/airflow/dags/upload_data_to_s3.py
[2023-12-31T08:41:49.138+0000] {logging_mixin.py:120} INFO - [2023-12-31T08:41:49.138+0000] {dag.py:2585} INFO - Sync 1 DAGs
[2023-12-31T08:41:49.156+0000] {logging_mixin.py:120} INFO - [2023-12-31T08:41:49.155+0000] {dag.py:3340} INFO - Setting next_dagrun for upload_data_to_s3 to None, run_after=None
[2023-12-31T08:41:49.170+0000] {processor.py:176} INFO - Processing /opt/airflow/dags/upload_data_to_s3.py took 0.136 seconds
[2023-12-31T08:42:19.710+0000] {processor.py:154} INFO - Started process (PID=1444) to work on /opt/airflow/dags/upload_data_to_s3.py
[2023-12-31T08:42:19.711+0000] {processor.py:756} INFO - Processing file /opt/airflow/dags/upload_data_to_s3.py for tasks to queue
[2023-12-31T08:42:19.711+0000] {logging_mixin.py:120} INFO - [2023-12-31T08:42:19.711+0000] {dagbag.py:537} INFO - Filling up the DagBag from /opt/airflow/dags/upload_data_to_s3.py
[2023-12-31T08:42:19.791+0000] {processor.py:766} INFO - DAG(s) dict_keys(['upload_data_to_s3']) retrieved from /opt/airflow/dags/upload_data_to_s3.py
[2023-12-31T08:42:19.810+0000] {logging_mixin.py:120} INFO - [2023-12-31T08:42:19.810+0000] {dag.py:2585} INFO - Sync 1 DAGs
[2023-12-31T08:42:19.826+0000] {logging_mixin.py:120} INFO - [2023-12-31T08:42:19.826+0000] {dag.py:3340} INFO - Setting next_dagrun for upload_data_to_s3 to None, run_after=None
[2023-12-31T08:42:19.840+0000] {processor.py:176} INFO - Processing /opt/airflow/dags/upload_data_to_s3.py took 0.132 seconds
[2023-12-31T08:42:50.334+0000] {processor.py:154} INFO - Started process (PID=1475) to work on /opt/airflow/dags/upload_data_to_s3.py
[2023-12-31T08:42:50.334+0000] {processor.py:756} INFO - Processing file /opt/airflow/dags/upload_data_to_s3.py for tasks to queue
[2023-12-31T08:42:50.335+0000] {logging_mixin.py:120} INFO - [2023-12-31T08:42:50.335+0000] {dagbag.py:537} INFO - Filling up the DagBag from /opt/airflow/dags/upload_data_to_s3.py
[2023-12-31T08:42:50.420+0000] {processor.py:766} INFO - DAG(s) dict_keys(['upload_data_to_s3']) retrieved from /opt/airflow/dags/upload_data_to_s3.py
[2023-12-31T08:42:50.445+0000] {logging_mixin.py:120} INFO - [2023-12-31T08:42:50.445+0000] {dag.py:2585} INFO - Sync 1 DAGs
[2023-12-31T08:42:50.466+0000] {logging_mixin.py:120} INFO - [2023-12-31T08:42:50.466+0000] {dag.py:3340} INFO - Setting next_dagrun for upload_data_to_s3 to None, run_after=None
[2023-12-31T08:42:50.481+0000] {processor.py:176} INFO - Processing /opt/airflow/dags/upload_data_to_s3.py took 0.150 seconds
[2023-12-31T08:43:21.200+0000] {processor.py:154} INFO - Started process (PID=1507) to work on /opt/airflow/dags/upload_data_to_s3.py
[2023-12-31T08:43:21.201+0000] {processor.py:756} INFO - Processing file /opt/airflow/dags/upload_data_to_s3.py for tasks to queue
[2023-12-31T08:43:21.202+0000] {logging_mixin.py:120} INFO - [2023-12-31T08:43:21.202+0000] {dagbag.py:537} INFO - Filling up the DagBag from /opt/airflow/dags/upload_data_to_s3.py
[2023-12-31T08:43:21.318+0000] {processor.py:766} INFO - DAG(s) dict_keys(['upload_data_to_s3']) retrieved from /opt/airflow/dags/upload_data_to_s3.py
[2023-12-31T08:43:21.343+0000] {logging_mixin.py:120} INFO - [2023-12-31T08:43:21.342+0000] {dag.py:2585} INFO - Sync 1 DAGs
[2023-12-31T08:43:21.364+0000] {logging_mixin.py:120} INFO - [2023-12-31T08:43:21.364+0000] {dag.py:3340} INFO - Setting next_dagrun for upload_data_to_s3 to None, run_after=None
[2023-12-31T08:43:21.382+0000] {processor.py:176} INFO - Processing /opt/airflow/dags/upload_data_to_s3.py took 0.186 seconds
[2023-12-31T08:43:51.915+0000] {processor.py:154} INFO - Started process (PID=1530) to work on /opt/airflow/dags/upload_data_to_s3.py
[2023-12-31T08:43:51.915+0000] {processor.py:756} INFO - Processing file /opt/airflow/dags/upload_data_to_s3.py for tasks to queue
[2023-12-31T08:43:51.916+0000] {logging_mixin.py:120} INFO - [2023-12-31T08:43:51.916+0000] {dagbag.py:537} INFO - Filling up the DagBag from /opt/airflow/dags/upload_data_to_s3.py
[2023-12-31T08:43:52.018+0000] {processor.py:766} INFO - DAG(s) dict_keys(['upload_data_to_s3']) retrieved from /opt/airflow/dags/upload_data_to_s3.py
[2023-12-31T08:43:52.037+0000] {logging_mixin.py:120} INFO - [2023-12-31T08:43:52.036+0000] {dag.py:2585} INFO - Sync 1 DAGs
[2023-12-31T08:43:52.056+0000] {logging_mixin.py:120} INFO - [2023-12-31T08:43:52.056+0000] {dag.py:3340} INFO - Setting next_dagrun for upload_data_to_s3 to None, run_after=None
[2023-12-31T08:43:52.217+0000] {processor.py:176} INFO - Processing /opt/airflow/dags/upload_data_to_s3.py took 0.305 seconds
[2023-12-31T08:44:22.728+0000] {processor.py:154} INFO - Started process (PID=1562) to work on /opt/airflow/dags/upload_data_to_s3.py
[2023-12-31T08:44:22.729+0000] {processor.py:756} INFO - Processing file /opt/airflow/dags/upload_data_to_s3.py for tasks to queue
[2023-12-31T08:44:22.730+0000] {logging_mixin.py:120} INFO - [2023-12-31T08:44:22.730+0000] {dagbag.py:537} INFO - Filling up the DagBag from /opt/airflow/dags/upload_data_to_s3.py
[2023-12-31T08:44:22.809+0000] {processor.py:766} INFO - DAG(s) dict_keys(['upload_data_to_s3']) retrieved from /opt/airflow/dags/upload_data_to_s3.py
[2023-12-31T08:44:22.827+0000] {logging_mixin.py:120} INFO - [2023-12-31T08:44:22.827+0000] {dag.py:2585} INFO - Sync 1 DAGs
[2023-12-31T08:44:22.846+0000] {logging_mixin.py:120} INFO - [2023-12-31T08:44:22.846+0000] {dag.py:3340} INFO - Setting next_dagrun for upload_data_to_s3 to None, run_after=None
[2023-12-31T08:44:22.859+0000] {processor.py:176} INFO - Processing /opt/airflow/dags/upload_data_to_s3.py took 0.133 seconds
[2023-12-31T08:44:53.367+0000] {processor.py:154} INFO - Started process (PID=1595) to work on /opt/airflow/dags/upload_data_to_s3.py
[2023-12-31T08:44:53.368+0000] {processor.py:756} INFO - Processing file /opt/airflow/dags/upload_data_to_s3.py for tasks to queue
[2023-12-31T08:44:53.369+0000] {logging_mixin.py:120} INFO - [2023-12-31T08:44:53.369+0000] {dagbag.py:537} INFO - Filling up the DagBag from /opt/airflow/dags/upload_data_to_s3.py
[2023-12-31T08:44:53.452+0000] {processor.py:766} INFO - DAG(s) dict_keys(['upload_data_to_s3']) retrieved from /opt/airflow/dags/upload_data_to_s3.py
[2023-12-31T08:44:53.473+0000] {logging_mixin.py:120} INFO - [2023-12-31T08:44:53.473+0000] {dag.py:2585} INFO - Sync 1 DAGs
[2023-12-31T08:44:53.491+0000] {logging_mixin.py:120} INFO - [2023-12-31T08:44:53.491+0000] {dag.py:3340} INFO - Setting next_dagrun for upload_data_to_s3 to None, run_after=None
[2023-12-31T08:44:53.513+0000] {processor.py:176} INFO - Processing /opt/airflow/dags/upload_data_to_s3.py took 0.148 seconds
[2023-12-31T08:45:24.014+0000] {processor.py:154} INFO - Started process (PID=1627) to work on /opt/airflow/dags/upload_data_to_s3.py
[2023-12-31T08:45:24.014+0000] {processor.py:756} INFO - Processing file /opt/airflow/dags/upload_data_to_s3.py for tasks to queue
[2023-12-31T08:45:24.015+0000] {logging_mixin.py:120} INFO - [2023-12-31T08:45:24.015+0000] {dagbag.py:537} INFO - Filling up the DagBag from /opt/airflow/dags/upload_data_to_s3.py
[2023-12-31T08:45:24.095+0000] {processor.py:766} INFO - DAG(s) dict_keys(['upload_data_to_s3']) retrieved from /opt/airflow/dags/upload_data_to_s3.py
[2023-12-31T08:45:24.113+0000] {logging_mixin.py:120} INFO - [2023-12-31T08:45:24.113+0000] {dag.py:2585} INFO - Sync 1 DAGs
[2023-12-31T08:45:24.131+0000] {logging_mixin.py:120} INFO - [2023-12-31T08:45:24.131+0000] {dag.py:3340} INFO - Setting next_dagrun for upload_data_to_s3 to None, run_after=None
[2023-12-31T08:45:24.146+0000] {processor.py:176} INFO - Processing /opt/airflow/dags/upload_data_to_s3.py took 0.135 seconds
[2023-12-31T08:45:54.632+0000] {processor.py:154} INFO - Started process (PID=1659) to work on /opt/airflow/dags/upload_data_to_s3.py
[2023-12-31T08:45:54.632+0000] {processor.py:756} INFO - Processing file /opt/airflow/dags/upload_data_to_s3.py for tasks to queue
[2023-12-31T08:45:54.633+0000] {logging_mixin.py:120} INFO - [2023-12-31T08:45:54.633+0000] {dagbag.py:537} INFO - Filling up the DagBag from /opt/airflow/dags/upload_data_to_s3.py
[2023-12-31T08:45:54.719+0000] {processor.py:766} INFO - DAG(s) dict_keys(['upload_data_to_s3']) retrieved from /opt/airflow/dags/upload_data_to_s3.py
[2023-12-31T08:45:54.736+0000] {logging_mixin.py:120} INFO - [2023-12-31T08:45:54.736+0000] {dag.py:2585} INFO - Sync 1 DAGs
[2023-12-31T08:45:54.753+0000] {logging_mixin.py:120} INFO - [2023-12-31T08:45:54.753+0000] {dag.py:3340} INFO - Setting next_dagrun for upload_data_to_s3 to None, run_after=None
[2023-12-31T08:45:54.767+0000] {processor.py:176} INFO - Processing /opt/airflow/dags/upload_data_to_s3.py took 0.138 seconds
[2023-12-31T08:46:25.281+0000] {processor.py:154} INFO - Started process (PID=1689) to work on /opt/airflow/dags/upload_data_to_s3.py
[2023-12-31T08:46:25.282+0000] {processor.py:756} INFO - Processing file /opt/airflow/dags/upload_data_to_s3.py for tasks to queue
[2023-12-31T08:46:25.282+0000] {logging_mixin.py:120} INFO - [2023-12-31T08:46:25.282+0000] {dagbag.py:537} INFO - Filling up the DagBag from /opt/airflow/dags/upload_data_to_s3.py
[2023-12-31T08:46:25.365+0000] {processor.py:766} INFO - DAG(s) dict_keys(['upload_data_to_s3']) retrieved from /opt/airflow/dags/upload_data_to_s3.py
[2023-12-31T08:46:25.383+0000] {logging_mixin.py:120} INFO - [2023-12-31T08:46:25.383+0000] {dag.py:2585} INFO - Sync 1 DAGs
[2023-12-31T08:46:25.400+0000] {logging_mixin.py:120} INFO - [2023-12-31T08:46:25.400+0000] {dag.py:3340} INFO - Setting next_dagrun for upload_data_to_s3 to None, run_after=None
[2023-12-31T08:46:25.526+0000] {processor.py:176} INFO - Processing /opt/airflow/dags/upload_data_to_s3.py took 0.248 seconds
[2023-12-31T08:46:55.867+0000] {processor.py:154} INFO - Started process (PID=1714) to work on /opt/airflow/dags/upload_data_to_s3.py
[2023-12-31T08:46:55.867+0000] {processor.py:756} INFO - Processing file /opt/airflow/dags/upload_data_to_s3.py for tasks to queue
[2023-12-31T08:46:55.868+0000] {logging_mixin.py:120} INFO - [2023-12-31T08:46:55.868+0000] {dagbag.py:537} INFO - Filling up the DagBag from /opt/airflow/dags/upload_data_to_s3.py
[2023-12-31T08:46:55.947+0000] {processor.py:766} INFO - DAG(s) dict_keys(['upload_data_to_s3']) retrieved from /opt/airflow/dags/upload_data_to_s3.py
[2023-12-31T08:46:55.964+0000] {logging_mixin.py:120} INFO - [2023-12-31T08:46:55.964+0000] {dag.py:2585} INFO - Sync 1 DAGs
[2023-12-31T08:46:55.981+0000] {logging_mixin.py:120} INFO - [2023-12-31T08:46:55.981+0000] {dag.py:3340} INFO - Setting next_dagrun for upload_data_to_s3 to None, run_after=None
[2023-12-31T08:46:55.998+0000] {processor.py:176} INFO - Processing /opt/airflow/dags/upload_data_to_s3.py took 0.133 seconds
[2023-12-31T08:47:26.478+0000] {processor.py:154} INFO - Started process (PID=1746) to work on /opt/airflow/dags/upload_data_to_s3.py
[2023-12-31T08:47:26.478+0000] {processor.py:756} INFO - Processing file /opt/airflow/dags/upload_data_to_s3.py for tasks to queue
[2023-12-31T08:47:26.479+0000] {logging_mixin.py:120} INFO - [2023-12-31T08:47:26.479+0000] {dagbag.py:537} INFO - Filling up the DagBag from /opt/airflow/dags/upload_data_to_s3.py
[2023-12-31T08:47:26.561+0000] {processor.py:766} INFO - DAG(s) dict_keys(['upload_data_to_s3']) retrieved from /opt/airflow/dags/upload_data_to_s3.py
[2023-12-31T08:47:26.579+0000] {logging_mixin.py:120} INFO - [2023-12-31T08:47:26.579+0000] {dag.py:2585} INFO - Sync 1 DAGs
[2023-12-31T08:47:26.597+0000] {logging_mixin.py:120} INFO - [2023-12-31T08:47:26.597+0000] {dag.py:3340} INFO - Setting next_dagrun for upload_data_to_s3 to None, run_after=None
[2023-12-31T08:47:26.622+0000] {processor.py:176} INFO - Processing /opt/airflow/dags/upload_data_to_s3.py took 0.147 seconds
[2023-12-31T08:47:57.138+0000] {processor.py:154} INFO - Started process (PID=1777) to work on /opt/airflow/dags/upload_data_to_s3.py
[2023-12-31T08:47:57.139+0000] {processor.py:756} INFO - Processing file /opt/airflow/dags/upload_data_to_s3.py for tasks to queue
[2023-12-31T08:47:57.139+0000] {logging_mixin.py:120} INFO - [2023-12-31T08:47:57.139+0000] {dagbag.py:537} INFO - Filling up the DagBag from /opt/airflow/dags/upload_data_to_s3.py
[2023-12-31T08:47:57.223+0000] {processor.py:766} INFO - DAG(s) dict_keys(['upload_data_to_s3']) retrieved from /opt/airflow/dags/upload_data_to_s3.py
[2023-12-31T08:47:57.245+0000] {logging_mixin.py:120} INFO - [2023-12-31T08:47:57.245+0000] {dag.py:2585} INFO - Sync 1 DAGs
[2023-12-31T08:47:57.264+0000] {logging_mixin.py:120} INFO - [2023-12-31T08:47:57.264+0000] {dag.py:3340} INFO - Setting next_dagrun for upload_data_to_s3 to None, run_after=None
[2023-12-31T08:47:57.280+0000] {processor.py:176} INFO - Processing /opt/airflow/dags/upload_data_to_s3.py took 0.145 seconds
[2023-12-31T08:48:27.768+0000] {processor.py:154} INFO - Started process (PID=1809) to work on /opt/airflow/dags/upload_data_to_s3.py
[2023-12-31T08:48:27.769+0000] {processor.py:756} INFO - Processing file /opt/airflow/dags/upload_data_to_s3.py for tasks to queue
[2023-12-31T08:48:27.769+0000] {logging_mixin.py:120} INFO - [2023-12-31T08:48:27.769+0000] {dagbag.py:537} INFO - Filling up the DagBag from /opt/airflow/dags/upload_data_to_s3.py
[2023-12-31T08:48:27.849+0000] {processor.py:766} INFO - DAG(s) dict_keys(['upload_data_to_s3']) retrieved from /opt/airflow/dags/upload_data_to_s3.py
[2023-12-31T08:48:27.866+0000] {logging_mixin.py:120} INFO - [2023-12-31T08:48:27.866+0000] {dag.py:2585} INFO - Sync 1 DAGs
[2023-12-31T08:48:27.882+0000] {logging_mixin.py:120} INFO - [2023-12-31T08:48:27.882+0000] {dag.py:3340} INFO - Setting next_dagrun for upload_data_to_s3 to None, run_after=None
[2023-12-31T08:48:27.897+0000] {processor.py:176} INFO - Processing /opt/airflow/dags/upload_data_to_s3.py took 0.131 seconds
[2023-12-31T08:48:58.401+0000] {processor.py:154} INFO - Started process (PID=1841) to work on /opt/airflow/dags/upload_data_to_s3.py
[2023-12-31T08:48:58.402+0000] {processor.py:756} INFO - Processing file /opt/airflow/dags/upload_data_to_s3.py for tasks to queue
[2023-12-31T08:48:58.403+0000] {logging_mixin.py:120} INFO - [2023-12-31T08:48:58.403+0000] {dagbag.py:537} INFO - Filling up the DagBag from /opt/airflow/dags/upload_data_to_s3.py
[2023-12-31T08:48:58.518+0000] {processor.py:766} INFO - DAG(s) dict_keys(['upload_data_to_s3']) retrieved from /opt/airflow/dags/upload_data_to_s3.py
[2023-12-31T08:48:58.544+0000] {logging_mixin.py:120} INFO - [2023-12-31T08:48:58.543+0000] {dag.py:2585} INFO - Sync 1 DAGs
[2023-12-31T08:48:58.565+0000] {logging_mixin.py:120} INFO - [2023-12-31T08:48:58.565+0000] {dag.py:3340} INFO - Setting next_dagrun for upload_data_to_s3 to None, run_after=None
[2023-12-31T08:48:58.582+0000] {processor.py:176} INFO - Processing /opt/airflow/dags/upload_data_to_s3.py took 0.186 seconds
[2023-12-31T08:49:29.076+0000] {processor.py:154} INFO - Started process (PID=1864) to work on /opt/airflow/dags/upload_data_to_s3.py
[2023-12-31T08:49:29.077+0000] {processor.py:756} INFO - Processing file /opt/airflow/dags/upload_data_to_s3.py for tasks to queue
[2023-12-31T08:49:29.077+0000] {logging_mixin.py:120} INFO - [2023-12-31T08:49:29.077+0000] {dagbag.py:537} INFO - Filling up the DagBag from /opt/airflow/dags/upload_data_to_s3.py
[2023-12-31T08:49:29.157+0000] {processor.py:766} INFO - DAG(s) dict_keys(['upload_data_to_s3']) retrieved from /opt/airflow/dags/upload_data_to_s3.py
[2023-12-31T08:49:29.173+0000] {logging_mixin.py:120} INFO - [2023-12-31T08:49:29.173+0000] {dag.py:2585} INFO - Sync 1 DAGs
[2023-12-31T08:49:29.191+0000] {logging_mixin.py:120} INFO - [2023-12-31T08:49:29.191+0000] {dag.py:3340} INFO - Setting next_dagrun for upload_data_to_s3 to None, run_after=None
[2023-12-31T08:49:29.306+0000] {processor.py:176} INFO - Processing /opt/airflow/dags/upload_data_to_s3.py took 0.232 seconds
[2023-12-31T08:49:59.816+0000] {processor.py:154} INFO - Started process (PID=1897) to work on /opt/airflow/dags/upload_data_to_s3.py
[2023-12-31T08:49:59.816+0000] {processor.py:756} INFO - Processing file /opt/airflow/dags/upload_data_to_s3.py for tasks to queue
[2023-12-31T08:49:59.817+0000] {logging_mixin.py:120} INFO - [2023-12-31T08:49:59.817+0000] {dagbag.py:537} INFO - Filling up the DagBag from /opt/airflow/dags/upload_data_to_s3.py
[2023-12-31T08:49:59.898+0000] {processor.py:766} INFO - DAG(s) dict_keys(['upload_data_to_s3']) retrieved from /opt/airflow/dags/upload_data_to_s3.py
[2023-12-31T08:49:59.916+0000] {logging_mixin.py:120} INFO - [2023-12-31T08:49:59.916+0000] {dag.py:2585} INFO - Sync 1 DAGs
[2023-12-31T08:49:59.938+0000] {logging_mixin.py:120} INFO - [2023-12-31T08:49:59.938+0000] {dag.py:3340} INFO - Setting next_dagrun for upload_data_to_s3 to None, run_after=None
[2023-12-31T08:49:59.951+0000] {processor.py:176} INFO - Processing /opt/airflow/dags/upload_data_to_s3.py took 0.138 seconds
[2023-12-31T08:50:30.526+0000] {processor.py:154} INFO - Started process (PID=1929) to work on /opt/airflow/dags/upload_data_to_s3.py
[2023-12-31T08:50:30.527+0000] {processor.py:756} INFO - Processing file /opt/airflow/dags/upload_data_to_s3.py for tasks to queue
[2023-12-31T08:50:30.527+0000] {logging_mixin.py:120} INFO - [2023-12-31T08:50:30.527+0000] {dagbag.py:537} INFO - Filling up the DagBag from /opt/airflow/dags/upload_data_to_s3.py
[2023-12-31T08:50:30.612+0000] {processor.py:766} INFO - DAG(s) dict_keys(['upload_data_to_s3']) retrieved from /opt/airflow/dags/upload_data_to_s3.py
[2023-12-31T08:50:30.632+0000] {logging_mixin.py:120} INFO - [2023-12-31T08:50:30.632+0000] {dag.py:2585} INFO - Sync 1 DAGs
[2023-12-31T08:50:30.650+0000] {logging_mixin.py:120} INFO - [2023-12-31T08:50:30.650+0000] {dag.py:3340} INFO - Setting next_dagrun for upload_data_to_s3 to None, run_after=None
[2023-12-31T08:50:30.666+0000] {processor.py:176} INFO - Processing /opt/airflow/dags/upload_data_to_s3.py took 0.143 seconds
[2023-12-31T08:51:01.144+0000] {processor.py:154} INFO - Started process (PID=1962) to work on /opt/airflow/dags/upload_data_to_s3.py
[2023-12-31T08:51:01.144+0000] {processor.py:756} INFO - Processing file /opt/airflow/dags/upload_data_to_s3.py for tasks to queue
[2023-12-31T08:51:01.145+0000] {logging_mixin.py:120} INFO - [2023-12-31T08:51:01.145+0000] {dagbag.py:537} INFO - Filling up the DagBag from /opt/airflow/dags/upload_data_to_s3.py
[2023-12-31T08:51:01.226+0000] {processor.py:766} INFO - DAG(s) dict_keys(['upload_data_to_s3']) retrieved from /opt/airflow/dags/upload_data_to_s3.py
[2023-12-31T08:51:01.244+0000] {logging_mixin.py:120} INFO - [2023-12-31T08:51:01.244+0000] {dag.py:2585} INFO - Sync 1 DAGs
[2023-12-31T08:51:01.260+0000] {logging_mixin.py:120} INFO - [2023-12-31T08:51:01.260+0000] {dag.py:3340} INFO - Setting next_dagrun for upload_data_to_s3 to None, run_after=None
[2023-12-31T08:51:01.276+0000] {processor.py:176} INFO - Processing /opt/airflow/dags/upload_data_to_s3.py took 0.135 seconds
[2023-12-31T08:51:31.761+0000] {processor.py:154} INFO - Started process (PID=1995) to work on /opt/airflow/dags/upload_data_to_s3.py
[2023-12-31T08:51:31.762+0000] {processor.py:756} INFO - Processing file /opt/airflow/dags/upload_data_to_s3.py for tasks to queue
[2023-12-31T08:51:31.763+0000] {logging_mixin.py:120} INFO - [2023-12-31T08:51:31.763+0000] {dagbag.py:537} INFO - Filling up the DagBag from /opt/airflow/dags/upload_data_to_s3.py
[2023-12-31T08:51:31.852+0000] {processor.py:766} INFO - DAG(s) dict_keys(['upload_data_to_s3']) retrieved from /opt/airflow/dags/upload_data_to_s3.py
[2023-12-31T08:51:31.870+0000] {logging_mixin.py:120} INFO - [2023-12-31T08:51:31.870+0000] {dag.py:2585} INFO - Sync 1 DAGs
[2023-12-31T08:51:31.888+0000] {logging_mixin.py:120} INFO - [2023-12-31T08:51:31.888+0000] {dag.py:3340} INFO - Setting next_dagrun for upload_data_to_s3 to None, run_after=None
[2023-12-31T08:51:31.905+0000] {processor.py:176} INFO - Processing /opt/airflow/dags/upload_data_to_s3.py took 0.146 seconds
[2023-12-31T08:52:02.413+0000] {processor.py:154} INFO - Started process (PID=2027) to work on /opt/airflow/dags/upload_data_to_s3.py
[2023-12-31T08:52:02.413+0000] {processor.py:756} INFO - Processing file /opt/airflow/dags/upload_data_to_s3.py for tasks to queue
[2023-12-31T08:52:02.414+0000] {logging_mixin.py:120} INFO - [2023-12-31T08:52:02.414+0000] {dagbag.py:537} INFO - Filling up the DagBag from /opt/airflow/dags/upload_data_to_s3.py
[2023-12-31T08:52:02.516+0000] {processor.py:766} INFO - DAG(s) dict_keys(['upload_data_to_s3']) retrieved from /opt/airflow/dags/upload_data_to_s3.py
[2023-12-31T08:52:02.538+0000] {logging_mixin.py:120} INFO - [2023-12-31T08:52:02.538+0000] {dag.py:2585} INFO - Sync 1 DAGs
[2023-12-31T08:52:02.556+0000] {logging_mixin.py:120} INFO - [2023-12-31T08:52:02.556+0000] {dag.py:3340} INFO - Setting next_dagrun for upload_data_to_s3 to None, run_after=None
[2023-12-31T08:52:02.570+0000] {processor.py:176} INFO - Processing /opt/airflow/dags/upload_data_to_s3.py took 0.160 seconds
[2023-12-31T08:52:33.083+0000] {processor.py:154} INFO - Started process (PID=2050) to work on /opt/airflow/dags/upload_data_to_s3.py
[2023-12-31T08:52:33.084+0000] {processor.py:756} INFO - Processing file /opt/airflow/dags/upload_data_to_s3.py for tasks to queue
[2023-12-31T08:52:33.085+0000] {logging_mixin.py:120} INFO - [2023-12-31T08:52:33.085+0000] {dagbag.py:537} INFO - Filling up the DagBag from /opt/airflow/dags/upload_data_to_s3.py
[2023-12-31T08:52:33.167+0000] {processor.py:766} INFO - DAG(s) dict_keys(['upload_data_to_s3']) retrieved from /opt/airflow/dags/upload_data_to_s3.py
[2023-12-31T08:52:33.186+0000] {logging_mixin.py:120} INFO - [2023-12-31T08:52:33.185+0000] {dag.py:2585} INFO - Sync 1 DAGs
[2023-12-31T08:52:33.203+0000] {logging_mixin.py:120} INFO - [2023-12-31T08:52:33.203+0000] {dag.py:3340} INFO - Setting next_dagrun for upload_data_to_s3 to None, run_after=None
[2023-12-31T08:52:33.317+0000] {processor.py:176} INFO - Processing /opt/airflow/dags/upload_data_to_s3.py took 0.236 seconds
[2023-12-31T08:53:03.800+0000] {processor.py:154} INFO - Started process (PID=2080) to work on /opt/airflow/dags/upload_data_to_s3.py
[2023-12-31T08:53:03.801+0000] {processor.py:756} INFO - Processing file /opt/airflow/dags/upload_data_to_s3.py for tasks to queue
[2023-12-31T08:53:03.801+0000] {logging_mixin.py:120} INFO - [2023-12-31T08:53:03.801+0000] {dagbag.py:537} INFO - Filling up the DagBag from /opt/airflow/dags/upload_data_to_s3.py
[2023-12-31T08:53:03.885+0000] {processor.py:766} INFO - DAG(s) dict_keys(['upload_data_to_s3']) retrieved from /opt/airflow/dags/upload_data_to_s3.py
[2023-12-31T08:53:03.902+0000] {logging_mixin.py:120} INFO - [2023-12-31T08:53:03.902+0000] {dag.py:2585} INFO - Sync 1 DAGs
[2023-12-31T08:53:03.920+0000] {logging_mixin.py:120} INFO - [2023-12-31T08:53:03.920+0000] {dag.py:3340} INFO - Setting next_dagrun for upload_data_to_s3 to None, run_after=None
[2023-12-31T08:53:03.934+0000] {processor.py:176} INFO - Processing /opt/airflow/dags/upload_data_to_s3.py took 0.136 seconds
[2023-12-31T08:53:34.451+0000] {processor.py:154} INFO - Started process (PID=2112) to work on /opt/airflow/dags/upload_data_to_s3.py
[2023-12-31T08:53:34.452+0000] {processor.py:756} INFO - Processing file /opt/airflow/dags/upload_data_to_s3.py for tasks to queue
[2023-12-31T08:53:34.453+0000] {logging_mixin.py:120} INFO - [2023-12-31T08:53:34.453+0000] {dagbag.py:537} INFO - Filling up the DagBag from /opt/airflow/dags/upload_data_to_s3.py
[2023-12-31T08:53:34.541+0000] {processor.py:766} INFO - DAG(s) dict_keys(['upload_data_to_s3']) retrieved from /opt/airflow/dags/upload_data_to_s3.py
[2023-12-31T08:53:34.561+0000] {logging_mixin.py:120} INFO - [2023-12-31T08:53:34.561+0000] {dag.py:2585} INFO - Sync 1 DAGs
[2023-12-31T08:53:34.580+0000] {logging_mixin.py:120} INFO - [2023-12-31T08:53:34.580+0000] {dag.py:3340} INFO - Setting next_dagrun for upload_data_to_s3 to None, run_after=None
[2023-12-31T08:53:34.596+0000] {processor.py:176} INFO - Processing /opt/airflow/dags/upload_data_to_s3.py took 0.147 seconds
[2023-12-31T08:54:05.146+0000] {processor.py:154} INFO - Started process (PID=2144) to work on /opt/airflow/dags/upload_data_to_s3.py
[2023-12-31T08:54:05.150+0000] {processor.py:756} INFO - Processing file /opt/airflow/dags/upload_data_to_s3.py for tasks to queue
[2023-12-31T08:54:05.151+0000] {logging_mixin.py:120} INFO - [2023-12-31T08:54:05.151+0000] {dagbag.py:537} INFO - Filling up the DagBag from /opt/airflow/dags/upload_data_to_s3.py
[2023-12-31T08:54:05.234+0000] {processor.py:766} INFO - DAG(s) dict_keys(['upload_data_to_s3']) retrieved from /opt/airflow/dags/upload_data_to_s3.py
[2023-12-31T08:54:05.252+0000] {logging_mixin.py:120} INFO - [2023-12-31T08:54:05.252+0000] {dag.py:2585} INFO - Sync 1 DAGs
[2023-12-31T08:54:05.271+0000] {logging_mixin.py:120} INFO - [2023-12-31T08:54:05.271+0000] {dag.py:3340} INFO - Setting next_dagrun for upload_data_to_s3 to None, run_after=None
[2023-12-31T08:54:05.296+0000] {processor.py:176} INFO - Processing /opt/airflow/dags/upload_data_to_s3.py took 0.152 seconds
[2023-12-31T08:54:35.911+0000] {processor.py:154} INFO - Started process (PID=2174) to work on /opt/airflow/dags/upload_data_to_s3.py
[2023-12-31T08:54:35.913+0000] {processor.py:756} INFO - Processing file /opt/airflow/dags/upload_data_to_s3.py for tasks to queue
[2023-12-31T08:54:35.913+0000] {logging_mixin.py:120} INFO - [2023-12-31T08:54:35.913+0000] {dagbag.py:537} INFO - Filling up the DagBag from /opt/airflow/dags/upload_data_to_s3.py
[2023-12-31T08:54:36.012+0000] {processor.py:766} INFO - DAG(s) dict_keys(['upload_data_to_s3']) retrieved from /opt/airflow/dags/upload_data_to_s3.py
[2023-12-31T08:54:36.032+0000] {logging_mixin.py:120} INFO - [2023-12-31T08:54:36.031+0000] {dag.py:2585} INFO - Sync 1 DAGs
[2023-12-31T08:54:36.053+0000] {logging_mixin.py:120} INFO - [2023-12-31T08:54:36.053+0000] {dag.py:3340} INFO - Setting next_dagrun for upload_data_to_s3 to None, run_after=None
[2023-12-31T08:54:36.069+0000] {processor.py:176} INFO - Processing /opt/airflow/dags/upload_data_to_s3.py took 0.163 seconds
[2023-12-31T08:55:06.578+0000] {processor.py:154} INFO - Started process (PID=2199) to work on /opt/airflow/dags/upload_data_to_s3.py
[2023-12-31T08:55:06.579+0000] {processor.py:756} INFO - Processing file /opt/airflow/dags/upload_data_to_s3.py for tasks to queue
[2023-12-31T08:55:06.579+0000] {logging_mixin.py:120} INFO - [2023-12-31T08:55:06.579+0000] {dagbag.py:537} INFO - Filling up the DagBag from /opt/airflow/dags/upload_data_to_s3.py
[2023-12-31T08:55:06.662+0000] {processor.py:766} INFO - DAG(s) dict_keys(['upload_data_to_s3']) retrieved from /opt/airflow/dags/upload_data_to_s3.py
[2023-12-31T08:55:06.680+0000] {logging_mixin.py:120} INFO - [2023-12-31T08:55:06.680+0000] {dag.py:2585} INFO - Sync 1 DAGs
[2023-12-31T08:55:06.697+0000] {logging_mixin.py:120} INFO - [2023-12-31T08:55:06.697+0000] {dag.py:3340} INFO - Setting next_dagrun for upload_data_to_s3 to None, run_after=None
[2023-12-31T08:55:06.817+0000] {processor.py:176} INFO - Processing /opt/airflow/dags/upload_data_to_s3.py took 0.241 seconds
[2023-12-31T08:55:37.334+0000] {processor.py:154} INFO - Started process (PID=2231) to work on /opt/airflow/dags/upload_data_to_s3.py
[2023-12-31T08:55:37.335+0000] {processor.py:756} INFO - Processing file /opt/airflow/dags/upload_data_to_s3.py for tasks to queue
[2023-12-31T08:55:37.336+0000] {logging_mixin.py:120} INFO - [2023-12-31T08:55:37.336+0000] {dagbag.py:537} INFO - Filling up the DagBag from /opt/airflow/dags/upload_data_to_s3.py
[2023-12-31T08:55:37.441+0000] {processor.py:766} INFO - DAG(s) dict_keys(['upload_data_to_s3']) retrieved from /opt/airflow/dags/upload_data_to_s3.py
[2023-12-31T08:55:37.458+0000] {logging_mixin.py:120} INFO - [2023-12-31T08:55:37.458+0000] {dag.py:2585} INFO - Sync 1 DAGs
[2023-12-31T08:55:37.582+0000] {logging_mixin.py:120} INFO - [2023-12-31T08:55:37.581+0000] {dag.py:3340} INFO - Setting next_dagrun for upload_data_to_s3 to None, run_after=None
[2023-12-31T08:55:37.601+0000] {processor.py:176} INFO - Processing /opt/airflow/dags/upload_data_to_s3.py took 0.270 seconds
[2023-12-31T08:56:07.911+0000] {processor.py:154} INFO - Started process (PID=2263) to work on /opt/airflow/dags/upload_data_to_s3.py
[2023-12-31T08:56:07.911+0000] {processor.py:756} INFO - Processing file /opt/airflow/dags/upload_data_to_s3.py for tasks to queue
[2023-12-31T08:56:07.912+0000] {logging_mixin.py:120} INFO - [2023-12-31T08:56:07.912+0000] {dagbag.py:537} INFO - Filling up the DagBag from /opt/airflow/dags/upload_data_to_s3.py
[2023-12-31T08:56:07.993+0000] {processor.py:766} INFO - DAG(s) dict_keys(['upload_data_to_s3']) retrieved from /opt/airflow/dags/upload_data_to_s3.py
[2023-12-31T08:56:08.010+0000] {logging_mixin.py:120} INFO - [2023-12-31T08:56:08.010+0000] {dag.py:2585} INFO - Sync 1 DAGs
[2023-12-31T08:56:08.029+0000] {logging_mixin.py:120} INFO - [2023-12-31T08:56:08.029+0000] {dag.py:3340} INFO - Setting next_dagrun for upload_data_to_s3 to None, run_after=None
[2023-12-31T08:56:08.043+0000] {processor.py:176} INFO - Processing /opt/airflow/dags/upload_data_to_s3.py took 0.134 seconds
