[2023-12-30T15:23:43.612+0000] {taskinstance.py:1165} INFO - Dependencies all met for <TaskInstance: run_dbt_model_cosmos.dbt_dwh_project.customer_information.customer_information_run scheduled__2022-09-12T00:00:00+00:00 [queued]>
[2023-12-30T15:23:43.621+0000] {taskinstance.py:1165} INFO - Dependencies all met for <TaskInstance: run_dbt_model_cosmos.dbt_dwh_project.customer_information.customer_information_run scheduled__2022-09-12T00:00:00+00:00 [queued]>
[2023-12-30T15:23:43.621+0000] {taskinstance.py:1362} INFO - 
--------------------------------------------------------------------------------
[2023-12-30T15:23:43.621+0000] {taskinstance.py:1363} INFO - Starting attempt 1 of 6
[2023-12-30T15:23:43.621+0000] {taskinstance.py:1364} INFO - 
--------------------------------------------------------------------------------
[2023-12-30T15:23:43.635+0000] {taskinstance.py:1383} INFO - Executing <Task(DbtRunLocalOperator): dbt_dwh_project.customer_information.customer_information_run> on 2022-09-12 00:00:00+00:00
[2023-12-30T15:23:43.640+0000] {standard_task_runner.py:55} INFO - Started process 20782 to run task
[2023-12-30T15:23:43.643+0000] {standard_task_runner.py:82} INFO - Running: ['***', 'tasks', 'run', 'run_dbt_model_cosmos', 'dbt_dwh_project.customer_information.customer_information_run', 'scheduled__2022-09-12T00:00:00+00:00', '--job-id', '220', '--raw', '--subdir', 'DAGS_FOLDER/run_dbt_models_cosmos.py', '--cfg-path', '/tmp/tmpst64g704']
[2023-12-30T15:23:43.644+0000] {standard_task_runner.py:83} INFO - Job 220: Subtask dbt_dwh_project.customer_information.customer_information_run
[2023-12-30T15:23:43.703+0000] {task_command.py:376} INFO - Running <TaskInstance: run_dbt_model_cosmos.dbt_dwh_project.customer_information.customer_information_run scheduled__2022-09-12T00:00:00+00:00 [running]> on host 683423f116e7
[2023-12-30T15:23:43.775+0000] {taskinstance.py:1592} INFO - Exporting the following env vars:
AIRFLOW_CTX_DAG_OWNER=alonso_md
AIRFLOW_CTX_DAG_ID=run_dbt_model_cosmos
AIRFLOW_CTX_TASK_ID=dbt_dwh_project.customer_information.customer_information_run
AIRFLOW_CTX_EXECUTION_DATE=2022-09-12T00:00:00+00:00
AIRFLOW_CTX_TRY_NUMBER=1
AIRFLOW_CTX_DAG_RUN_ID=scheduled__2022-09-12T00:00:00+00:00
[2023-12-30T15:23:43.782+0000] {base.py:71} INFO - Using connection ID 'postgres_default' for task execution.
[2023-12-30T15:23:43.783+0000] {local.py:136} INFO - Cloning project to writable temp directory /tmp/tmpy38gvevv from //opt/airflow/dags/../dbt/dwh
[2023-12-30T15:23:43.825+0000] {local.py:157} INFO - Trying to run the command:
 ['dbt', 'run', '--vars', '{"target_date": "2022-09-12"}', '--models', 'customer_information', '--profile', 'postgres_profile']
From /tmp/tmpy38gvevv/dbt_project
[2023-12-30T15:23:43.825+0000] {adapted_subprocesshook.py:53} INFO - Tmp dir root location: 
 /tmp
[2023-12-30T15:23:43.825+0000] {adapted_subprocesshook.py:66} INFO - Running command: ['dbt', 'run', '--vars', '{"target_date": "2022-09-12"}', '--models', 'customer_information', '--profile', 'postgres_profile']
[2023-12-30T15:23:43.837+0000] {adapted_subprocesshook.py:77} INFO - Output:
[2023-12-30T15:23:45.812+0000] {adapted_subprocesshook.py:87} INFO - [0m15:23:45  Running with dbt=1.4.6
[2023-12-30T15:23:45.882+0000] {adapted_subprocesshook.py:87} INFO - [0m15:23:45  Unable to do partial parsing because config vars, config profile, or config target have changed
[2023-12-30T15:23:45.883+0000] {adapted_subprocesshook.py:87} INFO - [0m15:23:45  Unable to do partial parsing because profile has changed
[2023-12-30T15:23:45.883+0000] {adapted_subprocesshook.py:87} INFO - [0m15:23:45  Unable to do partial parsing because env vars used in profiles.yml have changed
[2023-12-30T15:23:47.650+0000] {adapted_subprocesshook.py:87} INFO - [0m15:23:47  Found 8 models, 15 tests, 0 snapshots, 0 analyses, 703 macros, 0 operations, 0 seed files, 3 sources, 0 exposures, 0 metrics
[2023-12-30T15:23:47.651+0000] {adapted_subprocesshook.py:87} INFO - [0m15:23:47
[2023-12-30T15:23:47.783+0000] {adapted_subprocesshook.py:87} INFO - [0m15:23:47  Concurrency: 1 threads (target='dev')
[2023-12-30T15:23:47.783+0000] {adapted_subprocesshook.py:87} INFO - [0m15:23:47
[2023-12-30T15:23:47.789+0000] {adapted_subprocesshook.py:87} INFO - [0m15:23:47  1 of 1 START sql incremental model silver.customer_information ................. [RUN]
[2023-12-30T15:23:47.983+0000] {adapted_subprocesshook.py:87} INFO - [0m15:23:47  1 of 1 OK created sql incremental model silver.customer_information ............ [[32mINSERT 0 1008[0m in 0.19s]
[2023-12-30T15:23:47.998+0000] {adapted_subprocesshook.py:87} INFO - [0m15:23:47
[2023-12-30T15:23:47.998+0000] {adapted_subprocesshook.py:87} INFO - [0m15:23:47  Finished running 1 incremental model in 0 hours 0 minutes and 0.35 seconds (0.35s).
[2023-12-30T15:23:48.010+0000] {adapted_subprocesshook.py:87} INFO - [0m15:23:48
[2023-12-30T15:23:48.010+0000] {adapted_subprocesshook.py:87} INFO - [0m15:23:48  [32mCompleted successfully[0m
[2023-12-30T15:23:48.011+0000] {adapted_subprocesshook.py:87} INFO - [0m15:23:48
[2023-12-30T15:23:48.011+0000] {adapted_subprocesshook.py:87} INFO - [0m15:23:48  Done. PASS=1 WARN=0 ERROR=0 SKIP=0 TOTAL=1
[2023-12-30T15:23:49.031+0000] {adapted_subprocesshook.py:91} INFO - Command exited with return code 0
[2023-12-30T15:23:49.090+0000] {taskinstance.py:1406} INFO - Marking task as SUCCESS. dag_id=run_dbt_model_cosmos, task_id=dbt_***_project.customer_information.customer_information_run, execution_date=20220912T000000, start_date=20231230T152343, end_date=20231230T152349
[2023-12-30T15:23:49.112+0000] {local_task_job.py:164} INFO - Task exited with return code 0
[2023-12-30T15:23:49.156+0000] {local_task_job.py:273} INFO - 1 downstream tasks scheduled from follow-on schedule check
