[2023-12-30T15:23:55.843+0000] {taskinstance.py:1165} INFO - Dependencies all met for <TaskInstance: run_dbt_model_cosmos.dbt_dwh_project.loan_transactions_w_drivers.loan_transactions_w_drivers_run scheduled__2022-09-12T00:00:00+00:00 [queued]>
[2023-12-30T15:23:55.855+0000] {taskinstance.py:1165} INFO - Dependencies all met for <TaskInstance: run_dbt_model_cosmos.dbt_dwh_project.loan_transactions_w_drivers.loan_transactions_w_drivers_run scheduled__2022-09-12T00:00:00+00:00 [queued]>
[2023-12-30T15:23:55.855+0000] {taskinstance.py:1362} INFO - 
--------------------------------------------------------------------------------
[2023-12-30T15:23:55.855+0000] {taskinstance.py:1363} INFO - Starting attempt 1 of 6
[2023-12-30T15:23:55.855+0000] {taskinstance.py:1364} INFO - 
--------------------------------------------------------------------------------
[2023-12-30T15:23:55.868+0000] {taskinstance.py:1383} INFO - Executing <Task(DbtRunLocalOperator): dbt_dwh_project.loan_transactions_w_drivers.loan_transactions_w_drivers_run> on 2022-09-12 00:00:00+00:00
[2023-12-30T15:23:55.874+0000] {standard_task_runner.py:55} INFO - Started process 20976 to run task
[2023-12-30T15:23:55.877+0000] {standard_task_runner.py:82} INFO - Running: ['***', 'tasks', 'run', 'run_dbt_model_cosmos', 'dbt_dwh_project.loan_transactions_w_drivers.loan_transactions_w_drivers_run', 'scheduled__2022-09-12T00:00:00+00:00', '--job-id', '226', '--raw', '--subdir', 'DAGS_FOLDER/run_dbt_models_cosmos.py', '--cfg-path', '/tmp/tmpxy7oljhq']
[2023-12-30T15:23:55.878+0000] {standard_task_runner.py:83} INFO - Job 226: Subtask dbt_dwh_project.loan_transactions_w_drivers.loan_transactions_w_drivers_run
[2023-12-30T15:23:55.935+0000] {task_command.py:376} INFO - Running <TaskInstance: run_dbt_model_cosmos.dbt_dwh_project.loan_transactions_w_drivers.loan_transactions_w_drivers_run scheduled__2022-09-12T00:00:00+00:00 [running]> on host 683423f116e7
[2023-12-30T15:23:55.994+0000] {taskinstance.py:1592} INFO - Exporting the following env vars:
AIRFLOW_CTX_DAG_OWNER=alonso_md
AIRFLOW_CTX_DAG_ID=run_dbt_model_cosmos
AIRFLOW_CTX_TASK_ID=dbt_dwh_project.loan_transactions_w_drivers.loan_transactions_w_drivers_run
AIRFLOW_CTX_EXECUTION_DATE=2022-09-12T00:00:00+00:00
AIRFLOW_CTX_TRY_NUMBER=1
AIRFLOW_CTX_DAG_RUN_ID=scheduled__2022-09-12T00:00:00+00:00
[2023-12-30T15:23:56.001+0000] {base.py:71} INFO - Using connection ID 'postgres_default' for task execution.
[2023-12-30T15:23:56.001+0000] {local.py:136} INFO - Cloning project to writable temp directory /tmp/tmp1etppvda from //opt/airflow/dags/../dbt/dwh
[2023-12-30T15:23:56.050+0000] {local.py:157} INFO - Trying to run the command:
 ['dbt', 'run', '--vars', '{"target_date": "2022-09-12"}', '--models', 'loan_transactions_w_drivers', '--profile', 'postgres_profile']
From /tmp/tmp1etppvda/dbt_project
[2023-12-30T15:23:56.050+0000] {adapted_subprocesshook.py:53} INFO - Tmp dir root location: 
 /tmp
[2023-12-30T15:23:56.050+0000] {adapted_subprocesshook.py:66} INFO - Running command: ['dbt', 'run', '--vars', '{"target_date": "2022-09-12"}', '--models', 'loan_transactions_w_drivers', '--profile', 'postgres_profile']
[2023-12-30T15:23:56.060+0000] {adapted_subprocesshook.py:77} INFO - Output:
[2023-12-30T15:23:57.924+0000] {adapted_subprocesshook.py:87} INFO - [0m15:23:57  Running with dbt=1.4.6
[2023-12-30T15:23:57.980+0000] {adapted_subprocesshook.py:87} INFO - [0m15:23:57  Unable to do partial parsing because config vars, config profile, or config target have changed
[2023-12-30T15:23:57.981+0000] {adapted_subprocesshook.py:87} INFO - [0m15:23:57  Unable to do partial parsing because profile has changed
[2023-12-30T15:23:57.981+0000] {adapted_subprocesshook.py:87} INFO - [0m15:23:57  Unable to do partial parsing because env vars used in profiles.yml have changed
[2023-12-30T15:23:59.580+0000] {adapted_subprocesshook.py:87} INFO - [0m15:23:59  Found 8 models, 15 tests, 0 snapshots, 0 analyses, 703 macros, 0 operations, 0 seed files, 3 sources, 0 exposures, 0 metrics
[2023-12-30T15:23:59.582+0000] {adapted_subprocesshook.py:87} INFO - [0m15:23:59
[2023-12-30T15:23:59.704+0000] {adapted_subprocesshook.py:87} INFO - [0m15:23:59  Concurrency: 1 threads (target='dev')
[2023-12-30T15:23:59.705+0000] {adapted_subprocesshook.py:87} INFO - [0m15:23:59
[2023-12-30T15:23:59.713+0000] {adapted_subprocesshook.py:87} INFO - [0m15:23:59  1 of 1 START sql incremental model gold.loan_transactions_w_drivers ............ [RUN]
[2023-12-30T15:23:59.922+0000] {adapted_subprocesshook.py:87} INFO - [0m15:23:59  1 of 1 OK created sql incremental model gold.loan_transactions_w_drivers ....... [[32mINSERT 0 9444[0m in 0.21s]
[2023-12-30T15:24:00.025+0000] {adapted_subprocesshook.py:87} INFO - [0m15:24:00
[2023-12-30T15:24:00.025+0000] {adapted_subprocesshook.py:87} INFO - [0m15:24:00  Finished running 1 incremental model in 0 hours 0 minutes and 0.44 seconds (0.44s).
[2023-12-30T15:24:00.036+0000] {adapted_subprocesshook.py:87} INFO - [0m15:24:00
[2023-12-30T15:24:00.037+0000] {adapted_subprocesshook.py:87} INFO - [0m15:24:00  [32mCompleted successfully[0m
[2023-12-30T15:24:00.037+0000] {adapted_subprocesshook.py:87} INFO - [0m15:24:00
[2023-12-30T15:24:00.037+0000] {adapted_subprocesshook.py:87} INFO - [0m15:24:00  Done. PASS=1 WARN=0 ERROR=0 SKIP=0 TOTAL=1
[2023-12-30T15:24:00.796+0000] {adapted_subprocesshook.py:91} INFO - Command exited with return code 0
[2023-12-30T15:24:00.838+0000] {taskinstance.py:1406} INFO - Marking task as SUCCESS. dag_id=run_dbt_model_cosmos, task_id=dbt_***_project.loan_transactions_w_drivers.loan_transactions_w_drivers_run, execution_date=20220912T000000, start_date=20231230T152355, end_date=20231230T152400
[2023-12-30T15:24:00.870+0000] {local_task_job.py:164} INFO - Task exited with return code 0
[2023-12-30T15:24:00.917+0000] {local_task_job.py:273} INFO - 1 downstream tasks scheduled from follow-on schedule check
